
> servio-ai-frontend@0.0.0 test
> vitest run --coverage


[1m[7m[36m RUN [39m[27m[22m [36mv2.1.9 [39m[90mC:/Users/JE/servio.ai[39m
      [2mCoverage enabled with [22m[33mv8[39m

 [32m√î¬£√¥[39m tests/week3/ProspectorDashboard.expansion.test.tsx [2m([22m[2m56 tests[22m[2m)[22m[33m 8119[2mms[22m[39m
   [33m[2m√î¬£√¥[22m[39m ProspectorDashboard - Expansion Test Suite[2m > [22mTab Navigation[2m > [22mshould render tab buttons for all sections [33m458[2mms[22m[39m
   [33m[2m√î¬£√¥[22m[39m ProspectorDashboard - Expansion Test Suite[2m > [22mLoading States[2m > [22mshould handle slow API responses [33m620[2mms[22m[39m
 [32m√î¬£√¥[39m tests/week3/ServiceIntegration.gemini.test.tsx [2m([22m[2m25 tests[22m[2m)[22m[90m 14[2mms[22m[39m
 [32m√î¬£√¥[39m tests/week3/ProviderDashboard.expansion.test.tsx [2m([22m[2m68 tests[22m[2m)[22m[33m 482[2mms[22m[39m
 [32m√î¬£√¥[39m tests/services/geminiService.test.ts [2m([22m[2m26 tests[22m[2m)[22m[90m 21[2mms[22m[39m
 [31m√î√ò¬ª[39m tests/components/ResultsModal_AccessPage.comprehensive.test.tsx [2m([22m[2m40 tests[22m[2m | [22m[31m1 failed[39m[2m)[22m[33m 1089[2mms[22m[39m
[31m   [31m‚îú√π[31m ResultsModal - Comprehensive Quality Tests[2m > [22mEdge Cases[2m > [22mshould handle special characters in result names[90m 17[2mms[22m[31m[39m
[31m     √î√•√Ü Found multiple elements with the text: /Result/

Here are the matching elements:

Ignored nodes: comments, script, style
[36m<h2[31m
  [33mclass[31m=[32m"text-2xl font-bold"[31m
[36m>[31m
  [0mSearch Results[0m
[36m</h2>[31m

Ignored nodes: comments, script, style
[36m<h3[31m
  [33mclass[31m=[32m"font-semibold"[31m
[36m>[31m
  [0mResult & Co.[0m
[36m</h3>[31m

Ignored nodes: comments, script, style
[36m<h3[31m
  [33mclass[31m=[32m"font-semibold"[31m
[36m>[31m
  [0mResult "Quoted"[0m
[36m</h3>[31m

Ignored nodes: comments, script, style
[36m<h3[31m
  [33mclass[31m=[32m"font-semibold"[31m
[36m>[31m
  [0mResult's Name[0m
[36m</h3>[31m

(If this is intentional, then use the `*AllBy*` variant of the query (like `queryAllByText`, `getAllByText`, or `findAllByText`)).

Ignored nodes: comments, script, style
[36m<body>[31m
  [36m<div>[31m
    [36m<div[31m
      [33mclass[31m=[32m"fixed inset-0 bg-black bg-opacity-60 flex items-center justify-center"[31m
      [33mdata-testid[31m=[32m"results-modal"[31m
    [36m>[31m
      [36m<div[31m
        [33mclass[31m=[32m"bg-white rounded-lg p-6 max-w-2xl w-full"[31m
        [33mdata-testid[31m=[32m"modal-content"[31m
      [36m>[31m
        [36m<div[31m
          [33mclass[31m=[32m"flex justify-between items-center mb-4"[31m
        [36m>[31m
          [36m<h2[31m
            [33mclass[31m=[32m"text-2xl font-bold"[31m
          [36m>[31m
            [0mSearch Results[0m
          [36m</h2>[31m
          [36m<button[31m
            [33mclass[31m=[32m"text-gray-500 hover:text-gray-700"[31m
            [33mdata-testid[31m=[32m"close-button"[31m
          [36m>[31m
            [0m√î¬£√≤[0m
          [36m</button>[31m
        [36m</div>[31m
        [36m<div[31m
          [33mclass[31m=[32m"space-y-4"[31m
          [33mdata-testid[31m=[32m"results-list"[31m
        [36m>[31m
          [36m<div[31m
            [33mclass[31m=[32m"p-4 border rounded-lg hover:border-blue-600"[31m
            [33mdata-testid[31m=[32m"result-item-0"[31m
          [36m>[31m
            [36m<h3[31m
              [33mclass[31m=[32m"font-semibold"[31m
            [36m>[31m
              [0mResult & Co.[0m
            [36m</h3>[31m
            [36m<p[31m
              [33mclass[31m=[32m"text-sm text-gray-600"[31m
            [36m>[31m
              [0mTest[0m
            [36m</p>[31m
          [36m</div>[31m
          [36m<div[31m
            [33mclass[31m=[32m"p-4 border rounded-lg hover:border-blue-600"[31m
            [33mdata-testid[31m=[32m"result-item-1"[31m
          [36m>[31m
            [36m<h3[31m
              [33mclass[31m=[32m"font-semibold"[31m
            [36m>[31m
              [0mResult "Quoted"[0m
            [36m</h3>[31m
            [36m<p[31m
              [33mclass[31m=[32m"text-sm text-gray-600"[31m
            [36m>[31m
              [0mTest[0m
            [36m</p>[31m
          [36m</div>[31m
          [36m<div[31m
            [33mclass[31m=[32m"p-4 border rounded-lg hover:border-blue-600"[31m
            [33mdata-testid[31m=[32m"result-item-2"[31m
          [36m>[31m
            [36m<h3[31m
              [33mclass[31m=[32m"font-semibold"[31m
            [36m>[31m
              [0mResult's Name[0m
            [36m</h3>[31m
            [36m<p[31m
              [33mclass[31m=[32m"text-sm text-gray-600"[31m
            [36m>[31m
              [0mTest[0m
            [36m</p>[31m
          [36m</div>[31m
        [36m</div>[31m
        [36m<div[31m
          [33mclass[31m=[32m"mt-6 flex gap-2"[31m
        [36m>[31m
          [36m<button[31m
            [33mclass[31m=[32m"flex-1 px-4 py-2 bg-blue-600 text-white rounded"[31m
            [33mdata-testid[31m=[32m"primary-action"[31m
          [36m>[31m
            [0mAction[0m
          [36m</button>[31m
          [36m<button[31m
            [33mclass[31m=[32m"flex-1 px-4 py-2 border border-gray-300 rounded"[31m
            [33mdata-testid[31m=[32m"secondary-action"[31m
          [36m>[31m
            [0mClose[0m
          [36m</button>[31m
        [36m</div>[31m
      [36m</div>[31m
    [36m</div>[31m
  [36m</div>[31m
[36m</body>[31m[39m
 [32m√î¬£√¥[39m tests/services/stripeService.test.ts [2m([22m[2m34 tests[22m[2m)[22m[90m 55[2mms[22m[39m
 [32m√î¬£√¥[39m tests/week3/ServiceIntegration.fcm.test.tsx [2m([22m[2m26 tests[22m[2m)[22m[90m 111[2mms[22m[39m
 [32m√î¬£√¥[39m tests/week3/ServiceIntegration.stripe.test.tsx [2m([22m[2m27 tests[22m[2m)[22m[90m 31[2mms[22m[39m
 [31m√î√ò¬ª[39m tests/components/ProviderCard.comprehensive.test.tsx [2m([22m[2m35 tests[22m[2m | [22m[31m1 failed[39m[2m)[22m[33m 422[2mms[22m[39m
[31m   [31m‚îú√π[31m ProviderCard - Comprehensive Quality Tests[2m > [22mAccessibility[2m > [22mshould have accessible button[90m 7[2mms[22m[31m[39m
[31m     √î√•√Ü [2mexpect([22m[31melement[31m[2m).toHaveAttribute([22m[32m[32m"role"[32m[31m[2m, [22m[32m[32m"button"[32m[31m[2m) // element.getAttribute("role") === "button"[22m

Expected the element to have attribute:
[32m  role="button"[31m
Received:
[31m  null[31m[39m
stderr | tests/analyticsService.test.ts > analyticsService tracking functions > trackTemplateUsed > should not throw for valid template name
[Analytics] Failed to track event: [FirebaseError: Function addDoc() called with invalid data. Unsupported field value: undefined (found in field properties.platform in document analytics_events/EBUAbB7vHaO34RidI5QX)] {
  code: 'invalid-argument',
  customData: undefined,
  toString: [Function (anonymous)]
}

stderr | tests/analyticsService.test.ts > analyticsService tracking functions > trackTemplateUsed > should handle different template names
[Analytics] Failed to track event: [FirebaseError: Function addDoc() called with invalid data. Unsupported field value: undefined (found in field properties.platform in document analytics_events/Fq7jW5Bx497R6ZBpk530)] {
  code: 'invalid-argument',
  customData: undefined,
  toString: [Function (anonymous)]
}
[Analytics] Failed to track event: [FirebaseError: Function addDoc() called with invalid data. Unsupported field value: undefined (found in field properties.platform in document analytics_events/qxUAhuP9r7IQERN5PgFv)] {
  code: 'invalid-argument',
  customData: undefined,
  toString: [Function (anonymous)]
}
[Analytics] Failed to track event: [FirebaseError: Function addDoc() called with invalid data. Unsupported field value: undefined (found in field properties.platform in document analytics_events/w7uVu95m5prIuTChCydc)] {
  code: 'invalid-argument',
  customData: undefined,
  toString: [Function (anonymous)]
}
[Analytics] Failed to track event: [FirebaseError: Function addDoc() called with invalid data. Unsupported field value: undefined (found in field properties.platform in document analytics_events/FgLOEewZXVcN8htiBAEk)] {
  code: 'invalid-argument',
  customData: undefined,
  toString: [Function (anonymous)]
}
[Analytics] Failed to track event: [FirebaseError: Function addDoc() called with invalid data. Unsupported field value: undefined (found in field properties.platform in document analytics_events/ZwnR74aHTYHmIyzYOXng)] {
  code: 'invalid-argument',
  customData: undefined,
  toString: [Function (anonymous)]
}

stderr | tests/analyticsService.test.ts > analyticsService tracking functions > trackTemplateUsed > should handle empty template name
[Analytics] Failed to track event: [FirebaseError: Function addDoc() called with invalid data. Unsupported field value: undefined (found in field properties.platform in document analytics_events/T4kbVwQe5iMwT9ZwbWq1)] {
  code: 'invalid-argument',
  customData: undefined,
  toString: [Function (anonymous)]
}

stderr | tests/analyticsService.test.ts > analyticsService tracking functions > trackTemplateUsed > should handle empty user ID
[Analytics] Failed to track event: [FirebaseError: Function addDoc() called with invalid data. Unsupported field value: undefined (found in field properties.platform in document analytics_events/bjrLR3I8qcd0VJ2dIAjZ)] {
  code: 'invalid-argument',
  customData: undefined,
  toString: [Function (anonymous)]
}

stderr | tests/analyticsService.test.ts > analyticsService tracking functions > trackTemplateUsed > should handle special characters in template name
[Analytics] Failed to track event: [FirebaseError: Function addDoc() called with invalid data. Unsupported field value: undefined (found in field properties.platform in document analytics_events/eBu5IKZwnEciYJZyDCuI)] {
  code: 'invalid-argument',
  customData: undefined,
  toString: [Function (anonymous)]
}

stderr | tests/analyticsService.test.ts > analyticsService tracking functions > trackTemplateUsed > should handle numeric template names
[Analytics] Failed to track event: [FirebaseError: Function addDoc() called with invalid data. Unsupported field value: undefined (found in field properties.platform in document analytics_events/O9GfdlhLCsRDJrDN9OWL)] {
  code: 'invalid-argument',
  customData: undefined,
  toString: [Function (anonymous)]
}

stderr | tests/analyticsService.test.ts > analyticsService tracking functions > Integration: Analytics tracking flow > should handle template usage tracking
[Analytics] Failed to track event: [FirebaseError: Function addDoc() called with invalid data. Unsupported field value: undefined (found in field properties.platform in document analytics_events/CvcJmPgqJAiTBpsOdWcH)] {
  code: 'invalid-argument',
  customData: undefined,
  toString: [Function (anonymous)]
}
[Analytics] Failed to track event: [FirebaseError: Function addDoc() called with invalid data. Unsupported field value: undefined (found in field properties.platform in document analytics_events/1lVnA27OMgVdq0nkCawr)] {
  code: 'invalid-argument',
  customData: undefined,
  toString: [Function (anonymous)]
}
[Analytics] Failed to track event: [FirebaseError: Function addDoc() called with invalid data. Unsupported field value: undefined (found in field properties.platform in document analytics_events/0Gl9XSzya4wMxbd8gZir)] {
  code: 'invalid-argument',
  customData: undefined,
  toString: [Function (anonymous)]
}

 [32m√î¬£√¥[39m tests/analyticsService.test.ts [2m([22m[2m70 tests[22m[2m)[22m[33m 339[2mms[22m[39m
 [31m√î√ò¬ª[39m tests/components/Chart_AnalyticsCard.comprehensive.test.tsx [2m([22m[2m53 tests[22m[2m | [22m[31m1 failed[39m[2m)[22m[90m 184[2mms[22m[39m
[31m   [31m‚îú√π[31m AnalyticsCard - Comprehensive Quality Tests[2m > [22mValue Display[2m > [22mshould display N/A when value is null[90m 4[2mms[22m[31m[39m
[31m     √î√•√Ü [2mexpect([22m[31melement[31m[2m).toHaveTextContent()[22m

Expected element to have text content:
[32m  N/A[31m
Received:
[31m[31m[39m
 [31m√î√ò¬ª[39m tests/services/prospectingService.comprehensive.test.ts [2m([22m[2m0 test[22m[2m)[22m
stderr | tests/week3/ClientDashboard.expansion.test.tsx
[2025-11-28T15:36:04.239Z]  @firebase/firestore: Firestore (12.5.0): GrpcConnection RPC 'Write' stream 0x3f892615 error. Code: 7 Message: 7 PERMISSION_DENIED: Missing or insufficient permissions.
[Analytics] Failed to track event: [FirebaseError: 7 PERMISSION_DENIED: Missing or insufficient permissions.] {
  code: 'permission-denied',
  customData: undefined,
  toString: [Function (anonymous)]
}

stderr | tests/week3/ClientDashboard.expansion.test.tsx > ClientDashboard - Week 3 Expansion Tests > Modal State Management > should handle proposalToPay prop
TypeError: Cannot read properties of undefined (reading 'name')
    at PaymentModal (C:\Users\JE\servio.ai\components\PaymentModal.tsx:49:109)
    at renderWithHooks (C:\Users\JE\servio.ai\node_modules\react-dom\cjs\react-dom.development.js:15486:18)
    at mountIndeterminateComponent (C:\Users\JE\servio.ai\node_modules\react-dom\cjs\react-dom.development.js:20103:13)
    at beginWork (C:\Users\JE\servio.ai\node_modules\react-dom\cjs\react-dom.development.js:21626:16)
    at HTMLUnknownElement.callCallback (C:\Users\JE\servio.ai\node_modules\react-dom\cjs\react-dom.development.js:4164:14)
    at HTMLUnknownElement.callTheUserObjectsOperation (C:\Users\JE\servio.ai\node_modules\jsdom\lib\jsdom\living\generated\EventListener.js:26:30)
    at innerInvokeEventListeners (C:\Users\JE\servio.ai\node_modules\jsdom\lib\jsdom\living\events\EventTarget-impl.js:360:16)
    at invokeEventListeners (C:\Users\JE\servio.ai\node_modules\jsdom\lib\jsdom\living\events\EventTarget-impl.js:296:3)
    at HTMLUnknownElementImpl._dispatch (C:\Users\JE\servio.ai\node_modules\jsdom\lib\jsdom\living\events\EventTarget-impl.js:243:9)
    at HTMLUnknownElementImpl.dispatchEvent (C:\Users\JE\servio.ai\node_modules\jsdom\lib\jsdom\living\events\EventTarget-impl.js:114:17)
TypeError: Cannot read properties of undefined (reading 'name')
    at PaymentModal (C:\Users\JE\servio.ai\components\PaymentModal.tsx:49:109)
    at renderWithHooks (C:\Users\JE\servio.ai\node_modules\react-dom\cjs\react-dom.development.js:15486:18)
    at mountIndeterminateComponent (C:\Users\JE\servio.ai\node_modules\react-dom\cjs\react-dom.development.js:20103:13)
    at beginWork (C:\Users\JE\servio.ai\node_modules\react-dom\cjs\react-dom.development.js:21626:16)
    at HTMLUnknownElement.callCallback (C:\Users\JE\servio.ai\node_modules\react-dom\cjs\react-dom.development.js:4164:14)
    at HTMLUnknownElement.callTheUserObjectsOperation (C:\Users\JE\servio.ai\node_modules\jsdom\lib\jsdom\living\generated\EventListener.js:26:30)
    at innerInvokeEventListeners (C:\Users\JE\servio.ai\node_modules\jsdom\lib\jsdom\living\events\EventTarget-impl.js:360:16)
    at invokeEventListeners (C:\Users\JE\servio.ai\node_modules\jsdom\lib\jsdom\living\events\EventTarget-impl.js:296:3)
    at HTMLUnknownElementImpl._dispatch (C:\Users\JE\servio.ai\node_modules\jsdom\lib\jsdom\living\events\EventTarget-impl.js:243:9)
    at HTMLUnknownElementImpl.dispatchEvent (C:\Users\JE\servio.ai\node_modules\jsdom\lib\jsdom\living\events\EventTarget-impl.js:114:17)
The above error occurred in the <PaymentModal> component:

    at PaymentModal (C:\Users\JE\servio.ai\components\PaymentModal.tsx:8:25)
    at div
    at ClientDashboard (C:\Users\JE\servio.ai\components\ClientDashboard.tsx:39:3)

Consider adding an error boundary to your tree to customize error handling behavior.
Visit https://reactjs.org/link/error-boundaries to learn more about error boundaries.

stderr | tests/week3/ClientDashboard.expansion.test.tsx > ClientDashboard - Week 3 Expansion Tests > Modal State Management > should handle both modal props together
TypeError: Cannot read properties of undefined (reading 'name')
    at PaymentModal (C:\Users\JE\servio.ai\components\PaymentModal.tsx:49:109)
    at renderWithHooks (C:\Users\JE\servio.ai\node_modules\react-dom\cjs\react-dom.development.js:15486:18)
    at mountIndeterminateComponent (C:\Users\JE\servio.ai\node_modules\react-dom\cjs\react-dom.development.js:20103:13)
    at beginWork (C:\Users\JE\servio.ai\node_modules\react-dom\cjs\react-dom.development.js:21626:16)
    at HTMLUnknownElement.callCallback (C:\Users\JE\servio.ai\node_modules\react-dom\cjs\react-dom.development.js:4164:14)
    at HTMLUnknownElement.callTheUserObjectsOperation (C:\Users\JE\servio.ai\node_modules\jsdom\lib\jsdom\living\generated\EventListener.js:26:30)
    at innerInvokeEventListeners (C:\Users\JE\servio.ai\node_modules\jsdom\lib\jsdom\living\events\EventTarget-impl.js:360:16)
    at invokeEventListeners (C:\Users\JE\servio.ai\node_modules\jsdom\lib\jsdom\living\events\EventTarget-impl.js:296:3)
    at HTMLUnknownElementImpl._dispatch (C:\Users\JE\servio.ai\node_modules\jsdom\lib\jsdom\living\events\EventTarget-impl.js:243:9)
    at HTMLUnknownElementImpl.dispatchEvent (C:\Users\JE\servio.ai\node_modules\jsdom\lib\jsdom\living\events\EventTarget-impl.js:114:17)
TypeError: Cannot read properties of undefined (reading 'name')
    at PaymentModal (C:\Users\JE\servio.ai\components\PaymentModal.tsx:49:109)
    at renderWithHooks (C:\Users\JE\servio.ai\node_modules\react-dom\cjs\react-dom.development.js:15486:18)
    at mountIndeterminateComponent (C:\Users\JE\servio.ai\node_modules\react-dom\cjs\react-dom.development.js:20103:13)
    at beginWork (C:\Users\JE\servio.ai\node_modules\react-dom\cjs\react-dom.development.js:21626:16)
    at HTMLUnknownElement.callCallback (C:\Users\JE\servio.ai\node_modules\react-dom\cjs\react-dom.development.js:4164:14)
    at HTMLUnknownElement.callTheUserObjectsOperation (C:\Users\JE\servio.ai\node_modules\jsdom\lib\jsdom\living\generated\EventListener.js:26:30)
    at innerInvokeEventListeners (C:\Users\JE\servio.ai\node_modules\jsdom\lib\jsdom\living\events\EventTarget-impl.js:360:16)
    at invokeEventListeners (C:\Users\JE\servio.ai\node_modules\jsdom\lib\jsdom\living\events\EventTarget-impl.js:296:3)
    at HTMLUnknownElementImpl._dispatch (C:\Users\JE\servio.ai\node_modules\jsdom\lib\jsdom\living\events\EventTarget-impl.js:243:9)
    at HTMLUnknownElementImpl.dispatchEvent (C:\Users\JE\servio.ai\node_modules\jsdom\lib\jsdom\living\events\EventTarget-impl.js:114:17)
The above error occurred in the <PaymentModal> component:

    at PaymentModal (C:\Users\JE\servio.ai\components\PaymentModal.tsx:8:25)
    at div
    at ClientDashboard (C:\Users\JE\servio.ai\components\ClientDashboard.tsx:39:3)

Consider adding an error boundary to your tree to customize error handling behavior.
Visit https://reactjs.org/link/error-boundaries to learn more about error boundaries.

 [31m√î√ò¬ª[39m tests/week3/ClientDashboard.expansion.test.tsx [2m([22m[2m29 tests[22m[2m | [22m[31m4 failed[39m[2m)[22m[33m 355[2mms[22m[39m
[31m   [31m‚îú√π[31m ClientDashboard - Week 3 Expansion Tests[2m > [22mRendering and Basic Functionality[2m > [22mshould display user name in dashboard[90m 16[2mms[22m[31m[39m
[31m     √î√•√Ü Unable to find an element with the text: /Test Client|cliente/i. This could be because the text is broken up by multiple elements. In this case, you can provide a function for your text matcher to make your matcher more flexible.

Ignored nodes: comments, script, style
[36m<body>[31m
  [36m<div>[31m
    [36m<div[31m
      [33mclass[31m=[32m"flex h-screen bg-gray-50"[31m
    [36m>[31m
      [36m<button[31m
        [33maria-label[31m=[32m"Toggle menu"[31m
        [33mclass[31m=[32m"fixed top-4 left-4 z-50 md:hidden bg-white p-2 rounded-lg shadow-lg border border-gray-200"[31m
      [36m>[31m
        [36m<svg[31m
          [33mclass[31m=[32m"w-6 h-6 text-gray-700"[31m
          [33mfill[31m=[32m"none"[31m
          [33mstroke[31m=[32m"currentColor"[31m
          [33mviewBox[31m=[32m"0 0 24 24"[31m
        [36m>[31m
          [36m<path[31m
            [33md[31m=[32m"M4 6h16M4 12h16M4 18h16"[31m
            [33mstroke-linecap[31m=[32m"round"[31m
            [33mstroke-linejoin[31m=[32m"round"[31m
            [33mstroke-width[31m=[32m"2"[31m
          [36m/>[31m
        [36m</svg>[31m
      [36m</button>[31m
      [36m<aside[31m
        [33mclass[31m=[32m"w-64 bg-white border-r border-gray-200 flex flex-col fixed inset-y-0 left-0 z-40 transform transition-transform duration-200 md:relative md:translate-x-0 -translate-x-full"[31m
      [36m>[31m
        [36m<div[31m
          [33mclass[31m=[32m"p-6 flex-1"[31m
        [36m>[31m
          [36m<div[31m
            [33mclass[31m=[32m"flex items-center gap-2 mb-8"[31m
          [36m>[31m
            [36m<span[31m
              [33mclass[31m=[32m"text-2xl"[31m
            [36m>[31m
              [0m¬≠∆í√¶√Ø[0m
            [36m</span>[31m
            [36m<div>[31m
              [36m<p[31m
                [33mclass[31m=[32m"text-sm font-semibold text-gray-900"[31m
              [36m>[31m
                [0mOl‚îú√≠, [0m
                [0mTest[0m
                [0m![0m
              [36m</p>[31m
              [36m<button[31m
                [33mclass[31m=[32m"text-xs text-blue-600 hover:underline"[31m
              [36m>[31m
                [0mConta Pessoal[0m
              [36m</button>[31m
            [36m</div>[31m
          [36m</div>[31m
          [36m<nav[31m
            [33mclass[31m=[32m"space-y-1"[31m
          [36m>[31m
            [36m<button[31m
              [33mclass[31m=[32m"w-full flex items-center gap-3 px-4 py-2.5 rounded-lg text-sm font-medium transition-colors bg-blue-50 text-blue-700"[31m
            [36m>[31m
              [36m<span[31m
                [33mclass[31m=[32m"text-lg"[31m
              [36m>[31m
                [0m¬≠∆í√Ö√°[0m
              [36m</span>[31m
              [0mIn‚îú¬°cio[0m
            [36m</button>[31m
            [36m<button[31m
              [33mclass[31m=[32m"w-full flex items-center gap-3 px-4 py-2.5 rounded-lg text-sm font-medium transition-colors text-gray-700 hover:bg-gray-50"[31m
            [36m>[31m
              [36m<span[31m
                [33mclass[31m=[32m"text-lg"[31m
              [36m>[31m
                [0m¬≠∆í√¥√Ø[0m
              [36m</span>[31m
              [0mMeus Servi‚îú¬∫os[0m
            [36m</button>[31m
            [36m<button[31m
              [33mclass[31m=[32m"w-full flex items-center gap-3 px-4 py-2.5 rounded-lg text-sm font-medium transition-colors text-gray-700 hover:bg-gray-50"[31m
            [36m>[31m
              [36m<span[31m
                [33mclass[31m=[32m"text-lg"[31m
              [36m>[31m
                [0m¬≠∆í√¥¬™[0m
              [36m</span>[31m
              [0mMeus Itens[0m
            [36m</button>[31m
            [36m<button[31m
              [33mclass[31m=[32m"w-full flex items-center gap-3 px-4 py-2.5 rounded-lg text-sm font-medium transition-colors text-gray-700 hover:bg-gray-50"[31m
            [36m>[31m
              [36m<span[31m
                [33mclass[31m=[32m"text-lg"[31m
              [36m>[31m
                [0m√î√ò√¥[0m
              [36m</span>[31m
              [0mAjuda[0m
            [36m</button>[31m
          [36m</nav>[31m
        [36m</div>[31m
        [36m<div[31m
          [33mclass[31m=[32m"p-6 border-t border-gray-200"[31m
        [36m>[31m
          [36m<button[31m
            [33mclass[31m=[32m"text-sm text-gray-600 hover:text-blue-600"[31m
          [36m>[31m
            [0mSair[0m
          [36m</button>[31m
        [36m</div>[31m
      [36m</aside>[31m
      [36m<main[31m
        [33mclass[31m=[32m"flex-1 overflow-y-auto pt-16 md:pt-0"[31m
      [36m>[31m
        [36m<div[31m
          [33mclass[31m=[32m"max-w-7xl mx-auto p-4 sm:p-6 lg:p-8 space-y-6"[31m
        [36m>[31m
          [36m<div[31m
            [33mclass[31m=[32m"grid grid-cols-1 sm:grid-cols-3 gap-6"[31m
          [36m>[31m
            [36m<div[31m
              [33mclass[31m=[32m"bg-white rounded-xl p-6 shadow-sm border border-gray-100"[31m
            [36m>[31m
              [36m<div[31m
                [33mclass[31m=[32m"flex items-center justify-between mb-4"[31m
              [36m>[31m
                [36m<h3[31m
                  [33mclass[31m=[32m"text-sm font-medium text-gray-600"[31m
                [36m>[31m
                  [0mServi‚îú¬∫os Ativos[0m
                [36m</h3>[31m
                [36m<div[31m
                  [33mclass[31m=[32m"w-10 h-10 rounded-lg bg-blue-50 flex items-center justify-center"[31m
                [36m>[31m
                  [36m<span[31m
                    [33mclass[31m=[32m"text-xl"[31m
                  [36m>[31m
                    [0m¬≠∆í√¥√Ø[0m
                  [36m</span>[31m
                [36m</div>[31m
              [36m</div>[31m
              [36m<p[31m
                [33mclass[31m=[32m"text-3xl font-bold text-gray-900"[31m
              [36m>[31m
                [0m0[0m
              [36m</p>[31m
            [36m</div>[31m
            [36m<div[31m
              [33mclass[31m=[32m"bg-white rounded-xl p-6 shadow-sm border border-gray-100"[31m
            [36m>[31m
              [36m<div[31m
                [33mclass[31m=[32m"flex items-center justify-between mb-4"[31m
              [36m>[31m
                [36m<h3[31m
                  [33mclass[31m=[32m"text-sm font-medium text-gray-600"[31m
                [36m>[31m
                  [0mConclu‚îú¬°dos[0m
                [36m</h3>[31m
                [36m<div[31m
                  [33mclass[31m=[32m"w-10 h-10 rounded-lg bg-green-50 flex items-center justify-center"[31m
                [36m>[31m
                  [36m<span[31m
                    [33mclass[31m=[32m"text-xl"[31m
                  [36m>[31m
                    [0m¬≠∆í√Ü¬º[0m
                  [36m</span>[31m
                [36m</div>[31m
              [36m</div>[31m
              [36m<p[31m
                [33mclass[31m=[32m"text-3xl font-bold text-gray-900"[31m
              [36m>[31m
                [0m0[0m
              [36m</p>[31m
            [36m</div>[31m
            [36m<div[31m
              [33mclass[31m=[32m"bg-white rounded-xl p-6 shadow-sm border border-gray-100"[31m
            [36m>[31m
              [36m<div[31m
                [33mclass[31m=[32m"flex items-center justify-between mb-4"[31m
              [36m>[31m
                [36m<h3[31m
                  [33mclass[31m=[32m"text-sm font-medium text-gray-600"[31m
                [36m>[31m
                  [0mItens Cadastrados[0m
                [36m</h3>[31m
                [36m<div[31m
                  [33mclass[31m=[32m"w-10 h-10 rounded-lg bg-purple-50 flex items-center justify-center"[31m
                [36m>[31m
                  [36m<span[31m
                    [33mclass[31m=[32m"text-xl"[31m
                  [36m>[31m
                    [0m¬≠∆í¬∫‚ñë[0m
                  [36m</span>[31m
                [36m</div>[31m
              [36m</div>[31m
              [36m<p[31m
                [33mclass[31m=[32m"text-3xl font-bold text-gray-900"[31m
              [36m>[31m
                [0m0[0m
              [36m</p>[31m
            [36m</div>[31m
          [36m</div>[31m
          [36m<div>[31m
            [36m<h2[31m
              [33mclass[31m=[32m"text-xl font-bold text-gray-900 mb-4"[31m
            [36m>[31m
              [0mA‚îú¬∫‚îú√Åes R‚îú√≠pidas[0m
            [36m</h2>[31m
            [36m<div[31m
              [33mclass[31m=[32m"grid grid-cols-1 sm:grid-cols-2 gap-4"[31m
            [36m>[31m
              [36m<button[31m
                [33mclass[31m=[32m"flex items-center gap-4 p-6 rounded-xl bg-blue-600 text-white hover:bg-blue-700 transition shadow-lg"[31m
              [36m>[31m
                [36m<div[31m
                  [33mclass[31m=[32m"w-12 h-12 rounded-lg bg-white/20 flex items-center justify-center"[31m
                [36m>[31m
                  [36m<span[31m
                    [33mclass[31m=[32m"text-2xl"[31m
                  [36m>[31m
                    [0m√î¬£¬ø[0m
                  [36m</span>[31m
                [36m</div>[31m
                [36m<div[31m
                  [33mclass[31m=[32m"text-left"[31m
                [36m>[31m
                  [36m<h3[31m
                    [33mclass[31m=[32m"font-semibold mb-1"[31m
                  [36m>[31m
                    [0mSolicitar Servi‚îú¬∫o[0m
                  [36m</h3>[31m
                  [36m<p[31m
                    [33mclass[31m=[32m"text-sm text-blue-100"[31m
                  [36m>[31m
                    [0mCom ajuda da IA[0m
                  [36m</p>[31m
                [36m</div>[31m
              [36m</button>[31m
              [36m<button[31m
                [33mclass[31m=[32m"flex items-center gap-4 p-6 rounded-xl bg-purple-600 text-white hover:bg-purple-700 transition shadow-lg"[31m
              [36m>[31m
                [36m<div[31m
                  [33mclass[31m=[32m"w-12 h-12 rounded-lg bg-white/20 flex items-center justify-center"[31m
                [36m>[31m
                  [36m<span[31m
                    [33mclass[31m=[32m"text-2xl"[31m
                  [36m>[31m
                    [0m√î√ú√ñ¬¥¬©√Ö[0m
                  [36m</span>[31m
                [36m</div>[31m
                [36m<div[31m
                  [33mclass[31m=[32m"text-left"[31m
                [36m>[31m
                  [36m<h3[31m
                    [33mclass[31m=[32m"font-semibold mb-1"[31m
                  [36m>[31m
                    [0mCadastrar Item[0m
                  [36m</h3>[31m
                  [36m<p[31m
                    [33mclass[31m=[32m"text-sm text-purple-100"[31m
                  [36m>[31m
                    [0mPara manuten‚îú¬∫‚îú√∫o[0m
                  [36m</p>[31m
                [36m</div>[31m
              [36m</button>[31m
            [36m</div>[31m
          [36m</div>[31m
        [36m</div>[31m
      [36m</main>[31m
    [36m</div>[31m
  [36m</div>[31m
[36m</body>[31m[39m
[31m   [31m‚îú√π[31m ClientDashboard - Week 3 Expansion Tests[2m > [22mModal State Management[2m > [22mshould handle viewingProposalsForJob prop[90m 23[2mms[22m[31m[39m
[31m     √î√•√Ü Found multiple elements with the role "main"

Here are the matching elements:

Ignored nodes: comments, script, style
[36m<main[31m
  [33mclass[31m=[32m"flex-1 overflow-y-auto pt-16 md:pt-0"[31m
[36m>[31m
  [36m<div[31m
    [33mclass[31m=[32m"max-w-7xl mx-auto p-4 sm:p-6 lg:p-8 space-y-6"[31m
  [36m>[31m
    [36m<div[31m
      [33mclass[31m=[32m"grid grid-cols-1 sm:grid-cols-3 gap-6"[31m
    [36m>[31m
      [36m<div[31m
        [33mclass[31m=[32m"bg-white rounded-xl p-6 shadow-sm border border-gray-100"[31m
      [36m>[31m
        [36m<div[31m
          [33mclass[31m=[32m"flex items-center justify-between mb-4"[31m
        [36m>[31m
          [36m<h3[31m
            [33mclass[31m=[32m"text-sm font-medium text-gray-600"[31m
          [36m>[31m
            [0mServi‚îú¬∫os Ativos[0m
          [36m</h3>[31m
          [36m<div[31m
            [33mclass[31m=[32m"w-10 h-10 rounded-lg bg-blue-50 flex items-center justify-center"[31m
          [36m>[31m
            [36m<span[31m
              [33mclass[31m=[32m"text-xl"[31m
            [36m>[31m
              [0m¬≠∆í√¥√Ø[0m
            [36m</span>[31m
          [36m</div>[31m
        [36m</div>[31m
        [36m<p[31m
          [33mclass[31m=[32m"text-3xl font-bold text-gray-900"[31m
        [36m>[31m
          [0m0[0m
        [36m</p>[31m
      [36m</div>[31m
      [36m<div[31m
        [33mclass[31m=[32m"bg-white rounded-xl p-6 shadow-sm border border-gray-100"[31m
      [36m>[31m
        [36m<div[31m
          [33mclass[31m=[32m"flex items-center justify-between mb-4"[31m
        [36m>[31m
          [36m<h3[31m
            [33mclass[31m=[32m"text-sm font-medium text-gray-600"[31m
          [36m>[31m
            [0mConclu‚îú¬°dos[0m
          [36m</h3>[31m
          [36m<div[31m
            [33mclass[31m=[32m"w-10 h-10 rounded-lg bg-green-50 flex items-center justify-center"[31m
          [36m>[31m
            [36m<span[31m
              [33mclass[31m=[32m"text-xl"[31m
            [36m>[31m
              [0m¬≠∆í√Ü¬º[0m
            [36m</span>[31m
          [36m</div>[31m
        [36m</div>[31m
        [36m<p[31m
          [33mclass[31m=[32m"text-3xl font-bold text-gray-900"[31m
        [36m>[31m
          [0m0[0m
        [36m</p>[31m
      [36m</div>[31m
      [36m<div[31m
        [33mclass[31m=[32m"bg-white rounded-xl p-6 shadow-sm border border-gray-100"[31m
      [36m>[31m
        [36m<div[31m
          [33mclass[31m=[32m"flex items-center justify-between mb-4"[31m
        [36m>[31m
          [36m<h3[31m
            [33mclass[31m=[32m"text-sm font-medium text-gray-600"[31m
          [36m>[31m
            [0mItens Cadastrados[0m
          [36m</h3>[31m
          [36m<div[31m
            [33mclass[31m=[32m"w-10 h-10 rounded-lg bg-purple-50 flex items-center justify-center"[31m
          [36m>[31m
            [36m<span[31m
              [33mclass[31m=[32m"text-xl"[31m
            [36m>[31m
              [0m¬≠∆í¬∫‚ñë[0m
            [36m</span>[31m
          [36m</div>[31m
        [36m</div>[31m
        [36m<p[31m
          [33mclass[31m=[32m"text-3xl font-bold text-gray-900"[31m
        [36m>[31m
          [0m0[0m
        [36m</p>[31m
      [36m</div>[31m
    [36m</div>[31m
    [36m<div>[31m
      [36m<h2[31m
        [33mclass[31m=[32m"text-xl font-bold text-gray-900 mb-4"[31m
      [36m>[31m
        [0mA‚îú¬∫‚îú√Åes R‚îú√≠pidas[0m
      [36m</h2>[31m
      [36m<div[31m
        [33mclass[31m=[32m"grid grid-cols-1 sm:grid-cols-2 gap-4"[31m
      [36m>[31m
        [36m<button[31m
          [33mclass[31m=[32m"flex items-center gap-4 p-6 rounded-xl bg-blue-600 text-white hover:bg-blue-700 transition shadow-lg"[31m
        [36m>[31m
          [36m<div[31m
            [33mclass[31m=[32m"w-12 h-12 rounded-lg bg-white/20 flex items-center justify-center"[31m
          [36m>[31m
            [36m<span[31m
              [33mclass[31m=[32m"text-2xl"[31m
            [36m>[31m
              [0m√î¬£¬ø[0m
            [36m</span>[31m
          [36m</div>[31m
          [36m<div[31m
            [33mclass[31m=[32m"text-left"[31m
          [36m>[31m
            [36m<h3[31m
              [33mclass[31m=[32m"font-semibold mb-1"[31m
            [36m>[31m
              [0mSolicitar Servi‚îú¬∫o[0m
            [36m</h3>[31m
            [36m<p[31m
              [33mclass[31m=[32m"text-sm text-blue-100"[31m
            [36m>[31m
              [0mCom ajuda da IA[0m
            [36m</p>[31m
          [36m</div>[31m
        [36m</button>[31m
        [36m<button[31m
          [33mclass[31m=[32m"flex items-center gap-4 p-6 rounded-xl bg-purple-600 text-white hover:bg-purple-700 transition shadow-lg"[31m
        [36m>[31m
          [36m<div[31m
            [33mclass[31m=[32m"w-12 h-12 rounded-lg bg-white/20 flex items-center justify-center"[31m
          [36m>[31m
            [36m<span[31m
              [33mclass[31m=[32m"text-2xl"[31m
            [36m>[31m
              [0m√î√ú√ñ¬¥¬©√Ö[0m
            [36m</span>[31m
          [36m</div>[31m
          [36m<div[31m
            [33mclass[31m=[32m"text-left"[31m
          [36m>[31m
            [36m<h3[31m
              [33mclass[31m=[32m"font-semibold mb-1"[31m
            [36m>[31m
              [0mCadastrar Item[0m
            [36m</h3>[31m
            [36m<p[31m
              [33mclass[31m=[32m"text-sm text-purple-100"[31m
            [36m>[31m
              [0mPara manuten‚îú¬∫‚îú√∫o[0m
            [36m</p>[31m
          [36m</div>[31m
        [36m</button>[31m
      [36m</div>[31m
    [36m</div>[31m
  [36m</div>[31m
[36m</main>[31m

Ignored nodes: comments, script, style
[36m<main[31m
  [33mclass[31m=[32m"flex-grow overflow-y-auto p-6 space-y-4"[31m
[36m>[31m
  [36m<div[31m
    [33mclass[31m=[32m"text-center py-16"[31m
  [36m>[31m
    [36m<svg[31m
      [33maria-hidden[31m=[32m"true"[31m
      [33mclass[31m=[32m"mx-auto h-12 w-12 text-gray-500"[31m
      [33mfill[31m=[32m"none"[31m
      [33mstroke[31m=[32m"currentColor"[31m
      [33mviewBox[31m=[32m"0 0 24 24"[31m
    [36m>[31m
      [36m<path[31m
        [33md[31m=[32m"M9 13h6m-3-3v6m-9 1V7a2 2 0 012-2h6l2 2h6a2 2 0 012 2v8a2 2 0 01-2 2H5a2 2 0 01-2-2z"[31m
        [33mstroke-linecap[31m=[32m"round"[31m
        [33mstroke-linejoin[31m=[32m"round"[31m
        [33mstroke-width[31m=[32m"2"[31m
        [33mvector-effect[31m=[32m"non-scaling-stroke"[31m
      [36m/>[31m
    [36m</svg>[31m
    [36m<h3[31m
      [33mclass[31m=[32m"mt-2 text-lg font-medium text-gray-900"[31m
    [36m>[31m
      [0mNenhuma proposta recebida[0m
    [36m</h3>[31m
    [36m<p[31m
      [33mclass[31m=[32m"mt-1 text-sm text-gray-600"[31m
    [36m>[31m
      [0mAguarde um pouco. Os prestadores foram notificados sobre seu job.[0m
    [36m</p>[31m
  [36m</div>[31m
[36m</main>[31m

(If this is intentional, then use the `*AllBy*` variant of the query (like `queryAllByText`, `getAllByText`, or `findAllByText`)).

Ignored nodes: comments, script, style
[36m<body>[31m
  [36m<div>[31m
    [36m<div[31m
      [33mclass[31m=[32m"flex h-screen bg-gray-50"[31m
    [36m>[31m
      [36m<button[31m
        [33maria-label[31m=[32m"Toggle menu"[31m
        [33mclass[31m=[32m"fixed top-4 left-4 z-50 md:hidden bg-white p-2 rounded-lg shadow-lg border border-gray-200"[31m
      [36m>[31m
        [36m<svg[31m
          [33mclass[31m=[32m"w-6 h-6 text-gray-700"[31m
          [33mfill[31m=[32m"none"[31m
          [33mstroke[31m=[32m"currentColor"[31m
          [33mviewBox[31m=[32m"0 0 24 24"[31m
        [36m>[31m
          [36m<path[31m
            [33md[31m=[32m"M4 6h16M4 12h16M4 18h16"[31m
            [33mstroke-linecap[31m=[32m"round"[31m
            [33mstroke-linejoin[31m=[32m"round"[31m
            [33mstroke-width[31m=[32m"2"[31m
          [36m/>[31m
        [36m</svg>[31m
      [36m</button>[31m
      [36m<aside[31m
        [33mclass[31m=[32m"w-64 bg-white border-r border-gray-200 flex flex-col fixed inset-y-0 left-0 z-40 transform transition-transform duration-200 md:relative md:translate-x-0 -translate-x-full"[31m
      [36m>[31m
        [36m<div[31m
          [33mclass[31m=[32m"p-6 flex-1"[31m
        [36m>[31m
          [36m<div[31m
            [33mclass[31m=[32m"flex items-center gap-2 mb-8"[31m
          [36m>[31m
            [36m<span[31m
              [33mclass[31m=[32m"text-2xl"[31m
            [36m>[31m
              [0m¬≠∆í√¶√Ø[0m
            [36m</span>[31m
            [36m<div>[31m
              [36m<p[31m
                [33mclass[31m=[32m"text-sm font-semibold text-gray-900"[31m
              [36m>[31m
                [0mOl‚îú√≠, [0m
                [0mTest[0m
                [0m![0m
              [36m</p>[31m
              [36m<button[31m
                [33mclass[31m=[32m"text-xs text-blue-600 hover:underline"[31m
              [36m>[31m
                [0mConta Pessoal[0m
              [36m</button>[31m
            [36m</div>[31m
          [36m</div>[31m
          [36m<nav[31m
            [33mclass[31m=[32m"space-y-1"[31m
          [36m>[31m
            [36m<button[31m
              [33mclass[31m=[32m"w-full flex items-center gap-3 px-4 py-2.5 rounded-lg text-sm font-medium transition-colors bg-blue-50 text-blue-700"[31m
            [36m>[31m
              [36m<span[31m
                [33mclass[31m=[32m"text-lg"[31m
              [36m>[31m
                [0m¬≠∆í√Ö√°[0m
              [36m</span>[31m
              [0mIn‚îú¬°cio[0m
            [36m</button>[31m
            [36m<button[31m
              [33mclass[31m=[32m"w-full flex items-center gap-3 px-4 py-2.5 rounded-lg text-sm font-medium transition-colors text-gray-700 hover:bg-gray-50"[31m
            [36m>[31m
              [36m<span[31m
                [33mclass[31m=[32m"text-lg"[31m
              [36m>[31m
                [0m¬≠∆í√¥√Ø[0m
              [36m</span>[31m
              [0mMeus Servi‚îú¬∫os[0m
            [36m</button>[31m
            [36m<button[31m
              [33mclass[31m=[32m"w-full flex items-center gap-3 px-4 py-2.5 rounded-lg text-sm font-medium transition-colors text-gray-700 hover:bg-gray-50"[31m
            [36m>[31m
              [36m<span[31m
                [33mclass[31m=[32m"text-lg"[31m
              [36m>[31m
                [0m¬≠∆í√¥¬™[0m
              [36m</span>[31m
              [0mMeus Itens[0m
            [36m</button>[31m
            [36m<button[31m
              [33mclass[31m=[32m"w-full flex items-center gap-3 px-4 py-2.5 rounded-lg text-sm font-medium transition-colors text-gray-700 hover:bg-gray-50"[31m
            [36m>[31m
              [36m<span[31m
                [33mclass[31m=[32m"text-lg"[31m
              [36m>[31m
                [0m√î√ò√¥[0m
              [36m</span>[31m
              [0mAjuda[0m
            [36m</button>[31m
          [36m</nav>[31m
        [36m</div>[31m
        [36m<div[31m
          [33mclass[31m=[32m"p-6 border-t border-gray-200"[31m
        [36m>[31m
          [36m<button[31m
            [33mclass[31m=[32m"text-sm text-gray-600 hover:text-blue-600"[31m
          [36m>[31m
            [0mSair[0m
          [36m</button>[31m
        [36m</div>[31m
      [36m</aside>[31m
      [36m<main[31m
        [33mclass[31m=[32m"flex-1 overflow-y-auto pt-16 md:pt-0"[31m
      [36m>[31m
        [36m<div[31m
          [33mclass[31m=[32m"max-w-7xl mx-auto p-4 sm:p-6 lg:p-8 space-y-6"[31m
        [36m>[31m
          [36m<div[31m
            [33mclass[31m=[32m"grid grid-cols-1 sm:grid-cols-3 gap-6"[31m
          [36m>[31m
            [36m<div[31m
              [33mclass[31m=[32m"bg-white rounded-xl p-6 shadow-sm border border-gray-100"[31m
            [36m>[31m
              [36m<div[31m
                [33mclass[31m=[32m"flex items-center justify-between mb-4"[31m
              [36m>[31m
                [36m<h3[31m
                  [33mclass[31m=[32m"text-sm font-medium text-gray-600"[31m
                [36m>[31m
                  [0mServi‚îú¬∫os Ativos[0m
                [36m</h3>[31m
                [36m<div[31m
                  [33mclass[31m=[32m"w-10 h-10 rounded-lg bg-blue-50 flex items-center justify-center"[31m
                [36m>[31m
                  [36m<span[31m
                    [33mclass[31m=[32m"text-xl"[31m
                  [36m>[31m
                    [0m¬≠∆í√¥√Ø[0m
                  [36m</span>[31m
                [36m</div>[31m
              [36m</div>[31m
              [36m<p[31m
                [33mclass[31m=[32m"text-3xl font-bold text-gray-900"[31m
              [36m>[31m
                [0m0[0m
              [36m</p>[31m
            [36m</div>[31m
            [36m<div[31m
              [33mclass[31m=[32m"bg-white rounded-xl p-6 shadow-sm border border-gray-100"[31m
            [36m>[31m
              [36m<div[31m
                [33mclass[31m=[32m"flex items-center justify-between mb-4"[31m
              [36m>[31m
                [36m<h3[31m
                  [33mclass[31m=[32m"text-sm font-medium text-gray-600"[31m
                [36m>[31m
                  [0mConclu‚îú¬°dos[0m
                [36m</h3>[31m
                [36m<div[31m
                  [33mclass[31m=[32m"w-10 h-10 rounded-lg bg-green-50 flex items-center justify-center"[31m
                [36m>[31m
                  [36m<span[31m
                    [33mclass[31m=[32m"text-xl"[31m
                  [36m>[31m
                    [0m¬≠∆í√Ü¬º[0m
                  [36m</span>[31m
                [36m</div>[31m
              [36m</div>[31m
              [36m<p[31m
                [33mclass[31m=[32m"text-3xl font-bold text-gray-900"[31m
              [36m>[31m
                [0m0[0m
              [36m</p>[31m
            [36m</div>[31m
            [36m<div[31m
              [33mclass[31m=[32m"bg-white rounded-xl p-6 shadow-sm border border-gray-100"[31m
            [36m>[31m
              [36m<div[31m
                [33mclass[31m=[32m"flex items-center justify-between mb-4"[31m
              [36m>[31m
                [36m<h3[31m
                  [33mclass[31m=[32m"text-sm font-medium text-gray-600"[31m
                [36m>[31m
                  [0mItens Cadastrados[0m
                [36m</h3>[31m
                [36m<div[31m
                  [33mclass[31m=[32m"w-10 h-10 rounded-lg bg-purple-50 flex items-center justify-center"[31m
                [36m>[31m
                  [36m<span[31m
                    [33mclass[31m=[32m"text-xl"[31m
                  [36m>[31m
                    [0m¬≠∆í¬∫‚ñë[0m
                  [36m</span>[31m
                [36m</div>[31m
              [36m</div>[31m
              [36m<p[31m
                [33mclass[31m=[32m"text-3xl font-bold text-gray-900"[31m
              [36m>[31m
                [0m0[0m
              [36m</p>[31m
            [36m</div>[31m
          [36m</div>[31m
          [36m<div>[31m
            [36m<h2[31m
              [33mclass[31m=[32m"text-xl font-bold text-gray-900 mb-4"[31m
            [36m>[31m
              [0mA‚îú¬∫‚îú√Åes R‚îú√≠pidas[0m
            [36m</h2>[31m
            [36m<div[31m
              [33mclass[31m=[32m"grid grid-cols-1 sm:grid-cols-2 gap-4"[31m
            [36m>[31m
              [36m<button[31m
                [33mclass[31m=[32m"flex items-center gap-4 p-6 rounded-xl bg-blue-600 text-white hover:bg-blue-700 transition shadow-lg"[31m
              [36m>[31m
                [36m<div[31m
                  [33mclass[31m=[32m"w-12 h-12 rounded-lg bg-white/20 flex items-center justify-center"[31m
                [36m>[31m
                  [36m<span[31m
                    [33mclass[31m=[32m"text-2xl"[31m
                  [36m>[31m
                    [0m√î¬£¬ø[0m
                  [36m</span>[31m
                [36m</div>[31m
                [36m<div[31m
                  [33mclass[31m=[32m"text-left"[31m
                [36m>[31m
                  [36m<h3[31m
                    [33mclass[31m=[32m"font-semibold mb-1"[31m
                  [36m>[31m
                    [0mSolicitar Servi‚îú¬∫o[0m
                  [36m</h3>[31m
                  [36m<p[31m
                    [33mclass[31m=[32m"text-sm text-blue-100"[31m
                  [36m>[31m
                    [0mCom ajuda da IA[0m
                  [36m</p>[31m
                [36m</div>[31m
              [36m</button>[31m
              [36m<button[31m
                [33mclass[31m=[32m"flex items-center gap-4 p-6 rounded-xl bg-purple-600 text-white hover:bg-purple-700 transition shadow-lg"[31m
              [36m>[31m
                [36m<div[31m
                  [33mclass[31m=[32m"w-12 h-12 rounded-lg bg-white/20 flex items-center justify-center"[31m
                [36m>[31m
                  [36m<span[31m
                    [33mclass[31m=[32m"text-2xl"[31m
                  [36m>[31m
                    [0m√î√ú√ñ¬¥¬©√Ö[0m
                  [36m</span>[31m
                [36m</div>[31m
                [36m<div[31m
                  [33mclass[31m=[32m"text-left"[31m
                [36m>[31m
                  [36m<h3[31m
                    [33mclass[31m=[32m"font-semibold mb-1"[31m
                  [36m>[31m
                    [0mCadastrar Item[0m
                  [36m</h3>[31m
                  [36m<p[31m
                    [33mclass[31m=[32m"text-sm text-purple-100"[31m
                  [36m>[31m
                    [0mPara manuten‚îú¬∫‚îú√∫o[0m
                  [36m</p>[31m
                [36m</div>[31m
              [36m</button>[31m
            [36m</div>[31m
          [36m</div>[31m
        [36m</div>[31m
      [36m</main>[31m
      [36m<div[31m
        [33maria-modal[31m=[32m"true"[31m
        [33mclass[31m=[32m"fixed inset-0 bg-black bg-opacity-60 z-50 flex items-center justify-center p-4"[31m
        [33mrole[31m=[32m"dialog"[31m
        [33mtabindex[31m=[32m"0"[31m
      [36m>[31m
        [36m<div[31m
          [33mclass[31m=[32m"bg-slate-50 rounded-2xl shadow-xl w-full max-w-3xl m-4 transform transition-all h-[90vh] flex flex-col"[31m
        [36m>[31m
          [36m<header[31m
            [33mclass[31m=[32m"relative p-6 border-b border-gray-200"[31m
          [36m>[31m
            [36m<button[31m
              [33mclass[31m=[32m"absolute top-4 right-4 text-gray-500 hover:text-gray-600"[31m
            [36m>[31m
              [36m<svg[31m
                [33mclass[31m=[32m"w-6 h-6"[31m
                [33mfill[31m=[32m"none"[31m
                [33mstroke[31m=[32m"currentColor"[31m
                [33mviewBox[31m=[32m"0 0 24 24"[31m
                [33mxmlns[31m=[32m"http://www.w3.org/2000/svg"[31m
              [36m>[31m
                [36m<path[31m
                  [33md[31m=[32m"M6 18L18 6M6 6l12 12"[31m
                  [33mstroke-linecap[31m=[32m"round"[31m
                  [33mstroke-linejoin[31m=[32m"round"[31m
                  [33mstroke-width[31m=[32m"2"[31m
                [36m/>[31m
              [36m</svg>[31m
            [36m</button>[31m
            [36m<h2[31m
              [33mclass[31m=[32m"text-xl font-bold text-gray-800"[31m
            [36m>[31m
              [0mPropostas para: [0m
              [36m<span[31m
                [33mclass[31m=[32m"text-blue-600"[31m
              [36m>[31m
                [0mdesign[0m
              [36m</span>[31m
            [36m</h2>[31m
            [36m<p[31m
              [33mclass[31m=[32m"text-sm text-gray-600 mt-1 line-clamp-2"[31m
            [36m>[31m
              [0mModern website needed[0m
            [36m</p>[31m
          [36m</header>[31m
          [36m<main[31m
            [33mclass[31m=[32m"flex-grow overflow-y-auto p-6 space-y-4"[31m
          [36m>[31m
            [36m<div[31m
              [33mclass[31m=[32m"text-center py-16"[31m
            [36m>[31m
              [36m<svg[31m
                [33maria-hidden[31m=[32m"true"[31m
                [33mclass[31m=[32m"mx-auto h-12 w-12 text-gray-500"[31m
                [33mfill[31m=[32m"none"[31m
                [33mstroke[31m=[32m"currentColor"[31m
                [33mviewBox[31m=[32m"0 0 24 24"[31m
              [36m>[31m
                [36m<path[31m
                  [33md[31m=[32m"M9 13h6m-3-3v6m-9 1V7a2 2 0 012-2h6l2 2h6a2 2 0 012 2v8a2 2 0 01-2 2H5a2 2 0 01-2-2z"[31m
                  [33mstroke-linecap[31m=[32m"round"[31m
                  [33mstroke-linejoin[31m=[32m"round"[31m
                  [33mstroke-width[31m=[32m"2"[31m
                  [33mvector-effect[31m=[32m"non-scaling-stroke"[31m
                [36m/>[31m
              [36m</svg>[31m
              [36m<h3[31m
                [33mclass[31m=[32m"mt-2 text-lg font-medium text-gray-900"[31m
              [36m>[31m
                [0mNenhuma proposta recebida[0m
              [36m</h3>[31m
              [36m<p[31m
                [33mclass[31m=[32m"mt-1 text-sm text-gray-600"[31m
              [36m>[31m
                [0mAguarde um pouco. Os prestadores foram notificados sobre seu job.[0m
              [36m</p>[31m
            [36m</div>[31m
          [36m</main>[31m
        [36m</div>[31m
      [36m</div>[31m
    [36m</div>[31m
  [36m</div>[31m
[36m</body>[31m[39m
[31m   [31m‚îú√π[31m ClientDashboard - Week 3 Expansion Tests[2m > [22mModal State Management[2m > [22mshould handle proposalToPay prop[90m 22[2mms[22m[31m[39m
[31m     √î√•√Ü Cannot read properties of undefined (reading 'name')[39m
[31m   [31m‚îú√π[31m ClientDashboard - Week 3 Expansion Tests[2m > [22mModal State Management[2m > [22mshould handle both modal props together[90m 16[2mms[22m[31m[39m
[31m     √î√•√Ü Cannot read properties of undefined (reading 'name')[39m
stderr | tests/critical-components-coverage.test.ts
Failed to get suggestion for item item1: TypeError: Cannot read properties of undefined (reading 'catch')
    at fetchFromBackend (C:\Users\JE\servio.ai\services\geminiService.ts:140:10)
    at fetchSuggestions (C:\Users\JE\servio.ai\components\MaintenanceSuggestions.tsx:41:26)

stderr | tests/critical-components-coverage.test.ts
[2025-11-28T15:36:05.011Z]  @firebase/firestore: Firestore (12.5.0): GrpcConnection RPC 'Write' stream 0x3f892616 error. Code: 7 Message: 7 PERMISSION_DENIED: Missing or insufficient permissions.
[Analytics] Failed to track event: [FirebaseError: 7 PERMISSION_DENIED: Missing or insufficient permissions.] {
  code: 'permission-denied',
  customData: undefined,
  toString: [Function (anonymous)]
}

 [32m√î¬£√¥[39m tests/critical-components-coverage.test.ts [2m([22m[2m28 tests[22m[2m)[22m[90m 182[2mms[22m[39m
stderr | tests/components/SearchLandingPage.comprehensive.test.tsx > SearchLandingPage - Comprehensive Quality Tests > Search Functionality > should handle search submission
[2025-11-28T15:36:05.401Z]  @firebase/firestore: Firestore (12.5.0): GrpcConnection RPC 'Write' stream 0x3f892617 error. Code: 7 Message: 7 PERMISSION_DENIED: Missing or insufficient permissions.
[Analytics] Failed to track event: [FirebaseError: 7 PERMISSION_DENIED: Missing or insufficient permissions.] {
  code: 'permission-denied',
  customData: undefined,
  toString: [Function (anonymous)]
}

stderr | tests/components/SearchLandingPage.comprehensive.test.tsx > SearchLandingPage - Comprehensive Quality Tests > Search Functionality > should handle long search queries
[2025-11-28T15:36:05.751Z]  @firebase/firestore: Firestore (12.5.0): GrpcConnection RPC 'Write' stream 0x3f892618 error. Code: 7 Message: 7 PERMISSION_DENIED: Missing or insufficient permissions.
[Analytics] Failed to track event: [FirebaseError: 7 PERMISSION_DENIED: Missing or insufficient permissions.] {
  code: 'permission-denied',
  customData: undefined,
  toString: [Function (anonymous)]
}

stderr | tests/components/SearchLandingPage.comprehensive.test.tsx > SearchLandingPage - Comprehensive Quality Tests > Search Functionality > should handle long search queries
[2025-11-28T15:36:06.094Z]  @firebase/firestore: Firestore (12.5.0): GrpcConnection RPC 'Write' stream 0x3f892619 error. Code: 7 Message: 7 PERMISSION_DENIED: Missing or insufficient permissions.
[Analytics] Failed to track event: [FirebaseError: 7 PERMISSION_DENIED: Missing or insufficient permissions.] {
  code: 'permission-denied',
  customData: undefined,
  toString: [Function (anonymous)]
}

stderr | tests/components/SearchLandingPage.comprehensive.test.tsx > SearchLandingPage - Comprehensive Quality Tests > Search Functionality > should handle long search queries
[2025-11-28T15:36:06.437Z]  @firebase/firestore: Firestore (12.5.0): GrpcConnection RPC 'Write' stream 0x3f89261a error. Code: 7 Message: 7 PERMISSION_DENIED: Missing or insufficient permissions.
[Analytics] Failed to track event: [FirebaseError: 7 PERMISSION_DENIED: Missing or insufficient permissions.] {
  code: 'permission-denied',
  customData: undefined,
  toString: [Function (anonymous)]
}

stderr | tests/components/SearchLandingPage.comprehensive.test.tsx > SearchLandingPage - Comprehensive Quality Tests > Search Functionality > should handle long search queries
[2025-11-28T15:36:06.791Z]  @firebase/firestore: Firestore (12.5.0): GrpcConnection RPC 'Write' stream 0x3f89261b error. Code: 7 Message: 7 PERMISSION_DENIED: Missing or insufficient permissions.
[Analytics] Failed to track event: [FirebaseError: 7 PERMISSION_DENIED: Missing or insufficient permissions.] {
  code: 'permission-denied',
  customData: undefined,
  toString: [Function (anonymous)]
}

stderr | tests/components/SearchLandingPage.comprehensive.test.tsx > SearchLandingPage - Comprehensive Quality Tests > Search Functionality > should handle long search queries
[2025-11-28T15:36:07.163Z]  @firebase/firestore: Firestore (12.5.0): GrpcConnection RPC 'Write' stream 0x3f89261c error. Code: 7 Message: 7 PERMISSION_DENIED: Missing or insufficient permissions.
[Analytics] Failed to track event: [FirebaseError: 7 PERMISSION_DENIED: Missing or insufficient permissions.] {
  code: 'permission-denied',
  customData: undefined,
  toString: [Function (anonymous)]
}

stderr | tests/components/SearchLandingPage.comprehensive.test.tsx > SearchLandingPage - Comprehensive Quality Tests > Search Functionality > should handle long search queries
[2025-11-28T15:36:07.527Z]  @firebase/firestore: Firestore (12.5.0): GrpcConnection RPC 'Write' stream 0x3f89261d error. Code: 7 Message: 7 PERMISSION_DENIED: Missing or insufficient permissions.
[Analytics] Failed to track event: [FirebaseError: 7 PERMISSION_DENIED: Missing or insufficient permissions.] {
  code: 'permission-denied',
  customData: undefined,
  toString: [Function (anonymous)]
}

stderr | tests/components/SearchLandingPage.comprehensive.test.tsx > SearchLandingPage - Comprehensive Quality Tests > Search Functionality > should handle long search queries
[2025-11-28T15:36:07.897Z]  @firebase/firestore: Firestore (12.5.0): GrpcConnection RPC 'Write' stream 0x3f89261e error. Code: 7 Message: 7 PERMISSION_DENIED: Missing or insufficient permissions.
[Analytics] Failed to track event: [FirebaseError: 7 PERMISSION_DENIED: Missing or insufficient permissions.] {
  code: 'permission-denied',
  customData: undefined,
  toString: [Function (anonymous)]
}

stderr | tests/components/SearchLandingPage.comprehensive.test.tsx > SearchLandingPage - Comprehensive Quality Tests > Search Functionality > should handle long search queries
[2025-11-28T15:36:08.240Z]  @firebase/firestore: Firestore (12.5.0): GrpcConnection RPC 'Write' stream 0x3f89261f error. Code: 7 Message: 7 PERMISSION_DENIED: Missing or insufficient permissions.
[Analytics] Failed to track event: [FirebaseError: 7 PERMISSION_DENIED: Missing or insufficient permissions.] {
  code: 'permission-denied',
  customData: undefined,
  toString: [Function (anonymous)]
}

stderr | tests/components/SearchLandingPage.comprehensive.test.tsx > SearchLandingPage - Comprehensive Quality Tests > Search Functionality > should handle long search queries
[2025-11-28T15:36:08.589Z]  @firebase/firestore: Firestore (12.5.0): GrpcConnection RPC 'Write' stream 0x3f892620 error. Code: 7 Message: 7 PERMISSION_DENIED: Missing or insufficient permissions.
[Analytics] Failed to track event: [FirebaseError: 7 PERMISSION_DENIED: Missing or insufficient permissions.] {
  code: 'permission-denied',
  customData: undefined,
  toString: [Function (anonymous)]
}

stderr | tests/components/SearchLandingPage.comprehensive.test.tsx > SearchLandingPage - Comprehensive Quality Tests > Search Functionality > should handle long search queries
[2025-11-28T15:36:08.952Z]  @firebase/firestore: Firestore (12.5.0): GrpcConnection RPC 'Write' stream 0x3f892621 error. Code: 7 Message: 7 PERMISSION_DENIED: Missing or insufficient permissions.
[Analytics] Failed to track event: [FirebaseError: 7 PERMISSION_DENIED: Missing or insufficient permissions.] {
  code: 'permission-denied',
  customData: undefined,
  toString: [Function (anonymous)]
}

stderr | tests/components/SearchLandingPage.comprehensive.test.tsx > SearchLandingPage - Comprehensive Quality Tests > Search Functionality > should handle long search queries
[2025-11-28T15:36:09.320Z]  @firebase/firestore: Firestore (12.5.0): GrpcConnection RPC 'Write' stream 0x3f892622 error. Code: 7 Message: 7 PERMISSION_DENIED: Missing or insufficient permissions.
[Analytics] Failed to track event: [FirebaseError: 7 PERMISSION_DENIED: Missing or insufficient permissions.] {
  code: 'permission-denied',
  customData: undefined,
  toString: [Function (anonymous)]
}

stderr | tests/components/SearchLandingPage.comprehensive.test.tsx > SearchLandingPage - Comprehensive Quality Tests > Search Functionality > should handle long search queries
[2025-11-28T15:36:09.654Z]  @firebase/firestore: Firestore (12.5.0): GrpcConnection RPC 'Write' stream 0x3f892623 error. Code: 7 Message: 7 PERMISSION_DENIED: Missing or insufficient permissions.
[Analytics] Failed to track event: [FirebaseError: 7 PERMISSION_DENIED: Missing or insufficient permissions.] {
  code: 'permission-denied',
  customData: undefined,
  toString: [Function (anonymous)]
}

stderr | tests/components/SearchLandingPage.comprehensive.test.tsx > SearchLandingPage - Comprehensive Quality Tests > Search Functionality > should handle long search queries
[2025-11-28T15:36:10.014Z]  @firebase/firestore: Firestore (12.5.0): GrpcConnection RPC 'Write' stream 0x3f892624 error. Code: 7 Message: 7 PERMISSION_DENIED: Missing or insufficient permissions.
[Analytics] Failed to track event: [FirebaseError: 7 PERMISSION_DENIED: Missing or insufficient permissions.] {
  code: 'permission-denied',
  customData: undefined,
  toString: [Function (anonymous)]
}

stderr | tests/components/SearchLandingPage.comprehensive.test.tsx > SearchLandingPage - Comprehensive Quality Tests > Search Functionality > should handle long search queries
[2025-11-28T15:36:10.367Z]  @firebase/firestore: Firestore (12.5.0): GrpcConnection RPC 'Write' stream 0x3f892625 error. Code: 7 Message: 7 PERMISSION_DENIED: Missing or insufficient permissions.
[Analytics] Failed to track event: [FirebaseError: 7 PERMISSION_DENIED: Missing or insufficient permissions.] {
  code: 'permission-denied',
  customData: undefined,
  toString: [Function (anonymous)]
}

stderr | tests/components/SearchLandingPage.comprehensive.test.tsx > SearchLandingPage - Comprehensive Quality Tests > Search Functionality > should handle long search queries
[2025-11-28T15:36:10.705Z]  @firebase/firestore: Firestore (12.5.0): GrpcConnection RPC 'Write' stream 0x3f892626 error. Code: 7 Message: 7 PERMISSION_DENIED: Missing or insufficient permissions.
[Analytics] Failed to track event: [FirebaseError: 7 PERMISSION_DENIED: Missing or insufficient permissions.] {
  code: 'permission-denied',
  customData: undefined,
  toString: [Function (anonymous)]
}

stderr | tests/components/SearchLandingPage.comprehensive.test.tsx > SearchLandingPage - Comprehensive Quality Tests > Search Functionality > should handle long search queries
[2025-11-28T15:36:11.061Z]  @firebase/firestore: Firestore (12.5.0): GrpcConnection RPC 'Write' stream 0x3f892627 error. Code: 7 Message: 7 PERMISSION_DENIED: Missing or insufficient permissions.
[Analytics] Failed to track event: [FirebaseError: 7 PERMISSION_DENIED: Missing or insufficient permissions.] {
  code: 'permission-denied',
  customData: undefined,
  toString: [Function (anonymous)]
}

stderr | tests/components/SearchLandingPage.comprehensive.test.tsx > SearchLandingPage - Comprehensive Quality Tests > Search Functionality > should handle long search queries
[2025-11-28T15:36:11.389Z]  @firebase/firestore: Firestore (12.5.0): GrpcConnection RPC 'Write' stream 0x3f892628 error. Code: 7 Message: 7 PERMISSION_DENIED: Missing or insufficient permissions.
[Analytics] Failed to track event: [FirebaseError: 7 PERMISSION_DENIED: Missing or insufficient permissions.] {
  code: 'permission-denied',
  customData: undefined,
  toString: [Function (anonymous)]
}

stderr | tests/components/SearchLandingPage.comprehensive.test.tsx > SearchLandingPage - Comprehensive Quality Tests > Search Functionality > should handle long search queries
[2025-11-28T15:36:11.732Z]  @firebase/firestore: Firestore (12.5.0): GrpcConnection RPC 'Write' stream 0x3f892629 error. Code: 7 Message: 7 PERMISSION_DENIED: Missing or insufficient permissions.
[Analytics] Failed to track event: [FirebaseError: 7 PERMISSION_DENIED: Missing or insufficient permissions.] {
  code: 'permission-denied',
  customData: undefined,
  toString: [Function (anonymous)]
}

stderr | tests/components/SearchLandingPage.comprehensive.test.tsx > SearchLandingPage - Comprehensive Quality Tests > Search Functionality > should handle special characters in search
[2025-11-28T15:36:12.077Z]  @firebase/firestore: Firestore (12.5.0): GrpcConnection RPC 'Write' stream 0x3f89262a error. Code: 7 Message: 7 PERMISSION_DENIED: Missing or insufficient permissions.
[Analytics] Failed to track event: [FirebaseError: 7 PERMISSION_DENIED: Missing or insufficient permissions.] {
  code: 'permission-denied',
  customData: undefined,
  toString: [Function (anonymous)]
}

stderr | tests/components/SearchLandingPage.comprehensive.test.tsx > SearchLandingPage - Comprehensive Quality Tests > Popular Services > should have clickable service categories
[2025-11-28T15:36:12.453Z]  @firebase/firestore: Firestore (12.5.0): GrpcConnection RPC 'Write' stream 0x3f89262b error. Code: 7 Message: 7 PERMISSION_DENIED: Missing or insufficient permissions.
[Analytics] Failed to track event: [FirebaseError: 7 PERMISSION_DENIED: Missing or insufficient permissions.] {
  code: 'permission-denied',
  customData: undefined,
  toString: [Function (anonymous)]
}

stderr | tests/components/SearchLandingPage.comprehensive.test.tsx > SearchLandingPage - Comprehensive Quality Tests > User Interactions > should handle focus management
[2025-11-28T15:36:12.822Z]  @firebase/firestore: Firestore (12.5.0): GrpcConnection RPC 'Write' stream 0x3f89262c error. Code: 7 Message: 7 PERMISSION_DENIED: Missing or insufficient permissions.
[Analytics] Failed to track event: [FirebaseError: 7 PERMISSION_DENIED: Missing or insufficient permissions.] {
  code: 'permission-denied',
  customData: undefined,
  toString: [Function (anonymous)]
}

stderr | tests/components/SearchLandingPage.comprehensive.test.tsx > SearchLandingPage - Comprehensive Quality Tests > Edge Cases > should handle rapid search interactions
[2025-11-28T15:36:13.167Z]  @firebase/firestore: Firestore (12.5.0): GrpcConnection RPC 'Write' stream 0x3f89262d error. Code: 7 Message: 7 PERMISSION_DENIED: Missing or insufficient permissions.
[Analytics] Failed to track event: [FirebaseError: 7 PERMISSION_DENIED: Missing or insufficient permissions.] {
  code: 'permission-denied',
  customData: undefined,
  toString: [Function (anonymous)]
}

 [31m√î√ò¬ª[39m tests/components/SearchLandingPage.comprehensive.test.tsx [2m([22m[2m38 tests[22m[2m | [22m[31m1 failed[39m[2m)[22m[33m 8319[2mms[22m[39m
   [33m[2m√î¬£√¥[22m[39m SearchLandingPage - Comprehensive Quality Tests[2m > [22mSearch Functionality[2m > [22mshould handle long search queries [33m6330[2mms[22m[39m
   [33m[2m√î¬£√¥[22m[39m SearchLandingPage - Comprehensive Quality Tests[2m > [22mSearch Functionality[2m > [22mshould handle special characters in search [33m451[2mms[22m[39m
   [33m[2m√î¬£√¥[22m[39m SearchLandingPage - Comprehensive Quality Tests[2m > [22mEdge Cases[2m > [22mshould handle rapid search interactions [33m577[2mms[22m[39m
[31m   [31m‚îú√π[31m SearchLandingPage - Comprehensive Quality Tests[2m > [22mMobile Experience[2m > [22mshould have adequate spacing for touch targets[90m 7[2mms[22m[31m[39m
[31m     √î√•√Ü expected 0 to be greater than 0[39m
stderr | tests/prospectorHelpers.test.ts
[2025-11-28T15:36:13.495Z]  @firebase/firestore: Firestore (12.5.0): GrpcConnection RPC 'Write' stream 0x3f89262e error. Code: 7 Message: 7 PERMISSION_DENIED: Missing or insufficient permissions.
[Analytics] Failed to track event: [FirebaseError: 7 PERMISSION_DENIED: Missing or insufficient permissions.] {
  code: 'permission-denied',
  customData: undefined,
  toString: [Function (anonymous)]
}

 [32m√î¬£√¥[39m tests/prospectorHelpers.test.ts [2m([22m[2m40 tests[22m[2m)[22m[90m 11[2mms[22m[39m
stderr | tests/week2/AdminDashboard.suite.test.tsx
[2025-11-28T15:36:14.659Z]  @firebase/firestore: Firestore (12.5.0): GrpcConnection RPC 'Write' stream 0x3f89262f error. Code: 7 Message: 7 PERMISSION_DENIED: Missing or insufficient permissions.
[Analytics] Failed to track event: [FirebaseError: 7 PERMISSION_DENIED: Missing or insufficient permissions.] {
  code: 'permission-denied',
  customData: undefined,
  toString: [Function (anonymous)]
}

 [31m√î√ò¬ª[39m tests/week2/AdminDashboard.suite.test.tsx [2m([22m[2m32 tests[22m[2m | [22m[31m2 failed[39m[2m)[22m[33m 868[2mms[22m[39m
[31m   [31m‚îú√π[31m AdminDashboard[2m > [22mRendering[2m > [22mshould render admin dashboard[90m 8[2mms[22m[31m[39m
[31m     √î√•√Ü Unable to find an element with the text: /admin|dashboard|painel/i. This could be because the text is broken up by multiple elements. In this case, you can provide a function for your text matcher to make your matcher more flexible.

Ignored nodes: comments, script, style
[36m<body>[31m
  [36m<div>[31m
    [36m<div[31m
      [33mdata-testid[31m=[32m"admin-dashboard-root"[31m
    [36m>[31m
      [36m<div[31m
        [33mclass[31m=[32m"flex justify-between items-center mb-6"[31m
      [36m/>[31m
      [36m<div[31m
        [33mclass[31m=[32m"border-b border-gray-200 mb-6"[31m
        [33mdata-testid[31m=[32m"admin-tabs"[31m
      [36m>[31m
        [36m<nav[31m
          [33maria-label[31m=[32m"Tabs"[31m
          [33mclass[31m=[32m"-mb-px flex space-x-8 overflow-x-auto"[31m
        [36m>[31m
          [36m<button[31m
            [33mclass[31m=[32m"border-blue-500 text-blue-600
                                whitespace-nowrap py-4 px-1 border-b-2 font-medium text-sm transition-colors flex items-center space-x-2"[31m
            [33mdata-testid[31m=[32m"admin-tab-analytics"[31m
          [36m>[31m
            [36m<span>[31m
              [0mAnalytics[0m
            [36m</span>[31m
          [36m</button>[31m
          [36m<button[31m
            [33mclass[31m=[32m"border-transparent text-gray-600 hover:text-gray-700 hover:border-gray-300
                                whitespace-nowrap py-4 px-1 border-b-2 font-medium text-sm transition-colors flex items-center space-x-2"[31m
            [33mdata-testid[31m=[32m"admin-tab-jobs"[31m
          [36m>[31m
            [36m<span>[31m
              [0mJobs[0m
            [36m</span>[31m
          [36m</button>[31m
          [36m<button[31m
            [33mclass[31m=[32m"border-transparent text-gray-600 hover:text-gray-700 hover:border-gray-300
                                whitespace-nowrap py-4 px-1 border-b-2 font-medium text-sm transition-colors flex items-center space-x-2"[31m
            [33mdata-testid[31m=[32m"admin-tab-providers"[31m
          [36m>[31m
            [36m<span>[31m
              [0mProviders[0m
            [36m</span>[31m
          [36m</button>[31m
          [36m<button[31m
            [33mclass[31m=[32m"border-transparent text-gray-600 hover:text-gray-700 hover:border-gray-300
                                whitespace-nowrap py-4 px-1 border-b-2 font-medium text-sm transition-colors flex items-center space-x-2"[31m
            [33mdata-testid[31m=[32m"admin-tab-financials"[31m
          [36m>[31m
            [36m<span>[31m
              [0mFinancials[0m
            [36m</span>[31m
          [36m</button>[31m
          [36m<button[31m
            [33mclass[31m=[32m"border-transparent text-gray-600 hover:text-gray-700 hover:border-gray-300
                                whitespace-nowrap py-4 px-1 border-b-2 font-medium text-sm transition-colors flex items-center space-x-2"[31m
            [33mdata-testid[31m=[32m"admin-tab-fraud"[31m
          [36m>[31m
            [36m<span>[31m
              [0mFraud[0m
            [36m</span>[31m
          [36m</button>[31m
          [36m<button[31m
            [33mclass[31m=[32m"border-transparent text-gray-600 hover:text-gray-700 hover:border-gray-300
                                whitespace-nowrap py-4 px-1 border-b-2 font-medium text-sm transition-colors flex items-center space-x-2"[31m
            [33mdata-testid[31m=[32m"admin-tab-users"[31m
          [36m>[31m
            [36m<span>[31m
              [0mUsers[0m
            [36m</span>[31m
          [36m</button>[31m
          [36m<button[31m
            [33mclass[31m=[32m"border-transparent text-gray-600 hover:text-gray-700 hover:border-gray-300
                                whitespace-nowrap py-4 px-1 border-b-2 font-medium text-sm transition-colors flex items-center space-x-2"[31m
            [33mdata-testid[31m=[32m"admin-tab-prospecting"[31m
          [36m>[31m
            [36m<span>[31m
              [0mProspecting[0m
            [36m</span>[31m
          [36m</button>[31m
          [36m<button[31m
            [33mclass[31m=[32m"border-transparent text-gray-600 hover:text-gray-700 hover:border-gray-300
                                whitespace-nowrap py-4 px-1 border-b-2 font-medium text-sm transition-colors flex items-center space-x-2"[31m
            [33mdata-testid[31m=[32m"admin-tab-marketing"[31m
          [36m>[31m
            [36m<span>[31m
              [0mMarketing[0m
            [36m</span>[31m
          [36m</button>[31m
          [36m<button[31m
            [33mclass[31m=[32m"border-transparent text-gray-600 hover:text-gray-700 hover:border-gray-300
                                whitespace-nowrap py-4 px-1 border-b-2 font-medium text-sm transition-colors flex items-center space-x-2"[31m
            [33mdata-testid[31m=[32m"admin-tab-prospectors"[31m
          [36m>[31m
            [36m<span>[31m
              [0mProspectors[0m
            [36m</span>[31m
          [36m</button>[31m
        [36m</nav>[31m
      [36m</div>[31m
      [36m<div[31m
        [33mdata-testid[31m=[32m"admin-active-tab-content"[31m
      [36m>[31m
        [36m<div[31m
          [33mdata-testid[31m=[32m"analytics"[31m
        [36m>[31m
          [0mAnalytics[0m
        [36m</div>[31m
      [36m</div>[31m
    [36m</div>[31m
  [36m</div>[31m
[36m</body>[31m[39m
[31m   [31m‚îú√π[31m AdminDashboard[2m > [22mRendering[2m > [22mshould display main sections[90m 7[2mms[22m[31m[39m
[31m     √î√•√Ü Unable to find an element with the text: /admin|dashboard/i. This could be because the text is broken up by multiple elements. In this case, you can provide a function for your text matcher to make your matcher more flexible.

Ignored nodes: comments, script, style
[36m<body>[31m
  [36m<div>[31m
    [36m<div[31m
      [33mdata-testid[31m=[32m"admin-dashboard-root"[31m
    [36m>[31m
      [36m<div[31m
        [33mclass[31m=[32m"flex justify-between items-center mb-6"[31m
      [36m/>[31m
      [36m<div[31m
        [33mclass[31m=[32m"border-b border-gray-200 mb-6"[31m
        [33mdata-testid[31m=[32m"admin-tabs"[31m
      [36m>[31m
        [36m<nav[31m
          [33maria-label[31m=[32m"Tabs"[31m
          [33mclass[31m=[32m"-mb-px flex space-x-8 overflow-x-auto"[31m
        [36m>[31m
          [36m<button[31m
            [33mclass[31m=[32m"border-blue-500 text-blue-600
                                whitespace-nowrap py-4 px-1 border-b-2 font-medium text-sm transition-colors flex items-center space-x-2"[31m
            [33mdata-testid[31m=[32m"admin-tab-analytics"[31m
          [36m>[31m
            [36m<span>[31m
              [0mAnalytics[0m
            [36m</span>[31m
          [36m</button>[31m
          [36m<button[31m
            [33mclass[31m=[32m"border-transparent text-gray-600 hover:text-gray-700 hover:border-gray-300
                                whitespace-nowrap py-4 px-1 border-b-2 font-medium text-sm transition-colors flex items-center space-x-2"[31m
            [33mdata-testid[31m=[32m"admin-tab-jobs"[31m
          [36m>[31m
            [36m<span>[31m
              [0mJobs[0m
            [36m</span>[31m
          [36m</button>[31m
          [36m<button[31m
            [33mclass[31m=[32m"border-transparent text-gray-600 hover:text-gray-700 hover:border-gray-300
                                whitespace-nowrap py-4 px-1 border-b-2 font-medium text-sm transition-colors flex items-center space-x-2"[31m
            [33mdata-testid[31m=[32m"admin-tab-providers"[31m
          [36m>[31m
            [36m<span>[31m
              [0mProviders[0m
            [36m</span>[31m
          [36m</button>[31m
          [36m<button[31m
            [33mclass[31m=[32m"border-transparent text-gray-600 hover:text-gray-700 hover:border-gray-300
                                whitespace-nowrap py-4 px-1 border-b-2 font-medium text-sm transition-colors flex items-center space-x-2"[31m
            [33mdata-testid[31m=[32m"admin-tab-financials"[31m
          [36m>[31m
            [36m<span>[31m
              [0mFinancials[0m
            [36m</span>[31m
          [36m</button>[31m
          [36m<button[31m
            [33mclass[31m=[32m"border-transparent text-gray-600 hover:text-gray-700 hover:border-gray-300
                                whitespace-nowrap py-4 px-1 border-b-2 font-medium text-sm transition-colors flex items-center space-x-2"[31m
            [33mdata-testid[31m=[32m"admin-tab-fraud"[31m
          [36m>[31m
            [36m<span>[31m
              [0mFraud[0m
            [36m</span>[31m
          [36m</button>[31m
          [36m<button[31m
            [33mclass[31m=[32m"border-transparent text-gray-600 hover:text-gray-700 hover:border-gray-300
                                whitespace-nowrap py-4 px-1 border-b-2 font-medium text-sm transition-colors flex items-center space-x-2"[31m
            [33mdata-testid[31m=[32m"admin-tab-users"[31m
          [36m>[31m
            [36m<span>[31m
              [0mUsers[0m
            [36m</span>[31m
          [36m</button>[31m
          [36m<button[31m
            [33mclass[31m=[32m"border-transparent text-gray-600 hover:text-gray-700 hover:border-gray-300
                                whitespace-nowrap py-4 px-1 border-b-2 font-medium text-sm transition-colors flex items-center space-x-2"[31m
            [33mdata-testid[31m=[32m"admin-tab-prospecting"[31m
          [36m>[31m
            [36m<span>[31m
              [0mProspecting[0m
            [36m</span>[31m
          [36m</button>[31m
          [36m<button[31m
            [33mclass[31m=[32m"border-transparent text-gray-600 hover:text-gray-700 hover:border-gray-300
                                whitespace-nowrap py-4 px-1 border-b-2 font-medium text-sm transition-colors flex items-center space-x-2"[31m
            [33mdata-testid[31m=[32m"admin-tab-marketing"[31m
          [36m>[31m
            [36m<span>[31m
              [0mMarketing[0m
            [36m</span>[31m
          [36m</button>[31m
          [36m<button[31m
            [33mclass[31m=[32m"border-transparent text-gray-600 hover:text-gray-700 hover:border-gray-300
                                whitespace-nowrap py-4 px-1 border-b-2 font-medium text-sm transition-colors flex items-center space-x-2"[31m
            [33mdata-testid[31m=[32m"admin-tab-prospectors"[31m
          [36m>[31m
            [36m<span>[31m
              [0mProspectors[0m
            [36m</span>[31m
          [36m</button>[31m
        [36m</nav>[31m
      [36m</div>[31m
      [36m<div[31m
        [33mdata-testid[31m=[32m"admin-active-tab-content"[31m
      [36m>[31m
        [36m<div[31m
          [33mdata-testid[31m=[32m"analytics"[31m
        [36m>[31m
          [0mAnalytics[0m
        [36m</div>[31m
      [36m</div>[31m
    [36m</div>[31m
  [36m</div>[31m
[36m</body>[31m[39m
stderr | tests/api.test.ts > API Service > Error Handling > deve lan‚îú¬∫ar erro em opera‚îú¬∫‚îú√Åes cr‚îú¬°ticas sem fallback
Failed to create job: Error: Falha de rede. Verifique sua conex‚îú√∫o.
    at makeApiError (C:\Users\JE\servio.ai\services\api.ts:61:15)
    at apiCall (C:\Users\JE\servio.ai\services\api.ts:106:11)
    at Module.createJob (C:\Users\JE\servio.ai\services\api.ts:613:12) {
  code: 'E_NETWORK'
}

 [32m√î¬£√¥[39m tests/api.test.ts [2m([22m[2m19 tests[22m[2m)[22m[90m 30[2mms[22m[39m
stderr | tests/prospecting.enhanced.test.ts > Enhanced Prospecting Service > analyzeProspectWithAI > should fallback to basic scoring if AI fails
[ProspectingService] AI analysis failed: Error: AI service down
    at C:\Users\JE\servio.ai\tests\prospecting.enhanced.test.ts:68:51
    at file:///C:/Users/JE/servio.ai/node_modules/@vitest/runner/dist/index.js:146:14
    at file:///C:/Users/JE/servio.ai/node_modules/@vitest/runner/dist/index.js:533:11
    at runWithTimeout (file:///C:/Users/JE/servio.ai/node_modules/@vitest/runner/dist/index.js:39:7)
    at runTest (file:///C:/Users/JE/servio.ai/node_modules/@vitest/runner/dist/index.js:1056:17)
    at runSuite (file:///C:/Users/JE/servio.ai/node_modules/@vitest/runner/dist/index.js:1205:15)
    at runSuite (file:///C:/Users/JE/servio.ai/node_modules/@vitest/runner/dist/index.js:1205:15)
    at runSuite (file:///C:/Users/JE/servio.ai/node_modules/@vitest/runner/dist/index.js:1205:15)
    at runFiles (file:///C:/Users/JE/servio.ai/node_modules/@vitest/runner/dist/index.js:1262:5)
    at startTests (file:///C:/Users/JE/servio.ai/node_modules/@vitest/runner/dist/index.js:1271:3)

stderr | tests/prospecting.enhanced.test.ts > Enhanced Prospecting Service > analyzeProspectWithAI > should handle prospect without rating
[ProspectingService] AI analysis failed: Error: No rating
    at C:\Users\JE\servio.ai\tests\prospecting.enhanced.test.ts:87:51
    at file:///C:/Users/JE/servio.ai/node_modules/@vitest/runner/dist/index.js:146:14
    at file:///C:/Users/JE/servio.ai/node_modules/@vitest/runner/dist/index.js:533:11
    at runWithTimeout (file:///C:/Users/JE/servio.ai/node_modules/@vitest/runner/dist/index.js:39:7)
    at runTest (file:///C:/Users/JE/servio.ai/node_modules/@vitest/runner/dist/index.js:1056:17)
    at runSuite (file:///C:/Users/JE/servio.ai/node_modules/@vitest/runner/dist/index.js:1205:15)
    at runSuite (file:///C:/Users/JE/servio.ai/node_modules/@vitest/runner/dist/index.js:1205:15)
    at runSuite (file:///C:/Users/JE/servio.ai/node_modules/@vitest/runner/dist/index.js:1205:15)
    at runFiles (file:///C:/Users/JE/servio.ai/node_modules/@vitest/runner/dist/index.js:1262:5)
    at startTests (file:///C:/Users/JE/servio.ai/node_modules/@vitest/runner/dist/index.js:1271:3)

stderr | tests/prospecting.enhanced.test.ts > Enhanced Prospecting Service > generatePersonalizedEmail > should fallback to basic template if AI fails
[ProspectingService] Email generation failed: Error: AI unavailable
    at C:\Users\JE\servio.ai\tests\prospecting.enhanced.test.ts:145:51
    at file:///C:/Users/JE/servio.ai/node_modules/@vitest/runner/dist/index.js:146:14
    at file:///C:/Users/JE/servio.ai/node_modules/@vitest/runner/dist/index.js:533:11
    at runWithTimeout (file:///C:/Users/JE/servio.ai/node_modules/@vitest/runner/dist/index.js:39:7)
    at runTest (file:///C:/Users/JE/servio.ai/node_modules/@vitest/runner/dist/index.js:1056:17)
    at runSuite (file:///C:/Users/JE/servio.ai/node_modules/@vitest/runner/dist/index.js:1205:15)
    at runSuite (file:///C:/Users/JE/servio.ai/node_modules/@vitest/runner/dist/index.js:1205:15)
    at runSuite (file:///C:/Users/JE/servio.ai/node_modules/@vitest/runner/dist/index.js:1205:15)
    at runFiles (file:///C:/Users/JE/servio.ai/node_modules/@vitest/runner/dist/index.js:1262:5)
    at startTests (file:///C:/Users/JE/servio.ai/node_modules/@vitest/runner/dist/index.js:1271:3)

stderr | tests/prospecting.enhanced.test.ts > Enhanced Prospecting Service > sendMultiChannelInvite > should handle channel failures gracefully
[ProspectingService] SMS failed: Error: SMS service down
    at C:\Users\JE\servio.ai\tests\prospecting.enhanced.test.ts:318:32
    at file:///C:/Users/JE/servio.ai/node_modules/@vitest/runner/dist/index.js:146:14
    at file:///C:/Users/JE/servio.ai/node_modules/@vitest/runner/dist/index.js:533:11
    at runWithTimeout (file:///C:/Users/JE/servio.ai/node_modules/@vitest/runner/dist/index.js:39:7)
    at runTest (file:///C:/Users/JE/servio.ai/node_modules/@vitest/runner/dist/index.js:1056:17)
    at runSuite (file:///C:/Users/JE/servio.ai/node_modules/@vitest/runner/dist/index.js:1205:15)
    at runSuite (file:///C:/Users/JE/servio.ai/node_modules/@vitest/runner/dist/index.js:1205:15)
    at runSuite (file:///C:/Users/JE/servio.ai/node_modules/@vitest/runner/dist/index.js:1205:15)
    at runFiles (file:///C:/Users/JE/servio.ai/node_modules/@vitest/runner/dist/index.js:1262:5)
    at startTests (file:///C:/Users/JE/servio.ai/node_modules/@vitest/runner/dist/index.js:1271:3)

 [32m√î¬£√¥[39m tests/prospecting.enhanced.test.ts [2m([22m[2m13 tests[22m[2m)[22m[90m 17[2mms[22m[39m
 [31m√î√ò¬ª[39m tests/components/admin/InternalChat.comprehensive.test.tsx [2m([22m[2m0 test[22m[2m)[22m
 [32m√î¬£√¥[39m tests/errorTranslator.test.ts [2m([22m[2m31 tests[22m[2m)[22m[90m 6[2mms[22m[39m
stderr | Console.console.warn (C:\Users\JE\servio.ai\tests\setup.ts:83:16)
[2025-11-28T15:36:14.992Z]  @firebase/firestore: Firestore (12.5.0): GrpcConnection RPC 'Write' stream 0x3f892630 error. Code: 7 Message: 7 PERMISSION_DENIED: Missing or insufficient permissions.

stderr | Console.console.error (C:\Users\JE\servio.ai\tests\setup.ts:88:17)
[Analytics] Failed to track event: [FirebaseError: 7 PERMISSION_DENIED: Missing or insufficient permissions.] {
  code: 'permission-denied',
  customData: undefined,
  toString: [Function (anonymous)]
}

 [31m√î√ò¬ª[39m tests/components/ProfilePage.comprehensive.test.tsx [2m([22m[2m0 test[22m[2m)[22m
 [31m√î√ò¬ª[39m tests/messageTemplates.test.ts [2m([22m[2m29 tests[22m[2m | [22m[31m1 failed[39m[2m)[22m[90m 11[2mms[22m[39m
[31m   [31m‚îú√π[31m messageTemplates utilities[2m > [22mgetTemplates[2m > [22mshould return empty array for non-existent category[90m 3[2mms[22m[31m[39m
[31m     √î√•√Ü expected 7 to be +0 // Object.is equality[39m
 [32m√î¬£√¥[39m tests/types.comprehensive.test.ts [2m([22m[2m33 tests[22m[2m)[22m[90m 31[2mms[22m[39m
stderr | tests/AIJobRequestWizard.test.tsx > AIJobRequestWizard > chama enhanceJobRequest e mostra review screen
[2025-11-28T15:36:15.362Z]  @firebase/firestore: Firestore (12.5.0): GrpcConnection RPC 'Write' stream 0x3f892631 error. Code: 7 Message: 7 PERMISSION_DENIED: Missing or insufficient permissions.
[Analytics] Failed to track event: [FirebaseError: 7 PERMISSION_DENIED: Missing or insufficient permissions.] {
  code: 'permission-denied',
  customData: undefined,
  toString: [Function (anonymous)]
}

 [32m√î¬£√¥[39m tests/AIJobRequestWizard.test.tsx [2m([22m[2m13 tests[22m[2m)[22m[33m 310[2mms[22m[39m
 [31m√î√ò¬ª[39m tests/services/geminiService.comprehensive.test.ts [2m([22m[2m0 test[22m[2m)[22m
stderr | tests/ProspectorCRM.test.tsx
[2025-11-28T15:36:15.778Z]  @firebase/firestore: Firestore (12.5.0): GrpcConnection RPC 'Write' stream 0x3f892632 error. Code: 7 Message: 7 PERMISSION_DENIED: Missing or insufficient permissions.
[Analytics] Failed to track event: [FirebaseError: 7 PERMISSION_DENIED: Missing or insufficient permissions.] {
  code: 'permission-denied',
  customData: undefined,
  toString: [Function (anonymous)]
}

 [31m√î√ò¬ª[39m tests/ProspectorCRM.test.tsx [2m([22m[2m0 test[22m[2m)[22m
stderr | tests/App.test.tsx
[2025-11-28T15:36:16.162Z]  @firebase/firestore: Firestore (12.5.0): GrpcConnection RPC 'Write' stream 0x3f892633 error. Code: 7 Message: 7 PERMISSION_DENIED: Missing or insufficient permissions.
[Analytics] Failed to track event: [FirebaseError: 7 PERMISSION_DENIED: Missing or insufficient permissions.] {
  code: 'permission-denied',
  customData: undefined,
  toString: [Function (anonymous)]
}

 [32m√î¬£√¥[39m tests/App.test.tsx [2m([22m[2m22 tests[22m[2m)[22m[90m 178[2mms[22m[39m
 [32m√î¬£√¥[39m tests/coverage-boost.test.ts [2m([22m[2m21 tests[22m[2m)[22m[90m 7[2mms[22m[39m
 [31m√î√ò¬ª[39m tests/components/HeroSection.comprehensive.test.tsx [2m([22m[2m0 test[22m[2m)[22m
 [32m√î¬£√¥[39m tests/adminMetrics.test.ts [2m([22m[2m16 tests[22m[2m)[22m[90m 8[2mms[22m[39m
stderr | tests/api.errorHandling.test.ts > apiCall - Error Handling > E_TIMEOUT - AbortController > deve lan‚îú¬∫ar E_TIMEOUT quando AbortError ocorre
[api] Timeout on /api/stripe/create-connect-account Error: Tempo de resposta excedido. Tente novamente.
    at makeApiError (C:\Users\JE\servio.ai\services\api.ts:61:15)
    at apiCall (C:\Users\JE\servio.ai\services\api.ts:99:22) {
  code: 'E_TIMEOUT'
}

 [32m√î¬£√¥[39m tests/api.errorHandling.test.ts [2m([22m[2m14 tests[22m[2m)[22m[90m 21[2mms[22m[39m
 [32m√î¬£√¥[39m tests/prospectorMaterialKit.test.ts [2m([22m[2m35 tests[22m[2m)[22m[90m 13[2mms[22m[39m
stderr | Console.console.warn (C:\Users\JE\servio.ai\tests\setup.ts:83:16)
[2025-11-28T15:36:16.544Z]  @firebase/firestore: Firestore (12.5.0): GrpcConnection RPC 'Write' stream 0x3f892634 error. Code: 7 Message: 7 PERMISSION_DENIED: Missing or insufficient permissions.

stderr | Console.console.error (C:\Users\JE\servio.ai\tests\setup.ts:88:17)
[Analytics] Failed to track event: [FirebaseError: 7 PERMISSION_DENIED: Missing or insufficient permissions.] {
  code: 'permission-denied',
  customData: undefined,
  toString: [Function (anonymous)]
}

 [32m√î¬£√¥[39m tests/ProviderDashboard.actions.test.tsx [2m([22m[2m6 tests[22m[2m)[22m[90m 289[2mms[22m[39m
stderr | tests/ClientDashboard.test.tsx > ClientDashboard > altern‚îú√≥ncia de tabs e estados vazios (servi‚îú¬∫os/itens/ajuda)
[2025-11-28T15:36:17.665Z]  @firebase/firestore: Firestore (12.5.0): GrpcConnection RPC 'Write' stream 0x3f892635 error. Code: 7 Message: 7 PERMISSION_DENIED: Missing or insufficient permissions.
[Analytics] Failed to track event: [FirebaseError: 7 PERMISSION_DENIED: Missing or insufficient permissions.] {
  code: 'permission-denied',
  customData: undefined,
  toString: [Function (anonymous)]
}

stderr | tests/ClientDashboard.test.tsx > ClientDashboard > a‚îú¬∫‚îú√∫o r‚îú√≠pida "Solicitar Servi‚îú¬∫o" dispara callback
[2025-11-28T15:36:18.160Z]  @firebase/firestore: Firestore (12.5.0): GrpcConnection RPC 'Write' stream 0x3f892636 error. Code: 7 Message: 7 PERMISSION_DENIED: Missing or insufficient permissions.
[Analytics] Failed to track event: [FirebaseError: 7 PERMISSION_DENIED: Missing or insufficient permissions.] {
  code: 'permission-denied',
  customData: undefined,
  toString: [Function (anonymous)]
}

stderr | tests/ClientDashboard.test.tsx > ClientDashboard > Fluxo de Pagamento > deve abrir o modal de pagamento ao aceitar uma proposta
Warning: The current testing environment is not configured to support act(...)
    at ClientDashboard (C:\Users\JE\servio.ai\components\ClientDashboard.tsx:39:3)
Warning: The current testing environment is not configured to support act(...)
    at ClientDashboard (C:\Users\JE\servio.ai\components\ClientDashboard.tsx:39:3)
[2025-11-28T15:36:18.530Z]  @firebase/firestore: Firestore (12.5.0): GrpcConnection RPC 'Write' stream 0x3f892637 error. Code: 7 Message: 7 PERMISSION_DENIED: Missing or insufficient permissions.
[Analytics] Failed to track event: [FirebaseError: 7 PERMISSION_DENIED: Missing or insufficient permissions.] {
  code: 'permission-denied',
  customData: undefined,
  toString: [Function (anonymous)]
}

stderr | tests/ClientDashboard.test.tsx > ClientDashboard > Fluxo de Pagamento > deve chamar a API de checkout e redirecionar ao confirmar o pagamento
Warning: The current testing environment is not configured to support act(...)
    at ClientDashboard (C:\Users\JE\servio.ai\components\ClientDashboard.tsx:39:3)
Warning: The current testing environment is not configured to support act(...)
    at ClientDashboard (C:\Users\JE\servio.ai\components\ClientDashboard.tsx:39:3)

stderr | tests/ClientDashboard.test.tsx > ClientDashboard > Fluxo de Pagamento > deve fechar o modal de pagamento ao clicar em cancelar
Warning: The current testing environment is not configured to support act(...)
    at ClientDashboard (C:\Users\JE\servio.ai\components\ClientDashboard.tsx:39:3)
Warning: The current testing environment is not configured to support act(...)
    at ClientDashboard (C:\Users\JE\servio.ai\components\ClientDashboard.tsx:39:3)

stderr | tests/ClientDashboard.test.tsx > ClientDashboard > Fluxo de Pagamento > deve fechar o modal de pagamento ao clicar em cancelar
[2025-11-28T15:36:19.316Z]  @firebase/firestore: Firestore (12.5.0): GrpcConnection RPC 'Write' stream 0x3f892638 error. Code: 7 Message: 7 PERMISSION_DENIED: Missing or insufficient permissions.
[Analytics] Failed to track event: [FirebaseError: 7 PERMISSION_DENIED: Missing or insufficient permissions.] {
  code: 'permission-denied',
  customData: undefined,
  toString: [Function (anonymous)]
}

 [32m√î¬£√¥[39m tests/ClientDashboard.test.tsx [2m([22m[2m7 tests[22m[2m)[22m[33m 2299[2mms[22m[39m
   [33m[2m√î¬£√¥[22m[39m ClientDashboard[2m > [22mrenderiza tabs e sauda‚îú¬∫‚îú√∫o ap‚îú‚îÇs o loading [33m442[2mms[22m[39m
   [33m[2m√î¬£√¥[22m[39m ClientDashboard[2m > [22maltern‚îú√≥ncia de tabs e estados vazios (servi‚îú¬∫os/itens/ajuda) [33m508[2mms[22m[39m
   [33m[2m√î¬£√¥[22m[39m ClientDashboard[2m > [22mbot‚îú√∫o "+ Novo Servi‚îú¬∫o" em "Meus Servi‚îú¬∫os" dispara callback [33m330[2mms[22m[39m
   [33m[2m√î¬£√¥[22m[39m ClientDashboard[2m > [22mFluxo de Pagamento[2m > [22mdeve chamar a API de checkout e redirecionar ao confirmar o pagamento [33m374[2mms[22m[39m
   [33m[2m√î¬£√¥[22m[39m ClientDashboard[2m > [22mFluxo de Pagamento[2m > [22mdeve fechar o modal de pagamento ao clicar em cancelar [33m365[2mms[22m[39m
stderr | tests/PaymentModal.test.tsx > PaymentModal > exibe mensagem de erro quando onConfirmPayment falha
[2025-11-28T15:36:19.658Z]  @firebase/firestore: Firestore (12.5.0): GrpcConnection RPC 'Write' stream 0x3f892639 error. Code: 7 Message: 7 PERMISSION_DENIED: Missing or insufficient permissions.
[Analytics] Failed to track event: [FirebaseError: 7 PERMISSION_DENIED: Missing or insufficient permissions.] {
  code: 'permission-denied',
  customData: undefined,
  toString: [Function (anonymous)]
}

 [32m√î¬£√¥[39m tests/PaymentModal.test.tsx [2m([22m[2m9 tests[22m[2m)[22m[33m 512[2mms[22m[39m
stderr | tests/ChatModal.test.tsx > ChatModal > bloqueia envio quando outra parte n‚îú√∫o existe
[2025-11-28T15:36:20.155Z]  @firebase/firestore: Firestore (12.5.0): GrpcConnection RPC 'Write' stream 0x3f89263a error. Code: 7 Message: 7 PERMISSION_DENIED: Missing or insufficient permissions.
[Analytics] Failed to track event: [FirebaseError: 7 PERMISSION_DENIED: Missing or insufficient permissions.] {
  code: 'permission-denied',
  customData: undefined,
  toString: [Function (anonymous)]
}

stderr | tests/ChatModal.test.tsx > ChatModal > mostra sugest‚îú√∫o da IA e envia resumo como notifica‚îú¬∫‚îú√∫o de sistema
[2025-11-28T15:36:20.483Z]  @firebase/firestore: Firestore (12.5.0): GrpcConnection RPC 'Write' stream 0x3f89263b error. Code: 7 Message: 7 PERMISSION_DENIED: Missing or insufficient permissions.
[Analytics] Failed to track event: [FirebaseError: 7 PERMISSION_DENIED: Missing or insufficient permissions.] {
  code: 'permission-denied',
  customData: undefined,
  toString: [Function (anonymous)]
}

stderr | tests/ChatModal.test.tsx > ChatModal > permite sugerir agendamento manual e envia schedule_proposal
[2025-11-28T15:36:20.828Z]  @firebase/firestore: Firestore (12.5.0): GrpcConnection RPC 'Write' stream 0x3f89263c error. Code: 7 Message: 7 PERMISSION_DENIED: Missing or insufficient permissions.
[Analytics] Failed to track event: [FirebaseError: 7 PERMISSION_DENIED: Missing or insufficient permissions.] {
  code: 'permission-denied',
  customData: undefined,
  toString: [Function (anonymous)]
}

 [32m√î¬£√¥[39m tests/ChatModal.test.tsx [2m([22m[2m7 tests[22m[2m)[22m[33m 1043[2mms[22m[39m
   [33m[2m√î¬£√¥[22m[39m ChatModal[2m > [22menvia mensagem de texto e limpa input [33m310[2mms[22m[39m
stderr | tests/components/ReviewModal.test.tsx > ReviewModal > shows error when submitting without rating
[2025-11-28T15:36:21.225Z]  @firebase/firestore: Firestore (12.5.0): GrpcConnection RPC 'Write' stream 0x3f89263d error. Code: 7 Message: 7 PERMISSION_DENIED: Missing or insufficient permissions.
[Analytics] Failed to track event: [FirebaseError: 7 PERMISSION_DENIED: Missing or insufficient permissions.] {
  code: 'permission-denied',
  customData: undefined,
  toString: [Function (anonymous)]
}

 [32m√î¬£√¥[39m tests/components/ReviewModal.test.tsx [2m([22m[2m11 tests[22m[2m)[22m[33m 525[2mms[22m[39m
stderr | tests/api.edgecases.test.ts > API Service - Edge Cases > Error handling > deve lidar com timeout de requisi‚îú¬∫‚îú√∫o
[2025-11-28T15:36:21.836Z]  @firebase/firestore: Firestore (12.5.0): GrpcConnection RPC 'Write' stream 0x3f89263e error. Code: 7 Message: 7 PERMISSION_DENIED: Missing or insufficient permissions.
[Analytics] Failed to track event: [FirebaseError: 7 PERMISSION_DENIED: Missing or insufficient permissions.] {
  code: 'permission-denied',
  customData: undefined,
  toString: [Function (anonymous)]
}

 [32m√î¬£√¥[39m tests/api.edgecases.test.ts [2m([22m[2m17 tests[22m[2m)[22m[90m 119[2mms[22m[39m
stderr | tests/errorMessages.test.ts > errorMessages > createErrorHandler > cria handler que retorna mensagem e a‚îú¬∫‚îú√∫o
[Error] {
  timestamp: '2025-11-28T15:36:21.926Z',
  context: 'payment',
  code: 'E_NETWORK',
  message: 'Network error',
  status: undefined,
  details: undefined,
  stack: undefined
}

stderr | tests/errorMessages.test.ts > errorMessages > createErrorHandler > chama callback de retry quando a‚îú¬∫‚îú√∫o ‚îú¬Æ executada
[Error] {
  timestamp: '2025-11-28T15:36:21.927Z',
  context: 'unknown',
  code: 'E_NETWORK',
  message: 'Network error',
  status: undefined,
  details: undefined,
  stack: undefined
}

stderr | tests/errorMessages.test.ts > errorMessages > createErrorHandler > chama callback de auth quando a‚îú¬∫‚îú√∫o ‚îú¬Æ login
[Error] {
  timestamp: '2025-11-28T15:36:21.928Z',
  context: 'unknown',
  code: 'E_AUTH',
  message: 'Unauthorized',
  status: undefined,
  details: undefined,
  stack: undefined
}

 [32m√î¬£√¥[39m tests/errorMessages.test.ts [2m([22m[2m22 tests[22m[2m)[22m[90m 6[2mms[22m[39m
stderr | tests/DisputeModal.unit.test.tsx > DisputeModal (unit) > n‚îú√∫o envia se otherParty estiver ausente
[2025-11-28T15:36:22.296Z]  @firebase/firestore: Firestore (12.5.0): GrpcConnection RPC 'Write' stream 0x3f89263f error. Code: 7 Message: 7 PERMISSION_DENIED: Missing or insufficient permissions.
[Analytics] Failed to track event: [FirebaseError: 7 PERMISSION_DENIED: Missing or insufficient permissions.] {
  code: 'permission-denied',
  customData: undefined,
  toString: [Function (anonymous)]
}

 [32m√î¬£√¥[39m tests/DisputeModal.unit.test.tsx [2m([22m[2m10 tests[22m[2m)[22m[33m 599[2mms[22m[39m
stderr | tests/ClientDashboard.scheduleAndChat.test.tsx > ClientDashboard √î√á√¥ chat & agendamento (integra‚îú¬∫‚îú√∫o leve) > confirma agendamento a partir de uma proposta recebida no chat
[2025-11-28T15:36:22.950Z]  @firebase/firestore: Firestore (12.5.0): GrpcConnection RPC 'Write' stream 0x3f892640 error. Code: 7 Message: 7 PERMISSION_DENIED: Missing or insufficient permissions.
[Analytics] Failed to track event: [FirebaseError: 7 PERMISSION_DENIED: Missing or insufficient permissions.] {
  code: 'permission-denied',
  customData: undefined,
  toString: [Function (anonymous)]
}

stderr | tests/ClientDashboard.scheduleAndChat.test.tsx > ClientDashboard √î√á√¥ chat & agendamento (integra‚îú¬∫‚îú√∫o leve) > confirma agendamento a partir de uma proposta recebida no chat
[2025-11-28T15:36:23.361Z]  @firebase/firestore: Firestore (12.5.0): GrpcConnection RPC 'Write' stream 0x3f892641 error. Code: 7 Message: 7 PERMISSION_DENIED: Missing or insufficient permissions.
[Analytics] Failed to track event: [FirebaseError: 7 PERMISSION_DENIED: Missing or insufficient permissions.] {
  code: 'permission-denied',
  customData: undefined,
  toString: [Function (anonymous)]
}

stderr | tests/ClientDashboard.scheduleAndChat.test.tsx > ClientDashboard √î√á√¥ chat & agendamento (integra‚îú¬∫‚îú√∫o leve) > mostra aviso ao tentar salvar perfil sem campos obrigat‚îú‚îÇrios
[2025-11-28T15:36:23.854Z]  @firebase/firestore: Firestore (12.5.0): GrpcConnection RPC 'Write' stream 0x3f892642 error. Code: 7 Message: 7 PERMISSION_DENIED: Missing or insufficient permissions.
[Analytics] Failed to track event: [FirebaseError: 7 PERMISSION_DENIED: Missing or insufficient permissions.] {
  code: 'permission-denied',
  customData: undefined,
  toString: [Function (anonymous)]
}

stderr | tests/ClientDashboard.scheduleAndChat.test.tsx > ClientDashboard √î√á√¥ chat & agendamento (integra‚îú¬∫‚îú√∫o leve) > exibe toast de erro ao falhar envio de mensagem
[2025-11-28T15:36:24.232Z]  @firebase/firestore: Firestore (12.5.0): GrpcConnection RPC 'Write' stream 0x3f892643 error. Code: 7 Message: 7 PERMISSION_DENIED: Missing or insufficient permissions.
[Analytics] Failed to track event: [FirebaseError: 7 PERMISSION_DENIED: Missing or insufficient permissions.] {
  code: 'permission-denied',
  customData: undefined,
  toString: [Function (anonymous)]
}

 [32m√î¬£√¥[39m tests/ClientDashboard.scheduleAndChat.test.tsx [2m([22m[2m3 tests[22m[2m)[22m[33m 1715[2mms[22m[39m
   [33m[2m√î¬£√¥[22m[39m ClientDashboard √î√á√¥ chat & agendamento (integra‚îú¬∫‚îú√∫o leve)[2m > [22mconfirma agendamento a partir de uma proposta recebida no chat [33m693[2mms[22m[39m
   [33m[2m√î¬£√¥[22m[39m ClientDashboard √î√á√¥ chat & agendamento (integra‚îú¬∫‚îú√∫o leve)[2m > [22mmostra aviso ao tentar salvar perfil sem campos obrigat‚îú‚îÇrios [33m494[2mms[22m[39m
   [33m[2m√î¬£√¥[22m[39m ClientDashboard √î√á√¥ chat & agendamento (integra‚îú¬∫‚îú√∫o leve)[2m > [22mexibe toast de erro ao falhar envio de mensagem [33m528[2mms[22m[39m
stderr | tests/ProposalModal.test.tsx > ProposalModal > fecha modal ao clicar no X
[2025-11-28T15:36:24.623Z]  @firebase/firestore: Firestore (12.5.0): GrpcConnection RPC 'Write' stream 0x3f892644 error. Code: 7 Message: 7 PERMISSION_DENIED: Missing or insufficient permissions.
[Analytics] Failed to track event: [FirebaseError: 7 PERMISSION_DENIED: Missing or insufficient permissions.] {
  code: 'permission-denied',
  customData: undefined,
  toString: [Function (anonymous)]
}

stderr | tests/ProposalModal.test.tsx > ProposalModal > exibe erro quando pre‚îú¬∫o ‚îú¬Æ inv‚îú√≠lido
[2025-11-28T15:36:25.046Z]  @firebase/firestore: Firestore (12.5.0): GrpcConnection RPC 'Write' stream 0x3f892645 error. Code: 7 Message: 7 PERMISSION_DENIED: Missing or insufficient permissions.
[Analytics] Failed to track event: [FirebaseError: 7 PERMISSION_DENIED: Missing or insufficient permissions.] {
  code: 'permission-denied',
  customData: undefined,
  toString: [Function (anonymous)]
}

 [32m√î¬£√¥[39m tests/ProposalModal.test.tsx [2m([22m[2m9 tests[22m[2m)[22m[33m 868[2mms[22m[39m
stderr | Console.console.warn (C:\Users\JE\servio.ai\tests\setup.ts:83:16)
[2025-11-28T15:36:25.457Z]  @firebase/firestore: Firestore (12.5.0): GrpcConnection RPC 'Write' stream 0x3f892646 error. Code: 7 Message: 7 PERMISSION_DENIED: Missing or insufficient permissions.

stderr | Console.console.error (C:\Users\JE\servio.ai\tests\setup.ts:88:17)
[Analytics] Failed to track event: [FirebaseError: 7 PERMISSION_DENIED: Missing or insufficient permissions.] {
  code: 'permission-denied',
  customData: undefined,
  toString: [Function (anonymous)]
}

stderr | tests/AdminDashboard.test.tsx > AdminDashboard > deve tratar erro de API gracefully
[2025-11-28T15:36:25.929Z]  @firebase/firestore: Firestore (12.5.0): GrpcConnection RPC 'Write' stream 0x3f892647 error. Code: 7 Message: 7 PERMISSION_DENIED: Missing or insufficient permissions.
[Analytics] Failed to track event: [FirebaseError: 7 PERMISSION_DENIED: Missing or insufficient permissions.] {
  code: 'permission-denied',
  customData: undefined,
  toString: [Function (anonymous)]
}

 [32m√î¬£√¥[39m tests/AdminDashboard.test.tsx [2m([22m[2m7 tests[22m[2m)[22m[33m 508[2mms[22m[39m
stderr | tests/ReviewModal.test.tsx > ReviewModal > fecha modal ao clicar no bot‚îú√∫o X
[2025-11-28T15:36:26.327Z]  @firebase/firestore: Firestore (12.5.0): GrpcConnection RPC 'Write' stream 0x3f892648 error. Code: 7 Message: 7 PERMISSION_DENIED: Missing or insufficient permissions.
[Analytics] Failed to track event: [FirebaseError: 7 PERMISSION_DENIED: Missing or insufficient permissions.] {
  code: 'permission-denied',
  customData: undefined,
  toString: [Function (anonymous)]
}

stderr | tests/ReviewModal.test.tsx > ReviewModal > gera coment‚îú√≠rio com IA quando bot‚îú√∫o ‚îú¬Æ clicado
[2025-11-28T15:36:26.869Z]  @firebase/firestore: Firestore (12.5.0): GrpcConnection RPC 'Write' stream 0x3f892649 error. Code: 7 Message: 7 PERMISSION_DENIED: Missing or insufficient permissions.
[Analytics] Failed to track event: [FirebaseError: 7 PERMISSION_DENIED: Missing or insufficient permissions.] {
  code: 'permission-denied',
  customData: undefined,
  toString: [Function (anonymous)]
}

stderr | tests/ReviewModal.test.tsx
[2025-11-28T15:36:27.357Z]  @firebase/firestore: Firestore (12.5.0): GrpcConnection RPC 'Write' stream 0x3f89264a error. Code: 7 Message: 7 PERMISSION_DENIED: Missing or insufficient permissions.
[Analytics] Failed to track event: [FirebaseError: 7 PERMISSION_DENIED: Missing or insufficient permissions.] {
  code: 'permission-denied',
  customData: undefined,
  toString: [Function (anonymous)]
}

 [32m√î¬£√¥[39m tests/ReviewModal.test.tsx [2m([22m[2m10 tests[22m[2m)[22m[33m 1202[2mms[22m[39m
stderr | tests/AuctionRoomModal.test.tsx > AuctionRoomModal > valida e envia lance menor que o menor existente
[2025-11-28T15:36:27.686Z]  @firebase/firestore: Firestore (12.5.0): GrpcConnection RPC 'Write' stream 0x3f89264b error. Code: 7 Message: 7 PERMISSION_DENIED: Missing or insufficient permissions.
[Analytics] Failed to track event: [FirebaseError: 7 PERMISSION_DENIED: Missing or insufficient permissions.] {
  code: 'permission-denied',
  customData: undefined,
  toString: [Function (anonymous)]
}

stderr | tests/AuctionRoomModal.test.tsx > AuctionRoomModal > contador encerra ap‚îú‚îÇs expirar (fake timers)
Warning: The current testing environment is not configured to support act(...)

 [32m√î¬£√¥[39m tests/AuctionRoomModal.test.tsx [2m([22m[2m7 tests[22m[2m)[22m[90m 277[2mms[22m[39m
 [32m√î¬£√¥[39m tests/api.usersAndMessages.test.ts [2m([22m[2m9 tests[22m[2m)[22m[90m 31[2mms[22m[39m
 [32m√î¬£√¥[39m tests/AuthModal.test.tsx [2m([22m[2m9 tests[22m[2m)[22m[90m 95[2mms[22m[39m
stderr | Console.console.warn (C:\Users\JE\servio.ai\tests\setup.ts:83:16)
[2025-11-28T15:36:28.027Z]  @firebase/firestore: Firestore (12.5.0): GrpcConnection RPC 'Write' stream 0x3f89264c error. Code: 7 Message: 7 PERMISSION_DENIED: Missing or insufficient permissions.

stderr | Console.console.error (C:\Users\JE\servio.ai\tests\setup.ts:88:17)
[Analytics] Failed to track event: [FirebaseError: 7 PERMISSION_DENIED: Missing or insufficient permissions.] {
  code: 'permission-denied',
  customData: undefined,
  toString: [Function (anonymous)]
}

 [32m√î¬£√¥[39m tests/components/ProposalListModal.test.tsx [2m([22m[2m8 tests[22m[2m)[22m[90m 240[2mms[22m[39m
stderr | tests/components/AddItemModal.test.tsx > AddItemModal > exibe erro quando arquivo ‚îú¬Æ maior que 4MB
[2025-11-28T15:36:28.844Z]  @firebase/firestore: Firestore (12.5.0): GrpcConnection RPC 'Write' stream 0x3f89264d error. Code: 7 Message: 7 PERMISSION_DENIED: Missing or insufficient permissions.
[Analytics] Failed to track event: [FirebaseError: 7 PERMISSION_DENIED: Missing or insufficient permissions.] {
  code: 'permission-denied',
  customData: undefined,
  toString: [Function (anonymous)]
}

 [32m√î¬£√¥[39m tests/components/AddItemModal.test.tsx [2m([22m[2m7 tests[22m[2m)[22m[33m 592[2mms[22m[39m
   [33m[2m√î¬£√¥[22m[39m AddItemModal[2m > [22mexibe erro quando arquivo ‚îú¬Æ maior que 4MB [33m400[2mms[22m[39m
 [32m√î¬£√¥[39m tests/lib/firebaseLazy.comprehensive.test.ts [2m([22m[2m34 tests[22m[2m)[22m[90m 17[2mms[22m[39m
stderr | tests/components/DisputeDetailsModal.test.tsx
[2025-11-28T15:36:29.235Z]  @firebase/firestore: Firestore (12.5.0): GrpcConnection RPC 'Write' stream 0x3f89264e error. Code: 7 Message: 7 PERMISSION_DENIED: Missing or insufficient permissions.
[Analytics] Failed to track event: [FirebaseError: 7 PERMISSION_DENIED: Missing or insufficient permissions.] {
  code: 'permission-denied',
  customData: undefined,
  toString: [Function (anonymous)]
}

 [32m√î¬£√¥[39m tests/components/DisputeDetailsModal.test.tsx [2m([22m[2m7 tests[22m[2m)[22m[90m 88[2mms[22m[39m
 [32m√î¬£√¥[39m tests/modals.test.tsx [2m([22m[2m5 tests[22m[2m)[22m[90m 239[2mms[22m[39m
stderr | tests/ProspectorDashboardUnified.test.tsx
[2025-11-28T15:36:29.752Z]  @firebase/firestore: Firestore (12.5.0): GrpcConnection RPC 'Write' stream 0x3f89264f error. Code: 7 Message: 7 PERMISSION_DENIED: Missing or insufficient permissions.
[Analytics] Failed to track event: [FirebaseError: 7 PERMISSION_DENIED: Missing or insufficient permissions.] {
  code: 'permission-denied',
  customData: undefined,
  toString: [Function (anonymous)]
}

stderr | tests/ProspectorDashboardUnified.test.tsx
[2025-11-28T15:36:33.794Z]  @firebase/firestore: Firestore (12.5.0): GrpcConnection RPC 'Write' stream 0x3f892650 error. Code: 7 Message: 7 PERMISSION_DENIED: Missing or insufficient permissions.
[Analytics] Failed to track event: [FirebaseError: 7 PERMISSION_DENIED: Missing or insufficient permissions.] {
  code: 'permission-denied',
  customData: undefined,
  toString: [Function (anonymous)]
}

stderr | tests/ProspectorDashboardUnified.test.tsx > ProspectorDashboard - Unified Layout > should display loading state initially dentro da aba Estat‚îú¬°sticas
[2025-11-28T15:36:35.494Z]  @firebase/firestore: Firestore (12.5.0): GrpcConnection RPC 'Write' stream 0x3f892651 error. Code: 7 Message: 7 PERMISSION_DENIED: Missing or insufficient permissions.
[Analytics] Failed to track event: [FirebaseError: 7 PERMISSION_DENIED: Missing or insufficient permissions.] {
  code: 'permission-denied',
  customData: undefined,
  toString: [Function (anonymous)]
}

 [32m√î¬£√¥[39m tests/ProspectorDashboardUnified.test.tsx [2m([22m[2m2 tests[22m[2m)[22m[33m 2448[2mms[22m[39m
   [33m[2m√î¬£√¥[22m[39m ProspectorDashboard - Unified Layout[2m > [22mshould display loading state initially dentro da aba Estat‚îú¬°sticas [33m1653[2mms[22m[39m
   [33m[2m√î¬£√¥[22m[39m ProspectorDashboard - Unified Layout[2m > [22mshould display error message when API fails [33m794[2mms[22m[39m
stderr | Console.console.warn (C:\Users\JE\servio.ai\tests\setup.ts:83:16)
[2025-11-28T15:36:36.874Z]  @firebase/firestore: Firestore (12.5.0): GrpcConnection RPC 'Write' stream 0x3f892652 error. Code: 7 Message: 7 PERMISSION_DENIED: Missing or insufficient permissions.

stderr | Console.console.error (C:\Users\JE\servio.ai\tests\setup.ts:88:17)
[Analytics] Failed to track event: [FirebaseError: 7 PERMISSION_DENIED: Missing or insufficient permissions.] {
  code: 'permission-denied',
  customData: undefined,
  toString: [Function (anonymous)]
}

stderr | tests/JobCard.test.tsx > JobCard > mostra bot‚îú√∫o de FAQ e abre modal com FAQ gerada
[2025-11-28T15:36:37.799Z]  @firebase/firestore: Firestore (12.5.0): GrpcConnection RPC 'Write' stream 0x3f892653 error. Code: 7 Message: 7 PERMISSION_DENIED: Missing or insufficient permissions.
[Analytics] Failed to track event: [FirebaseError: 7 PERMISSION_DENIED: Missing or insufficient permissions.] {
  code: 'permission-denied',
  customData: undefined,
  toString: [Function (anonymous)]
}

 [32m√î¬£√¥[39m tests/JobCard.test.tsx [2m([22m[2m9 tests[22m[2m)[22m[33m 1053[2mms[22m[39m
   [33m[2m√î¬£√¥[22m[39m JobCard[2m > [22mrenderiza informa‚îú¬∫‚îú√Åes b‚îú√≠sicas e pre‚îú¬∫o fixo quando tabelado [33m345[2mms[22m[39m
stderr | tests/components/ClientJobCard.test.tsx
[2025-11-28T15:36:38.422Z]  @firebase/firestore: Firestore (12.5.0): GrpcConnection RPC 'Write' stream 0x3f892654 error. Code: 7 Message: 7 PERMISSION_DENIED: Missing or insufficient permissions.
[Analytics] Failed to track event: [FirebaseError: 7 PERMISSION_DENIED: Missing or insufficient permissions.] {
  code: 'permission-denied',
  customData: undefined,
  toString: [Function (anonymous)]
}

 [32m√î¬£√¥[39m tests/components/ClientJobCard.test.tsx [2m([22m[2m9 tests[22m[2m)[22m[33m 711[2mms[22m[39m
stderr | tests/api.more.test.ts
[2025-11-28T15:36:39.321Z]  @firebase/firestore: Firestore (12.5.0): GrpcConnection RPC 'Write' stream 0x3f892655 error. Code: 7 Message: 7 PERMISSION_DENIED: Missing or insufficient permissions.
[Analytics] Failed to track event: [FirebaseError: 7 PERMISSION_DENIED: Missing or insufficient permissions.] {
  code: 'permission-denied',
  customData: undefined,
  toString: [Function (anonymous)]
}

 [32m√î¬£√¥[39m tests/api.more.test.ts [2m([22m[2m9 tests[22m[2m)[22m[90m 46[2mms[22m[39m
stderr | tests/api.payments.test.ts
[2025-11-28T15:36:39.673Z]  @firebase/firestore: Firestore (12.5.0): GrpcConnection RPC 'Write' stream 0x3f892656 error. Code: 7 Message: 7 PERMISSION_DENIED: Missing or insufficient permissions.
[Analytics] Failed to track event: [FirebaseError: 7 PERMISSION_DENIED: Missing or insufficient permissions.] {
  code: 'permission-denied',
  customData: undefined,
  toString: [Function (anonymous)]
}

 [32m√î¬£√¥[39m tests/api.payments.test.ts [2m([22m[2m9 tests[22m[2m)[22m[90m 103[2mms[22m[39m
 [31m√î√ò¬ª[39m tests/fcmService.test.ts [2m([22m[2m13 tests[22m[2m | [22m[31m1 failed[39m[2m)[22m[90m 29[2mms[22m[39m
[31m   [31m‚îú√π[31m fcmService pure functions[2m > [22mgetNotificationPermission[2m > [22mshould return denied when notifications not supported[90m 5[2mms[22m[31m[39m
[31m     √î√•√Ü Cannot read properties of undefined (reading 'permission')[39m
stderr | Console.console.warn (C:\Users\JE\servio.ai\tests\setup.ts:83:16)
[2025-11-28T15:36:40.072Z]  @firebase/firestore: Firestore (12.5.0): GrpcConnection RPC 'Write' stream 0x3f892657 error. Code: 7 Message: 7 PERMISSION_DENIED: Missing or insufficient permissions.

stderr | Console.console.error (C:\Users\JE\servio.ai\tests\setup.ts:88:17)
[Analytics] Failed to track event: [FirebaseError: 7 PERMISSION_DENIED: Missing or insufficient permissions.] {
  code: 'permission-denied',
  customData: undefined,
  toString: [Function (anonymous)]
}

 [32m√î¬£√¥[39m tests/components/DisputeModal.test.tsx [2m([22m[2m7 tests[22m[2m)[22m[33m 640[2mms[22m[39m
stderr | tests/api.proposals.test.ts > Proposal Management > createProposal > valida pre‚îú¬∫o m‚îú¬°nimo na proposta
Failed to create proposal: Error: Erro interno do servidor. Tente mais tarde.
    at makeApiError (C:\Users\JE\servio.ai\services\api.ts:61:15)
    at apiCall (C:\Users\JE\servio.ai\services\api.ts:93:13)
    at Module.createProposal (C:\Users\JE\servio.ai\services\api.ts:685:12)
    at C:\Users\JE\servio.ai\tests\api.proposals.test.ts:50:7
    at file:///C:/Users/JE/servio.ai/node_modules/@vitest/runner/dist/index.js:533:5
    at runTest (file:///C:/Users/JE/servio.ai/node_modules/@vitest/runner/dist/index.js:1056:11)
    at runSuite (file:///C:/Users/JE/servio.ai/node_modules/@vitest/runner/dist/index.js:1205:15)
    at runSuite (file:///C:/Users/JE/servio.ai/node_modules/@vitest/runner/dist/index.js:1205:15)
    at runSuite (file:///C:/Users/JE/servio.ai/node_modules/@vitest/runner/dist/index.js:1205:15)
    at runFiles (file:///C:/Users/JE/servio.ai/node_modules/@vitest/runner/dist/index.js:1262:5) {
  code: 'E_SERVER',
  details: { error: 'Pre‚îú¬∫o m‚îú¬°nimo ‚îú¬Æ R$ 50' }
}

stderr | tests/api.proposals.test.ts > Proposal Management > createProposal > valida descri‚îú¬∫‚îú√∫o obrigat‚îú‚îÇria
Failed to create proposal: Error: Falha de rede. Verifique sua conex‚îú√∫o.
    at makeApiError (C:\Users\JE\servio.ai\services\api.ts:61:15)
    at apiCall (C:\Users\JE\servio.ai\services\api.ts:106:11)
    at Module.createProposal (C:\Users\JE\servio.ai\services\api.ts:685:12) {
  code: 'E_NETWORK'
}

stderr | tests/api.proposals.test.ts > Proposal Management > createProposal > previne duplicata de proposta do mesmo provider
Failed to create proposal: Error: Erro interno do servidor. Tente mais tarde.
    at makeApiError (C:\Users\JE\servio.ai\services\api.ts:61:15)
    at apiCall (C:\Users\JE\servio.ai\services\api.ts:93:13)
    at Module.createProposal (C:\Users\JE\servio.ai\services\api.ts:685:12)
    at C:\Users\JE\servio.ai\tests\api.proposals.test.ts:71:7
    at file:///C:/Users/JE/servio.ai/node_modules/@vitest/runner/dist/index.js:533:5
    at runTest (file:///C:/Users/JE/servio.ai/node_modules/@vitest/runner/dist/index.js:1056:11)
    at runSuite (file:///C:/Users/JE/servio.ai/node_modules/@vitest/runner/dist/index.js:1205:15)
    at runSuite (file:///C:/Users/JE/servio.ai/node_modules/@vitest/runner/dist/index.js:1205:15)
    at runSuite (file:///C:/Users/JE/servio.ai/node_modules/@vitest/runner/dist/index.js:1205:15)
    at runFiles (file:///C:/Users/JE/servio.ai/node_modules/@vitest/runner/dist/index.js:1262:5) {
  code: 'E_SERVER',
  details: { error: 'Proposta j‚îú√≠ existe para este job' }
}

 [32m√î¬£√¥[39m tests/api.proposals.test.ts [2m([22m[2m7 tests[22m[2m)[22m[90m 71[2mms[22m[39m
stderr | tests/api.proposals.test.ts
[2025-11-28T15:36:41.029Z]  @firebase/firestore: Firestore (12.5.0): GrpcConnection RPC 'Write' stream 0x3f892658 error. Code: 7 Message: 7 PERMISSION_DENIED: Missing or insufficient permissions.
[Analytics] Failed to track event: [FirebaseError: 7 PERMISSION_DENIED: Missing or insufficient permissions.] {
  code: 'permission-denied',
  customData: undefined,
  toString: [Function (anonymous)]
}

 [32m√î¬£√¥[39m tests/components/ConfirmDialog.test.tsx [2m([22m[2m10 tests[22m[2m)[22m[90m 50[2mms[22m[39m
stderr | Console.console.warn (C:\Users\JE\servio.ai\tests\setup.ts:83:16)
[2025-11-28T15:36:41.716Z]  @firebase/firestore: Firestore (12.5.0): GrpcConnection RPC 'Write' stream 0x3f892659 error. Code: 7 Message: 7 PERMISSION_DENIED: Missing or insufficient permissions.

stderr | Console.console.error (C:\Users\JE\servio.ai\tests\setup.ts:88:17)
[Analytics] Failed to track event: [FirebaseError: 7 PERMISSION_DENIED: Missing or insufficient permissions.] {
  code: 'permission-denied',
  customData: undefined,
  toString: [Function (anonymous)]
}

stderr | tests/components/Pagination.test.tsx
[2025-11-28T15:36:42.139Z]  @firebase/firestore: Firestore (12.5.0): GrpcConnection RPC 'Write' stream 0x3f89265a error. Code: 7 Message: 7 PERMISSION_DENIED: Missing or insufficient permissions.
[Analytics] Failed to track event: [FirebaseError: 7 PERMISSION_DENIED: Missing or insufficient permissions.] {
  code: 'permission-denied',
  customData: undefined,
  toString: [Function (anonymous)]
}

 [32m√î¬£√¥[39m tests/components/Pagination.test.tsx [2m([22m[2m13 tests[22m[2m)[22m[90m 134[2mms[22m[39m
stderr | tests/api.matchProviders.test.ts
[2025-11-28T15:36:42.465Z]  @firebase/firestore: Firestore (12.5.0): GrpcConnection RPC 'Write' stream 0x3f89265b error. Code: 7 Message: 7 PERMISSION_DENIED: Missing or insufficient permissions.
[Analytics] Failed to track event: [FirebaseError: 7 PERMISSION_DENIED: Missing or insufficient permissions.] {
  code: 'permission-denied',
  customData: undefined,
  toString: [Function (anonymous)]
}

 [32m√î¬£√¥[39m tests/api.matchProviders.test.ts [2m([22m[2m6 tests[22m[2m)[22m[90m 37[2mms[22m[39m
stderr | Console.console.warn (C:\Users\JE\servio.ai\tests\setup.ts:83:16)
[2025-11-28T15:36:42.865Z]  @firebase/firestore: Firestore (12.5.0): GrpcConnection RPC 'Write' stream 0x3f89265c error. Code: 7 Message: 7 PERMISSION_DENIED: Missing or insufficient permissions.

stderr | Console.console.error (C:\Users\JE\servio.ai\tests\setup.ts:88:17)
[Analytics] Failed to track event: [FirebaseError: 7 PERMISSION_DENIED: Missing or insufficient permissions.] {
  code: 'permission-denied',
  customData: undefined,
  toString: [Function (anonymous)]
}

stderr | tests/Header.test.tsx
[2025-11-28T15:36:43.306Z]  @firebase/firestore: Firestore (12.5.0): GrpcConnection RPC 'Write' stream 0x3f89265d error. Code: 7 Message: 7 PERMISSION_DENIED: Missing or insufficient permissions.
[Analytics] Failed to track event: [FirebaseError: 7 PERMISSION_DENIED: Missing or insufficient permissions.] {
  code: 'permission-denied',
  customData: undefined,
  toString: [Function (anonymous)]
}

stderr | tests/Header.test.tsx
[2025-11-28T15:36:43.641Z]  @firebase/firestore: Firestore (12.5.0): GrpcConnection RPC 'Write' stream 0x3f89265e error. Code: 7 Message: 7 PERMISSION_DENIED: Missing or insufficient permissions.
[Analytics] Failed to track event: [FirebaseError: 7 PERMISSION_DENIED: Missing or insufficient permissions.] {
  code: 'permission-denied',
  customData: undefined,
  toString: [Function (anonymous)]
}

stderr | tests/Header.test.tsx
[2025-11-28T15:36:43.994Z]  @firebase/firestore: Firestore (12.5.0): GrpcConnection RPC 'Write' stream 0x3f89265f error. Code: 7 Message: 7 PERMISSION_DENIED: Missing or insufficient permissions.
[Analytics] Failed to track event: [FirebaseError: 7 PERMISSION_DENIED: Missing or insufficient permissions.] {
  code: 'permission-denied',
  customData: undefined,
  toString: [Function (anonymous)]
}

stderr | tests/Header.test.tsx > Header > renderiza link "Encontrar Profissionais"
[2025-11-28T15:36:44.395Z]  @firebase/firestore: Firestore (12.5.0): GrpcConnection RPC 'Write' stream 0x3f892660 error. Code: 7 Message: 7 PERMISSION_DENIED: Missing or insufficient permissions.
[Analytics] Failed to track event: [FirebaseError: 7 PERMISSION_DENIED: Missing or insufficient permissions.] {
  code: 'permission-denied',
  customData: undefined,
  toString: [Function (anonymous)]
}

 [32m√î¬£√¥[39m tests/Header.test.tsx [2m([22m[2m10 tests[22m[2m)[22m[90m 294[2mms[22m[39m
 [32m√î¬£√¥[39m tests/AIJobRequestWizard.coverage.test.tsx [2m([22m[2m15 tests[22m[2m)[22m[90m 14[2mms[22m[39m
stderr | Console.console.warn (C:\Users\JE\servio.ai\tests\setup.ts:83:16)
[2025-11-28T15:36:44.786Z]  @firebase/firestore: Firestore (12.5.0): GrpcConnection RPC 'Write' stream 0x3f892661 error. Code: 7 Message: 7 PERMISSION_DENIED: Missing or insufficient permissions.

stderr | Console.console.error (C:\Users\JE\servio.ai\tests\setup.ts:88:17)
[Analytics] Failed to track event: [FirebaseError: 7 PERMISSION_DENIED: Missing or insufficient permissions.] {
  code: 'permission-denied',
  customData: undefined,
  toString: [Function (anonymous)]
}

 [32m√î¬£√¥[39m tests/components/ProgressBar.test.tsx [2m([22m[2m17 tests[22m[2m)[22m[90m 215[2mms[22m[39m
stderr | tests/FindProvidersPage.test.tsx
[2025-11-28T15:36:45.316Z]  @firebase/firestore: Firestore (12.5.0): GrpcConnection RPC 'Write' stream 0x3f892662 error. Code: 7 Message: 7 PERMISSION_DENIED: Missing or insufficient permissions.
[Analytics] Failed to track event: [FirebaseError: 7 PERMISSION_DENIED: Missing or insufficient permissions.] {
  code: 'permission-denied',
  customData: undefined,
  toString: [Function (anonymous)]
}

stderr | tests/FindProvidersPage.test.tsx > FindProvidersPage > executa busca com IA (fallback) via formul‚îú√≠rio superior
[2025-11-28T15:36:46.050Z]  @firebase/firestore: Firestore (12.5.0): GrpcConnection RPC 'Write' stream 0x3f892663 error. Code: 7 Message: 7 PERMISSION_DENIED: Missing or insufficient permissions.
[Analytics] Failed to track event: [FirebaseError: 7 PERMISSION_DENIED: Missing or insufficient permissions.] {
  code: 'permission-denied',
  customData: undefined,
  toString: [Function (anonymous)]
}

 [32m√î¬£√¥[39m tests/FindProvidersPage.test.tsx [2m([22m[2m2 tests[22m[2m)[22m[33m 591[2mms[22m[39m
   [33m[2m√î¬£√¥[22m[39m FindProvidersPage[2m > [22mmostra contagem e lista resultados com filtros e ordena‚îú¬∫‚îú√∫o [33m333[2mms[22m[39m
 [32m√î¬£√¥[39m tests/components/Avatar.test.tsx [2m([22m[2m16 tests[22m[2m)[22m[90m 130[2mms[22m[39m
stderr | tests/components/Avatar.test.tsx
[2025-11-28T15:36:46.447Z]  @firebase/firestore: Firestore (12.5.0): GrpcConnection RPC 'Write' stream 0x3f892664 error. Code: 7 Message: 7 PERMISSION_DENIED: Missing or insufficient permissions.
[Analytics] Failed to track event: [FirebaseError: 7 PERMISSION_DENIED: Missing or insufficient permissions.] {
  code: 'permission-denied',
  customData: undefined,
  toString: [Function (anonymous)]
}

stderr | tests/components/PaymentSetupCard.test.tsx > PaymentSetupCard > shows toast on API error
Failed to start Stripe onboarding: Error: network
    at C:\Users\JE\servio.ai\tests\components\PaymentSetupCard.test.tsx:71:64
    at file:///C:/Users/JE/servio.ai/node_modules/@vitest/runner/dist/index.js:146:14
    at file:///C:/Users/JE/servio.ai/node_modules/@vitest/runner/dist/index.js:533:11
    at runWithTimeout (file:///C:/Users/JE/servio.ai/node_modules/@vitest/runner/dist/index.js:39:7)
    at runTest (file:///C:/Users/JE/servio.ai/node_modules/@vitest/runner/dist/index.js:1056:17)
    at runSuite (file:///C:/Users/JE/servio.ai/node_modules/@vitest/runner/dist/index.js:1205:15)
    at runSuite (file:///C:/Users/JE/servio.ai/node_modules/@vitest/runner/dist/index.js:1205:15)
    at runFiles (file:///C:/Users/JE/servio.ai/node_modules/@vitest/runner/dist/index.js:1262:5)
    at startTests (file:///C:/Users/JE/servio.ai/node_modules/@vitest/runner/dist/index.js:1271:3)
    at file:///C:/Users/JE/servio.ai/node_modules/vitest/dist/chunks/runBaseTests.3qpJUEJM.js:126:11

 [32m√î¬£√¥[39m tests/components/PaymentSetupCard.test.tsx [2m([22m[2m3 tests[22m[2m)[22m[33m 375[2mms[22m[39m
stderr | Console.console.warn (C:\Users\JE\servio.ai\tests\setup.ts:83:16)
[2025-11-28T15:36:47.083Z]  @firebase/firestore: Firestore (12.5.0): GrpcConnection RPC 'Write' stream 0x3f892665 error. Code: 7 Message: 7 PERMISSION_DENIED: Missing or insufficient permissions.

stderr | Console.console.error (C:\Users\JE\servio.ai\tests\setup.ts:88:17)
[Analytics] Failed to track event: [FirebaseError: 7 PERMISSION_DENIED: Missing or insufficient permissions.] {
  code: 'permission-denied',
  customData: undefined,
  toString: [Function (anonymous)]
}

 [32m√î¬£√¥[39m tests/analytics.test.ts [2m([22m[2m3 tests[22m[2m)[22m[90m 11[2mms[22m[39m
stderr | tests/ProviderDashboard.profileStrength.test.tsx
[2025-11-28T15:36:47.532Z]  @firebase/firestore: Firestore (12.5.0): GrpcConnection RPC 'Write' stream 0x3f892666 error. Code: 7 Message: 7 PERMISSION_DENIED: Missing or insufficient permissions.
[Analytics] Failed to track event: [FirebaseError: 7 PERMISSION_DENIED: Missing or insufficient permissions.] {
  code: 'permission-denied',
  customData: undefined,
  toString: [Function (anonymous)]
}

 [32m√î¬£√¥[39m tests/ProviderDashboard.profileStrength.test.tsx [2m([22m[2m1 test[22m[2m)[22m[90m 54[2mms[22m[39m
stderr | tests/ProviderDashboard.test.tsx
[2025-11-28T15:36:48.045Z]  @firebase/firestore: Firestore (12.5.0): GrpcConnection RPC 'Write' stream 0x3f892667 error. Code: 7 Message: 7 PERMISSION_DENIED: Missing or insufficient permissions.
[Analytics] Failed to track event: [FirebaseError: 7 PERMISSION_DENIED: Missing or insufficient permissions.] {
  code: 'permission-denied',
  customData: undefined,
  toString: [Function (anonymous)]
}

stderr | tests/ProviderDashboard.test.tsx
[2025-11-28T15:36:48.537Z]  @firebase/firestore: Firestore (12.5.0): GrpcConnection RPC 'Write' stream 0x3f892668 error. Code: 7 Message: 7 PERMISSION_DENIED: Missing or insufficient permissions.
[Analytics] Failed to track event: [FirebaseError: 7 PERMISSION_DENIED: Missing or insufficient permissions.] {
  code: 'permission-denied',
  customData: undefined,
  toString: [Function (anonymous)]
}

 [32m√î¬£√¥[39m tests/ProviderDashboard.test.tsx [2m([22m[2m3 tests[22m[2m)[22m[90m 156[2mms[22m[39m
 [32m√î¬£√¥[39m tests/ClientDashboard.coverage.test.tsx [2m([22m[2m8 tests[22m[2m)[22m[90m 4[2mms[22m[39m
stderr | tests/components/Tooltip.test.tsx
[2025-11-28T15:36:48.875Z]  @firebase/firestore: Firestore (12.5.0): GrpcConnection RPC 'Write' stream 0x3f892669 error. Code: 7 Message: 7 PERMISSION_DENIED: Missing or insufficient permissions.
[Analytics] Failed to track event: [FirebaseError: 7 PERMISSION_DENIED: Missing or insufficient permissions.] {
  code: 'permission-denied',
  customData: undefined,
  toString: [Function (anonymous)]
}

 [32m√î¬£√¥[39m tests/components/Tooltip.test.tsx [2m([22m[2m9 tests[22m[2m)[22m[90m 154[2mms[22m[39m
stderr | tests/components/ItemCard.complete.test.tsx
[2025-11-28T15:36:49.437Z]  @firebase/firestore: Firestore (12.5.0): GrpcConnection RPC 'Write' stream 0x3f89266a error. Code: 7 Message: 7 PERMISSION_DENIED: Missing or insufficient permissions.
[Analytics] Failed to track event: [FirebaseError: 7 PERMISSION_DENIED: Missing or insufficient permissions.] {
  code: 'permission-denied',
  customData: undefined,
  toString: [Function (anonymous)]
}

 [32m√î¬£√¥[39m tests/components/ItemCard.complete.test.tsx [2m([22m[2m10 tests[22m[2m)[22m[90m 142[2mms[22m[39m
stderr | tests/AdminDashboard.errors.test.tsx > AdminDashboard √î√á√¥ cen‚îú√≠rios de erro > exibe toast de erro ao falhar resolver disputa e fecha modal no finally
Falha ao resolver a disputa: Error: fail
    at C:\Users\JE\servio.ai\tests\AdminDashboard.errors.test.tsx:48:57
    at file:///C:/Users/JE/servio.ai/node_modules/@vitest/runner/dist/index.js:146:14
    at file:///C:/Users/JE/servio.ai/node_modules/@vitest/runner/dist/index.js:533:11
    at runWithTimeout (file:///C:/Users/JE/servio.ai/node_modules/@vitest/runner/dist/index.js:39:7)
    at runTest (file:///C:/Users/JE/servio.ai/node_modules/@vitest/runner/dist/index.js:1056:17)
    at runSuite (file:///C:/Users/JE/servio.ai/node_modules/@vitest/runner/dist/index.js:1205:15)
    at runSuite (file:///C:/Users/JE/servio.ai/node_modules/@vitest/runner/dist/index.js:1205:15)
    at runFiles (file:///C:/Users/JE/servio.ai/node_modules/@vitest/runner/dist/index.js:1262:5)
    at startTests (file:///C:/Users/JE/servio.ai/node_modules/@vitest/runner/dist/index.js:1271:3)
    at file:///C:/Users/JE/servio.ai/node_modules/vitest/dist/chunks/runBaseTests.3qpJUEJM.js:126:11

 [32m√î¬£√¥[39m tests/AdminDashboard.errors.test.tsx [2m([22m[2m2 tests[22m[2m)[22m[90m 116[2mms[22m[39m
stderr | Console.console.warn (C:\Users\JE\servio.ai\tests\setup.ts:83:16)
[2025-11-28T15:36:49.796Z]  @firebase/firestore: Firestore (12.5.0): GrpcConnection RPC 'Write' stream 0x3f89266b error. Code: 7 Message: 7 PERMISSION_DENIED: Missing or insufficient permissions.

stderr | Console.console.error (C:\Users\JE\servio.ai\tests\setup.ts:88:17)
[Analytics] Failed to track event: [FirebaseError: 7 PERMISSION_DENIED: Missing or insufficient permissions.] {
  code: 'permission-denied',
  customData: undefined,
  toString: [Function (anonymous)]
}

stderr | tests/ProviderJobCard.test.tsx > ProviderJobCard > mostra bot‚îú√∫o para abrir chat com cliente e chama onChat
[2025-11-28T15:36:50.273Z]  @firebase/firestore: Firestore (12.5.0): GrpcConnection RPC 'Write' stream 0x3f89266c error. Code: 7 Message: 7 PERMISSION_DENIED: Missing or insufficient permissions.
[Analytics] Failed to track event: [FirebaseError: 7 PERMISSION_DENIED: Missing or insufficient permissions.] {
  code: 'permission-denied',
  customData: undefined,
  toString: [Function (anonymous)]
}

 [32m√î¬£√¥[39m tests/ProviderJobCard.test.tsx [2m([22m[2m5 tests[22m[2m)[22m[33m 395[2mms[22m[39m
stderr | tests/AdminDashboard.navigation.test.tsx
[2025-11-28T15:36:50.643Z]  @firebase/firestore: Firestore (12.5.0): GrpcConnection RPC 'Write' stream 0x3f89266d error. Code: 7 Message: 7 PERMISSION_DENIED: Missing or insufficient permissions.
[Analytics] Failed to track event: [FirebaseError: 7 PERMISSION_DENIED: Missing or insufficient permissions.] {
  code: 'permission-denied',
  customData: undefined,
  toString: [Function (anonymous)]
}

 [32m√î¬£√¥[39m tests/AdminDashboard.navigation.test.tsx [2m([22m[2m3 tests[22m[2m)[22m[90m 205[2mms[22m[39m
stderr | Console.console.warn (C:\Users\JE\servio.ai\tests\setup.ts:83:16)
[2025-11-28T15:36:51.089Z]  @firebase/firestore: Firestore (12.5.0): GrpcConnection RPC 'Write' stream 0x3f89266e error. Code: 7 Message: 7 PERMISSION_DENIED: Missing or insufficient permissions.

stderr | Console.console.error (C:\Users\JE\servio.ai\tests\setup.ts:88:17)
[Analytics] Failed to track event: [FirebaseError: 7 PERMISSION_DENIED: Missing or insufficient permissions.] {
  code: 'permission-denied',
  customData: undefined,
  toString: [Function (anonymous)]
}

stderr | tests/NotificationsBell.test.tsx > NotificationsBell > fecha o popover ao clicar fora
[2025-11-28T15:36:51.422Z]  @firebase/firestore: Firestore (12.5.0): GrpcConnection RPC 'Write' stream 0x3f89266f error. Code: 7 Message: 7 PERMISSION_DENIED: Missing or insufficient permissions.
[Analytics] Failed to track event: [FirebaseError: 7 PERMISSION_DENIED: Missing or insufficient permissions.] {
  code: 'permission-denied',
  customData: undefined,
  toString: [Function (anonymous)]
}

 [32m√î¬£√¥[39m tests/NotificationsBell.test.tsx [2m([22m[2m3 tests[22m[2m)[22m[33m 324[2mms[22m[39m
 [32m√î¬£√¥[39m tests/components/ServiceRequestForm.test.tsx [2m([22m[2m3 tests[22m[2m)[22m[33m 968[2mms[22m[39m
   [33m[2m√î¬£√¥[22m[39m ServiceRequestForm[2m > [22menables submit after description and category selected then calls onSubmit [33m443[2mms[22m[39m
stderr | tests/AdminDashboard.actions.test.tsx
[2025-11-28T15:36:52.701Z]  @firebase/firestore: Firestore (12.5.0): GrpcConnection RPC 'Write' stream 0x3f892670 error. Code: 7 Message: 7 PERMISSION_DENIED: Missing or insufficient permissions.
[Analytics] Failed to track event: [FirebaseError: 7 PERMISSION_DENIED: Missing or insufficient permissions.] {
  code: 'permission-denied',
  customData: undefined,
  toString: [Function (anonymous)]
}

 [32m√î¬£√¥[39m tests/AdminDashboard.actions.test.tsx [2m([22m[2m2 tests[22m[2m)[22m[90m 83[2mms[22m[39m
 [32m√î¬£√¥[39m tests/ProviderDashboard.verify.test.tsx [2m([22m[2m3 tests[22m[2m)[22m[90m 101[2mms[22m[39m
stderr | Console.console.warn (C:\Users\JE\servio.ai\tests\setup.ts:83:16)
[2025-11-28T15:36:53.148Z]  @firebase/firestore: Firestore (12.5.0): GrpcConnection RPC 'Write' stream 0x3f892671 error. Code: 7 Message: 7 PERMISSION_DENIED: Missing or insufficient permissions.

stderr | Console.console.error (C:\Users\JE\servio.ai\tests\setup.ts:88:17)
[Analytics] Failed to track event: [FirebaseError: 7 PERMISSION_DENIED: Missing or insufficient permissions.] {
  code: 'permission-denied',
  customData: undefined,
  toString: [Function (anonymous)]
}

 [32m√î¬£√¥[39m tests/components/EmptyState.test.tsx [2m([22m[2m7 tests[22m[2m)[22m[90m 35[2mms[22m[39m
 [32m√î¬£√¥[39m tests/geminiService.resolveEndpoint.test.ts [2m([22m[2m2 tests[22m[2m)[22m[90m 6[2mms[22m[39m
stderr | tests/components/ItemCard.test.tsx
[2025-11-28T15:36:53.535Z]  @firebase/firestore: Firestore (12.5.0): GrpcConnection RPC 'Write' stream 0x3f892672 error. Code: 7 Message: 7 PERMISSION_DENIED: Missing or insufficient permissions.
[Analytics] Failed to track event: [FirebaseError: 7 PERMISSION_DENIED: Missing or insufficient permissions.] {
  code: 'permission-denied',
  customData: undefined,
  toString: [Function (anonymous)]
}

 [32m√î¬£√¥[39m tests/components/ItemCard.test.tsx [2m([22m[2m5 tests[22m[2m)[22m[90m 65[2mms[22m[39m
 [32m√î¬£√¥[39m tests/NotificationsPopover.test.tsx [2m([22m[2m4 tests[22m[2m)[22m[90m 126[2mms[22m[39m
 [32m√î¬£√¥[39m tests/a11yHelpers.test.ts [2m([22m[2m4 tests[22m[2m)[22m[90m 2[2mms[22m[39m
stderr | Console.console.warn (C:\Users\JE\servio.ai\tests\setup.ts:83:16)
[2025-11-28T15:36:53.949Z]  @firebase/firestore: Firestore (12.5.0): GrpcConnection RPC 'Write' stream 0x3f892673 error. Code: 7 Message: 7 PERMISSION_DENIED: Missing or insufficient permissions.

stderr | Console.console.error (C:\Users\JE\servio.ai\tests\setup.ts:88:17)
[Analytics] Failed to track event: [FirebaseError: 7 PERMISSION_DENIED: Missing or insufficient permissions.] {
  code: 'permission-denied',
  customData: undefined,
  toString: [Function (anonymous)]
}

stderr | tests/e2e/error-handling.test.ts > [E2E-SMOKE] Error Handling API > Timeout √î√•√Ü retorna lista b‚îú√≠sica de providers (fallback)
[api] Timeout on /api/match-providers Error: Tempo de resposta excedido. Tente novamente.
    at makeApiError (C:\Users\JE\servio.ai\services\api.ts:61:15)
    at apiCall (C:\Users\JE\servio.ai\services\api.ts:99:22)
    at Module.matchProvidersForJob (C:\Users\JE\servio.ai\services\api.ts:945:12)
    at C:\Users\JE\servio.ai\tests\e2e\error-handling.test.ts:42:23
    at file:///C:/Users/JE/servio.ai/node_modules/@vitest/runner/dist/index.js:533:5
    at runTest (file:///C:/Users/JE/servio.ai/node_modules/@vitest/runner/dist/index.js:1056:11)
    at runSuite (file:///C:/Users/JE/servio.ai/node_modules/@vitest/runner/dist/index.js:1205:15)
    at runSuite (file:///C:/Users/JE/servio.ai/node_modules/@vitest/runner/dist/index.js:1205:15)
    at runFiles (file:///C:/Users/JE/servio.ai/node_modules/@vitest/runner/dist/index.js:1262:5)
    at startTests (file:///C:/Users/JE/servio.ai/node_modules/@vitest/runner/dist/index.js:1271:3) {
  code: 'E_TIMEOUT'
}

 [32m√î¬£√¥[39m tests/e2e/error-handling.test.ts [2m([22m[2m5 tests[22m[2m)[22m[90m 49[2mms[22m[39m
stderr | tests/components/StatusBadge.test.tsx
[2025-11-28T15:36:54.511Z]  @firebase/firestore: Firestore (12.5.0): GrpcConnection RPC 'Write' stream 0x3f892674 error. Code: 7 Message: 7 PERMISSION_DENIED: Missing or insufficient permissions.
[Analytics] Failed to track event: [FirebaseError: 7 PERMISSION_DENIED: Missing or insufficient permissions.] {
  code: 'permission-denied',
  customData: undefined,
  toString: [Function (anonymous)]
}

 [32m√î¬£√¥[39m tests/components/StatusBadge.test.tsx [2m([22m[2m8 tests[22m[2m)[22m[33m 339[2mms[22m[39m
 [32m√î¬£√¥[39m tests/ErrorBoundary.test.tsx [2m([22m[2m4 tests[22m[2m)[22m[90m 69[2mms[22m[39m
stderr | tests/components/MaintenanceSuggestions.test.tsx > MaintenanceSuggestions > renders nothing when there are no suggestions
[2025-11-28T15:36:54.936Z]  @firebase/firestore: Firestore (12.5.0): GrpcConnection RPC 'Write' stream 0x3f892675 error. Code: 7 Message: 7 PERMISSION_DENIED: Missing or insufficient permissions.
[Analytics] Failed to track event: [FirebaseError: 7 PERMISSION_DENIED: Missing or insufficient permissions.] {
  code: 'permission-denied',
  customData: undefined,
  toString: [Function (anonymous)]
}

 [32m√î¬£√¥[39m tests/components/MaintenanceSuggestions.test.tsx [2m([22m[2m2 tests[22m[2m)[22m[90m 110[2mms[22m[39m
 [32m√î¬£√¥[39m tests/firestoreRoleFunction.test.ts [2m([22m[2m4 tests[22m[2m)[22m[90m 3[2mms[22m[39m
stderr | tests/geminiService.test.ts > geminiService > enhanceJobRequest falls back to heuristic on backend failure
[2025-11-28T15:36:55.264Z]  @firebase/firestore: Firestore (12.5.0): GrpcConnection RPC 'Write' stream 0x3f892676 error. Code: 7 Message: 7 PERMISSION_DENIED: Missing or insufficient permissions.
[Analytics] Failed to track event: [FirebaseError: 7 PERMISSION_DENIED: Missing or insufficient permissions.] {
  code: 'permission-denied',
  customData: undefined,
  toString: [Function (anonymous)]
}

 [32m√î¬£√¥[39m tests/geminiService.test.ts [2m([22m[2m3 tests[22m[2m)[22m[33m 316[2mms[22m[39m
   [33m[2m√î¬£√¥[22m[39m geminiService[2m > [22menhanceJobRequest falls back to heuristic on backend failure [33m314[2mms[22m[39m
stderr | tests/ProfileTips.test.tsx > ProfileTips > dispara onEditProfile ao clicar em Editar Perfil
[2025-11-28T15:36:55.655Z]  @firebase/firestore: Firestore (12.5.0): GrpcConnection RPC 'Write' stream 0x3f892677 error. Code: 7 Message: 7 PERMISSION_DENIED: Missing or insufficient permissions.
[Analytics] Failed to track event: [FirebaseError: 7 PERMISSION_DENIED: Missing or insufficient permissions.] {
  code: 'permission-denied',
  customData: undefined,
  toString: [Function (anonymous)]
}

 [32m√î¬£√¥[39m tests/ProfileTips.test.tsx [2m([22m[2m3 tests[22m[2m)[22m[90m 149[2mms[22m[39m
stderr | tests/components/ServiceLandingPage.test.tsx > ServiceLandingPage > shows error on API failure
Error: network
    at C:\Users\JE\servio.ai\tests\components\ServiceLandingPage.test.tsx:38:59
    at file:///C:/Users/JE/servio.ai/node_modules/@vitest/runner/dist/index.js:146:14
    at file:///C:/Users/JE/servio.ai/node_modules/@vitest/runner/dist/index.js:533:11
    at runWithTimeout (file:///C:/Users/JE/servio.ai/node_modules/@vitest/runner/dist/index.js:39:7)
    at runTest (file:///C:/Users/JE/servio.ai/node_modules/@vitest/runner/dist/index.js:1056:17)
    at runSuite (file:///C:/Users/JE/servio.ai/node_modules/@vitest/runner/dist/index.js:1205:15)
    at runSuite (file:///C:/Users/JE/servio.ai/node_modules/@vitest/runner/dist/index.js:1205:15)
    at runFiles (file:///C:/Users/JE/servio.ai/node_modules/@vitest/runner/dist/index.js:1262:5)
    at startTests (file:///C:/Users/JE/servio.ai/node_modules/@vitest/runner/dist/index.js:1271:3)
    at file:///C:/Users/JE/servio.ai/node_modules/vitest/dist/chunks/runBaseTests.3qpJUEJM.js:126:11

 [32m√î¬£√¥[39m tests/components/ServiceLandingPage.test.tsx [2m([22m[2m3 tests[22m[2m)[22m[90m 81[2mms[22m[39m
stderr | tests/geminiService.more.test.ts > geminiService √î√á√¥ resilience and URL resolution > generateJobFAQ retries once after network error and succeeds
[2025-11-28T15:36:56.036Z]  @firebase/firestore: Firestore (12.5.0): GrpcConnection RPC 'Write' stream 0x3f892678 error. Code: 7 Message: 7 PERMISSION_DENIED: Missing or insufficient permissions.
[Analytics] Failed to track event: [FirebaseError: 7 PERMISSION_DENIED: Missing or insufficient permissions.] {
  code: 'permission-denied',
  customData: undefined,
  toString: [Function (anonymous)]
}

stderr | tests/geminiService.more.test.ts > geminiService √î√á√¥ resilience and URL resolution > getMatchingProviders falls back to [] on persistent failure
[2025-11-28T15:36:56.365Z]  @firebase/firestore: Firestore (12.5.0): GrpcConnection RPC 'Write' stream 0x3f892679 error. Code: 7 Message: 7 PERMISSION_DENIED: Missing or insufficient permissions.
[Analytics] Failed to track event: [FirebaseError: 7 PERMISSION_DENIED: Missing or insufficient permissions.] {
  code: 'permission-denied',
  customData: undefined,
  toString: [Function (anonymous)]
}

stderr | tests/geminiService.more.test.ts > geminiService √î√á√¥ resilience and URL resolution > getMatchingProviders falls back to [] on persistent failure
[match-providers] Fallback to empty list due to backend error: Error: first fail
    at fetchFromBackend (C:\Users\JE\servio.ai\services\geminiService.ts:143:19)
    at Module.getMatchingProviders (C:\Users\JE\servio.ai\services\geminiService.ts:205:16)
    at C:\Users\JE\servio.ai\tests\geminiService.more.test.ts:35:17
    at file:///C:/Users/JE/servio.ai/node_modules/@vitest/runner/dist/index.js:533:5
    at runTest (file:///C:/Users/JE/servio.ai/node_modules/@vitest/runner/dist/index.js:1056:11)
    at runSuite (file:///C:/Users/JE/servio.ai/node_modules/@vitest/runner/dist/index.js:1205:15)
    at runSuite (file:///C:/Users/JE/servio.ai/node_modules/@vitest/runner/dist/index.js:1205:15)
    at runFiles (file:///C:/Users/JE/servio.ai/node_modules/@vitest/runner/dist/index.js:1262:5)
    at startTests (file:///C:/Users/JE/servio.ai/node_modules/@vitest/runner/dist/index.js:1271:3)
    at file:///C:/Users/JE/servio.ai/node_modules/vitest/dist/chunks/runBaseTests.3qpJUEJM.js:126:11

 [32m√î¬£√¥[39m tests/geminiService.more.test.ts [2m([22m[2m3 tests[22m[2m)[22m[33m 631[2mms[22m[39m
   [33m[2m√î¬£√¥[22m[39m geminiService √î√á√¥ resilience and URL resolution[2m > [22mgenerateJobFAQ retries once after network error and succeeds [33m316[2mms[22m[39m
   [33m[2m√î¬£√¥[22m[39m geminiService √î√á√¥ resilience and URL resolution[2m > [22mgetMatchingProviders falls back to [] on persistent failure [33m312[2mms[22m[39m
stderr | tests/ProfileStrength.test.tsx
[2025-11-28T15:36:56.765Z]  @firebase/firestore: Firestore (12.5.0): GrpcConnection RPC 'Write' stream 0x3f89267a error. Code: 7 Message: 7 PERMISSION_DENIED: Missing or insufficient permissions.
[Analytics] Failed to track event: [FirebaseError: 7 PERMISSION_DENIED: Missing or insufficient permissions.] {
  code: 'permission-denied',
  customData: undefined,
  toString: [Function (anonymous)]
}

 [32m√î¬£√¥[39m tests/ProfileStrength.test.tsx [2m([22m[2m3 tests[22m[2m)[22m[90m 68[2mms[22m[39m
 [32m√î¬£√¥[39m tests/api.coverage.bump.test.ts [2m([22m[2m3 tests[22m[2m)[22m[90m 11[2mms[22m[39m
stderr | tests/ItemCard.test.tsx > ItemCard > aciona onClick ao clicar
[2025-11-28T15:36:57.317Z]  @firebase/firestore: Firestore (12.5.0): GrpcConnection RPC 'Write' stream 0x3f89267b error. Code: 7 Message: 7 PERMISSION_DENIED: Missing or insufficient permissions.
[Analytics] Failed to track event: [FirebaseError: 7 PERMISSION_DENIED: Missing or insufficient permissions.] {
  code: 'permission-denied',
  customData: undefined,
  toString: [Function (anonymous)]
}

 [32m√î¬£√¥[39m tests/ItemCard.test.tsx [2m([22m[2m3 tests[22m[2m)[22m[33m 327[2mms[22m[39m
 [32m√î¬£√¥[39m tests/api.positivePaths.test.ts [2m([22m[2m4 tests[22m[2m)[22m[90m 10[2mms[22m[39m
 [32m√î¬£√¥[39m tests/components/Spinner.test.tsx [2m([22m[2m9 tests[22m[2m)[22m[90m 22[2mms[22m[39m
stderr | tests/e2e/stripe-timeout-retry.test.ts > [E2E-SMOKE] Stripe Timeout + Retry > createCheckoutSession: 1‚î¨¬¨ tentativa E_TIMEOUT √î√•√Ü 2‚î¨¬¨ tentativa sucesso
[api] Timeout on /create-checkout-session Error: Tempo de resposta excedido. Tente novamente.
    at makeApiError (C:\Users\JE\servio.ai\services\api.ts:61:15)
    at apiCall (C:\Users\JE\servio.ai\services\api.ts:99:22) {
  code: 'E_TIMEOUT'
}

 [32m√î¬£√¥[39m tests/e2e/stripe-timeout-retry.test.ts [2m([22m[2m1 test[22m[2m)[22m[90m 6[2mms[22m[39m
stderr | Console.console.warn (C:\Users\JE\servio.ai\tests\setup.ts:83:16)
[2025-11-28T15:36:57.695Z]  @firebase/firestore: Firestore (12.5.0): GrpcConnection RPC 'Write' stream 0x3f89267c error. Code: 7 Message: 7 PERMISSION_DENIED: Missing or insufficient permissions.

stderr | Console.console.error (C:\Users\JE\servio.ai\tests\setup.ts:88:17)
[Analytics] Failed to track event: [FirebaseError: 7 PERMISSION_DENIED: Missing or insufficient permissions.] {
  code: 'permission-denied',
  customData: undefined,
  toString: [Function (anonymous)]
}

 [32m√î¬£√¥[39m tests/firebaseConfig.test.ts [2m([22m[2m2 tests[22m[2m)[22m[90m 3[2mms[22m[39m
 [32m√î¬£√¥[39m tests/CompletedJobCard.test.tsx [2m([22m[2m2 tests[22m[2m)[22m[90m 15[2mms[22m[39m
 [32m√î¬£√¥[39m tests/api.admin.test.ts [2m([22m[2m3 tests[22m[2m)[22m[90m 13[2mms[22m[39m
stderr | tests/components/PortfolioGallery.test.tsx
[2025-11-28T15:36:58.046Z]  @firebase/firestore: Firestore (12.5.0): GrpcConnection RPC 'Write' stream 0x3f89267d error. Code: 7 Message: 7 PERMISSION_DENIED: Missing or insufficient permissions.
[Analytics] Failed to track event: [FirebaseError: 7 PERMISSION_DENIED: Missing or insufficient permissions.] {
  code: 'permission-denied',
  customData: undefined,
  toString: [Function (anonymous)]
}

 [32m√î¬£√¥[39m tests/components/PortfolioGallery.test.tsx [2m([22m[2m2 tests[22m[2m)[22m[90m 52[2mms[22m[39m
 [32m√î¬£√¥[39m tests/ProviderSearchResultCard.test.tsx [2m([22m[2m1 test[22m[2m)[22m[90m 65[2mms[22m[39m
stderr | tests/e2e/ai-fallback.test.ts > [E2E-SMOKE] AI Fallback > enhanceJobRequest √î√•√Ü retorna objeto heur‚îú¬°stico quando backend falha
[2025-11-28T15:36:58.416Z]  @firebase/firestore: Firestore (12.5.0): GrpcConnection RPC 'Write' stream 0x3f89267e error. Code: 7 Message: 7 PERMISSION_DENIED: Missing or insufficient permissions.
[Analytics] Failed to track event: [FirebaseError: 7 PERMISSION_DENIED: Missing or insufficient permissions.] {
  code: 'permission-denied',
  customData: undefined,
  toString: [Function (anonymous)]
}

 [32m√î¬£√¥[39m tests/e2e/ai-fallback.test.ts [2m([22m[2m2 tests[22m[2m)[22m[33m 304[2mms[22m[39m
   [33m[2m√î¬£√¥[22m[39m [E2E-SMOKE] AI Fallback[2m > [22menhanceJobRequest √î√•√Ü retorna objeto heur‚îú¬°stico quando backend falha [33m303[2mms[22m[39m
 [32m√î¬£√¥[39m tests/LocationMap.test.tsx [2m([22m[2m3 tests[22m[2m)[22m[90m 15[2mms[22m[39m
stderr | tests/ProfileModal.save.test.tsx
[2025-11-28T15:36:58.741Z]  @firebase/firestore: Firestore (12.5.0): GrpcConnection RPC 'Write' stream 0x3f89267f error. Code: 7 Message: 7 PERMISSION_DENIED: Missing or insufficient permissions.
[Analytics] Failed to track event: [FirebaseError: 7 PERMISSION_DENIED: Missing or insufficient permissions.] {
  code: 'permission-denied',
  customData: undefined,
  toString: [Function (anonymous)]
}

 [32m√î¬£√¥[39m tests/ProfileModal.save.test.tsx [2m([22m[2m1 test[22m[2m)[22m[90m 137[2mms[22m[39m
 [32m√î¬£√¥[39m tests/components/TimePeriodFilter.test.tsx [2m([22m[2m1 test[22m[2m)[22m[90m 116[2mms[22m[39m
stderr | Console.console.warn (C:\Users\JE\servio.ai\tests\setup.ts:83:16)
[2025-11-28T15:36:59.131Z]  @firebase/firestore: Firestore (12.5.0): GrpcConnection RPC 'Write' stream 0x3f892680 error. Code: 7 Message: 7 PERMISSION_DENIED: Missing or insufficient permissions.

stderr | Console.console.error (C:\Users\JE\servio.ai\tests\setup.ts:88:17)
[Analytics] Failed to track event: [FirebaseError: 7 PERMISSION_DENIED: Missing or insufficient permissions.] {
  code: 'permission-denied',
  customData: undefined,
  toString: [Function (anonymous)]
}

 [32m√î¬£√¥[39m tests/e2e/payment-errors.test.ts [2m([22m[2m3 tests[22m[2m)[22m[90m 6[2mms[22m[39m
 [32m√î¬£√¥[39m tests/badgeUtils.test.ts [2m([22m[2m4 tests[22m[2m)[22m[90m 2[2mms[22m[39m
 [32m√î¬£√¥[39m tests/components/StructuredDataSEO.test.tsx [2m([22m[2m1 test[22m[2m)[22m[90m 8[2mms[22m[39m
 [32m√î¬£√¥[39m tests/components/LocationMap.test.tsx [2m([22m[2m1 test[22m[2m)[22m[90m 6[2mms[22m[39m
stderr | tests/components/AISchedulingAssistant.test.tsx
[2025-11-28T15:36:59.462Z]  @firebase/firestore: Firestore (12.5.0): GrpcConnection RPC 'Write' stream 0x3f892681 error. Code: 7 Message: 7 PERMISSION_DENIED: Missing or insufficient permissions.
[Analytics] Failed to track event: [FirebaseError: 7 PERMISSION_DENIED: Missing or insufficient permissions.] {
  code: 'permission-denied',
  customData: undefined,
  toString: [Function (anonymous)]
}

 [32m√î¬£√¥[39m tests/components/AISchedulingAssistant.test.tsx [2m([22m[2m1 test[22m[2m)[22m[90m 7[2mms[22m[39m
 [32m√î¬£√¥[39m tests/components/PublicContactCTA.test.tsx [2m([22m[2m1 test[22m[2m)[22m[90m 47[2mms[22m[39m
 [32m√î¬£√¥[39m tests/smoke.test.ts [2m([22m[2m1 test[22m[2m)[22m[90m 1[2mms[22m[39m
stderr | Console.console.warn (C:\Users\JE\servio.ai\tests\setup.ts:83:16)
[2025-11-28T15:36:59.851Z]  @firebase/firestore: Firestore (12.5.0): GrpcConnection RPC 'Write' stream 0x3f892682 error. Code: 7 Message: 7 PERMISSION_DENIED: Missing or insufficient permissions.

stderr | Console.console.error (C:\Users\JE\servio.ai\tests\setup.ts:88:17)
[Analytics] Failed to track event: [FirebaseError: 7 PERMISSION_DENIED: Missing or insufficient permissions.] {
  code: 'permission-denied',
  customData: undefined,
  toString: [Function (anonymous)]
}


√î√Ñ¬ª√î√Ñ¬ª√î√Ñ¬ª√î√Ñ¬ª√î√Ñ¬ª√î√Ñ¬ª Failed Suites 6 √î√Ñ¬ª√î√Ñ¬ª√î√Ñ¬ª√î√Ñ¬ª√î√Ñ¬ª√î√Ñ¬ª√î√Ñ¬ª

 FAIL  tests/ProspectorCRM.test.tsx [ tests/ProspectorCRM.test.tsx ]
Error: [vitest] No "getFirestore" export is defined on the "firebase/firestore" mock. Did you forget to return it from "vi.mock"?
If you need to partially mock a module, you can use "importOriginal" helper inside:

vi.mock(import("firebase/firestore"), async (importOriginal) => {
  const actual = await importOriginal()
  return {
    ...actual,
    // your mocked methods
  }
})

 √î√ò¬ª firebaseConfig.ts:21:19
     19| // Critical path: Auth and Firestore loaded immediately
     20| export const auth = getAuth(app);
     21| export const db = getFirestore(app);
       |                   ^
     22| 
     23| // Lazy-loaded modules: Storage and Analytics
 √î√ò¬ª src/components/ProspectorCRM.tsx:3:31

√î√Ñ¬ª√î√Ñ¬ª√î√Ñ¬ª√î√Ñ¬ª√î√Ñ¬ª√î√Ñ¬ª√î√Ñ¬ª√î√Ñ¬ª√î√Ñ¬ª√î√Ñ¬ª√î√Ñ¬ª√î√Ñ¬ª√î√Ñ¬ª√î√Ñ¬ª√î√Ñ¬ª√î√Ñ¬ª√î√Ñ¬ª√î√Ñ¬ª√î√Ñ¬ª√î√Ñ¬ª√î√Ñ¬ª√î√Ñ¬ª√î√Ñ¬ª[1/18]√î√Ñ¬ª

 FAIL  tests/components/HeroSection.comprehensive.test.tsx [ tests/components/HeroSection.comprehensive.test.tsx ]
Error: Failed to resolve import "../../../components/HeroSection" from "tests/components/HeroSection.comprehensive.test.tsx". Does the file exist?
  Plugin: vite:import-analysis
  File: C:/Users/JE/servio.ai/tests/components/HeroSection.comprehensive.test.tsx:29:38
  27 |  const __vi_import_1__ = await import('@testing-library/react')
  28 |  const __vi_import_2__ = await import('@testing-library/user-event')
  29 |  const __vi_import_3__ = await import('../../../components/HeroSection')
     |                                       ^
  30 |  "use strict";
  31 |  
 √î√ò¬ª TransformPluginContext._formatError node_modules/vite/dist/node/chunks/dep-BK3b2jBa.js:49258:41
 √î√ò¬ª TransformPluginContext.error node_modules/vite/dist/node/chunks/dep-BK3b2jBa.js:49253:16
 √î√ò¬ª normalizeUrl node_modules/vite/dist/node/chunks/dep-BK3b2jBa.js:64307:23
 √î√ò¬ª node_modules/vite/dist/node/chunks/dep-BK3b2jBa.js:64439:39
 √î√ò¬ª TransformPluginContext.transform node_modules/vite/dist/node/chunks/dep-BK3b2jBa.js:64366:7
 √î√ò¬ª PluginContainer.transform node_modules/vite/dist/node/chunks/dep-BK3b2jBa.js:49099:18
 √î√ò¬ª loadAndTransform node_modules/vite/dist/node/chunks/dep-BK3b2jBa.js:51978:27

√î√Ñ¬ª√î√Ñ¬ª√î√Ñ¬ª√î√Ñ¬ª√î√Ñ¬ª√î√Ñ¬ª√î√Ñ¬ª√î√Ñ¬ª√î√Ñ¬ª√î√Ñ¬ª√î√Ñ¬ª√î√Ñ¬ª√î√Ñ¬ª√î√Ñ¬ª√î√Ñ¬ª√î√Ñ¬ª√î√Ñ¬ª√î√Ñ¬ª√î√Ñ¬ª√î√Ñ¬ª√î√Ñ¬ª√î√Ñ¬ª√î√Ñ¬ª[2/18]√î√Ñ¬ª

 FAIL  tests/components/ProfilePage.comprehensive.test.tsx [ tests/components/ProfilePage.comprehensive.test.tsx ]
Error: Failed to resolve import "../../../components/ProfilePage" from "tests/components/ProfilePage.comprehensive.test.tsx". Does the file exist?
  Plugin: vite:import-analysis
  File: C:/Users/JE/servio.ai/tests/components/ProfilePage.comprehensive.test.tsx:17:38
  15 |  const __vi_import_1__ = await import('@testing-library/react')
  16 |  const __vi_import_2__ = await import('@testing-library/user-event')
  17 |  const __vi_import_3__ = await import('../../../components/ProfilePage')
     |                                       ^
  18 |  const __vi_import_4__ = await import('../../../services/api')
  19 |  "use strict";
 √î√ò¬ª TransformPluginContext._formatError node_modules/vite/dist/node/chunks/dep-BK3b2jBa.js:49258:41
 √î√ò¬ª TransformPluginContext.error node_modules/vite/dist/node/chunks/dep-BK3b2jBa.js:49253:16
 √î√ò¬ª normalizeUrl node_modules/vite/dist/node/chunks/dep-BK3b2jBa.js:64307:23
 √î√ò¬ª node_modules/vite/dist/node/chunks/dep-BK3b2jBa.js:64439:39
 √î√ò¬ª TransformPluginContext.transform node_modules/vite/dist/node/chunks/dep-BK3b2jBa.js:64366:7
 √î√ò¬ª PluginContainer.transform node_modules/vite/dist/node/chunks/dep-BK3b2jBa.js:49099:18
 √î√ò¬ª loadAndTransform node_modules/vite/dist/node/chunks/dep-BK3b2jBa.js:51978:27

√î√Ñ¬ª√î√Ñ¬ª√î√Ñ¬ª√î√Ñ¬ª√î√Ñ¬ª√î√Ñ¬ª√î√Ñ¬ª√î√Ñ¬ª√î√Ñ¬ª√î√Ñ¬ª√î√Ñ¬ª√î√Ñ¬ª√î√Ñ¬ª√î√Ñ¬ª√î√Ñ¬ª√î√Ñ¬ª√î√Ñ¬ª√î√Ñ¬ª√î√Ñ¬ª√î√Ñ¬ª√î√Ñ¬ª√î√Ñ¬ª√î√Ñ¬ª[3/18]√î√Ñ¬ª

 FAIL  tests/services/geminiService.comprehensive.test.ts [ tests/services/geminiService.comprehensive.test.ts ]
Error: Failed to resolve import "../../../services/geminiService" from "tests/services/geminiService.comprehensive.test.ts". Does the file exist?
  Plugin: vite:import-analysis
  File: C:/Users/JE/servio.ai/tests/services/geminiService.comprehensive.test.ts:8:38
  6  |    }))
  7  |  }));
  8  |  const __vi_import_0__ = await import('../../../services/geminiService')
     |                                       ^
  9  |  "use strict";
  10 |  import { describe, it, expect, beforeEach, afterEach, vi } from "vitest";
 √î√ò¬ª TransformPluginContext._formatError node_modules/vite/dist/node/chunks/dep-BK3b2jBa.js:49258:41
 √î√ò¬ª TransformPluginContext.error node_modules/vite/dist/node/chunks/dep-BK3b2jBa.js:49253:16
 √î√ò¬ª normalizeUrl node_modules/vite/dist/node/chunks/dep-BK3b2jBa.js:64307:23
 √î√ò¬ª node_modules/vite/dist/node/chunks/dep-BK3b2jBa.js:64439:39
 √î√ò¬ª TransformPluginContext.transform node_modules/vite/dist/node/chunks/dep-BK3b2jBa.js:64366:7
 √î√ò¬ª PluginContainer.transform node_modules/vite/dist/node/chunks/dep-BK3b2jBa.js:49099:18
 √î√ò¬ª loadAndTransform node_modules/vite/dist/node/chunks/dep-BK3b2jBa.js:51978:27

√î√Ñ¬ª√î√Ñ¬ª√î√Ñ¬ª√î√Ñ¬ª√î√Ñ¬ª√î√Ñ¬ª√î√Ñ¬ª√î√Ñ¬ª√î√Ñ¬ª√î√Ñ¬ª√î√Ñ¬ª√î√Ñ¬ª√î√Ñ¬ª√î√Ñ¬ª√î√Ñ¬ª√î√Ñ¬ª√î√Ñ¬ª√î√Ñ¬ª√î√Ñ¬ª√î√Ñ¬ª√î√Ñ¬ª√î√Ñ¬ª√î√Ñ¬ª[4/18]√î√Ñ¬ª

 FAIL  tests/services/prospectingService.comprehensive.test.ts [ tests/services/prospectingService.comprehensive.test.ts ]
Error: Failed to resolve import "../../../services/prospectingService" from "tests/services/prospectingService.comprehensive.test.ts". Does the file exist?
  Plugin: vite:import-analysis
  File: C:/Users/JE/servio.ai/tests/services/prospectingService.comprehensive.test.ts:13:38
  11 |    getAuth: vi.fn(() => ({}))
  12 |  }));
  13 |  const __vi_import_0__ = await import('../../../services/prospectingService')
     |                                       ^
  14 |  "use strict";
  15 |  import { describe, it, expect, beforeEach, afterEach, vi } from "vitest";
 √î√ò¬ª TransformPluginContext._formatError node_modules/vite/dist/node/chunks/dep-BK3b2jBa.js:49258:41
 √î√ò¬ª TransformPluginContext.error node_modules/vite/dist/node/chunks/dep-BK3b2jBa.js:49253:16
 √î√ò¬ª normalizeUrl node_modules/vite/dist/node/chunks/dep-BK3b2jBa.js:64307:23
 √î√ò¬ª node_modules/vite/dist/node/chunks/dep-BK3b2jBa.js:64439:39
 √î√ò¬ª TransformPluginContext.transform node_modules/vite/dist/node/chunks/dep-BK3b2jBa.js:64366:7
 √î√ò¬ª PluginContainer.transform node_modules/vite/dist/node/chunks/dep-BK3b2jBa.js:49099:18
 √î√ò¬ª loadAndTransform node_modules/vite/dist/node/chunks/dep-BK3b2jBa.js:51978:27

√î√Ñ¬ª√î√Ñ¬ª√î√Ñ¬ª√î√Ñ¬ª√î√Ñ¬ª√î√Ñ¬ª√î√Ñ¬ª√î√Ñ¬ª√î√Ñ¬ª√î√Ñ¬ª√î√Ñ¬ª√î√Ñ¬ª√î√Ñ¬ª√î√Ñ¬ª√î√Ñ¬ª√î√Ñ¬ª√î√Ñ¬ª√î√Ñ¬ª√î√Ñ¬ª√î√Ñ¬ª√î√Ñ¬ª√î√Ñ¬ª√î√Ñ¬ª[5/18]√î√Ñ¬ª

 FAIL  tests/components/admin/InternalChat.comprehensive.test.tsx [ tests/components/admin/InternalChat.comprehensive.test.tsx ]
Error: Failed to resolve import "../../../components/admin/InternalChat" from "tests/components/admin/InternalChat.comprehensive.test.tsx". Does the file exist?
  Plugin: vite:import-analysis
  File: C:/Users/JE/servio.ai/tests/components/admin/InternalChat.comprehensive.test.tsx:19:38
  17 |  const __vi_import_1__ = await import('@testing-library/react')
  18 |  const __vi_import_2__ = await import('@testing-library/user-event')
  19 |  const __vi_import_3__ = await import('../../../components/admin/InternalChat')
     |                                       ^
  20 |  const __vi_import_4__ = await import('../../../services/api')
  21 |  "use strict";
 √î√ò¬ª TransformPluginContext._formatError node_modules/vite/dist/node/chunks/dep-BK3b2jBa.js:49258:41
 √î√ò¬ª TransformPluginContext.error node_modules/vite/dist/node/chunks/dep-BK3b2jBa.js:49253:16
 √î√ò¬ª normalizeUrl node_modules/vite/dist/node/chunks/dep-BK3b2jBa.js:64307:23
 √î√ò¬ª node_modules/vite/dist/node/chunks/dep-BK3b2jBa.js:64439:39
 √î√ò¬ª TransformPluginContext.transform node_modules/vite/dist/node/chunks/dep-BK3b2jBa.js:64366:7
 √î√ò¬ª PluginContainer.transform node_modules/vite/dist/node/chunks/dep-BK3b2jBa.js:49099:18
 √î√ò¬ª loadAndTransform node_modules/vite/dist/node/chunks/dep-BK3b2jBa.js:51978:27

√î√Ñ¬ª√î√Ñ¬ª√î√Ñ¬ª√î√Ñ¬ª√î√Ñ¬ª√î√Ñ¬ª√î√Ñ¬ª√î√Ñ¬ª√î√Ñ¬ª√î√Ñ¬ª√î√Ñ¬ª√î√Ñ¬ª√î√Ñ¬ª√î√Ñ¬ª√î√Ñ¬ª√î√Ñ¬ª√î√Ñ¬ª√î√Ñ¬ª√î√Ñ¬ª√î√Ñ¬ª√î√Ñ¬ª√î√Ñ¬ª√î√Ñ¬ª[6/18]√î√Ñ¬ª

√î√Ñ¬ª√î√Ñ¬ª√î√Ñ¬ª√î√Ñ¬ª√î√Ñ¬ª√î√Ñ¬ª Failed Tests 12 √î√Ñ¬ª√î√Ñ¬ª√î√Ñ¬ª√î√Ñ¬ª√î√Ñ¬ª√î√Ñ¬ª√î√Ñ¬ª

 FAIL  tests/fcmService.test.ts > fcmService pure functions > getNotificationPermission > should return denied when notifications not supported
TypeError: Cannot read properties of undefined (reading 'permission')
 √î√ò¬ª Module.getNotificationPermission src/services/fcmService.ts:53:23
     51| export function getNotificationPermission(): NotificationPermission {
     52|   if (!isNotificationSupported()) return 'denied';
     53|   return Notification.permission;
       |                       ^
     54| }
     55| 
 √î√ò¬ª tests/fcmService.test.ts:97:22

√î√Ñ¬ª√î√Ñ¬ª√î√Ñ¬ª√î√Ñ¬ª√î√Ñ¬ª√î√Ñ¬ª√î√Ñ¬ª√î√Ñ¬ª√î√Ñ¬ª√î√Ñ¬ª√î√Ñ¬ª√î√Ñ¬ª√î√Ñ¬ª√î√Ñ¬ª√î√Ñ¬ª√î√Ñ¬ª√î√Ñ¬ª√î√Ñ¬ª√î√Ñ¬ª√î√Ñ¬ª√î√Ñ¬ª√î√Ñ¬ª√î√Ñ¬ª[7/18]√î√Ñ¬ª

 FAIL  tests/messageTemplates.test.ts > messageTemplates utilities > getTemplates > should return empty array for non-existent category
AssertionError: expected 7 to be +0 // Object.is equality

- Expected
+ Received

- 0
+ 7

 √î√ò¬ª tests/messageTemplates.test.ts:63:32
     61|     it('should return empty array for non-existent category', () => {
     62|       const templates = getTemplates(undefined, 'NonExistentCategory12√î√á¬™
     63|       expect(templates.length).toBe(0);
       |                                ^
     64|     });
     65| 

√î√Ñ¬ª√î√Ñ¬ª√î√Ñ¬ª√î√Ñ¬ª√î√Ñ¬ª√î√Ñ¬ª√î√Ñ¬ª√î√Ñ¬ª√î√Ñ¬ª√î√Ñ¬ª√î√Ñ¬ª√î√Ñ¬ª√î√Ñ¬ª√î√Ñ¬ª√î√Ñ¬ª√î√Ñ¬ª√î√Ñ¬ª√î√Ñ¬ª√î√Ñ¬ª√î√Ñ¬ª√î√Ñ¬ª√î√Ñ¬ª√î√Ñ¬ª[8/18]√î√Ñ¬ª

 FAIL  tests/components/Chart_AnalyticsCard.comprehensive.test.tsx > AnalyticsCard - Comprehensive Quality Tests > Value Display > should display N/A when value is null
Error: expect(element).toHaveTextContent()

Expected element to have text content:
  N/A
Received:

 √î√ò¬ª tests/components/Chart_AnalyticsCard.comprehensive.test.tsx:352:48
    350|     it('should display N/A when value is null', () => {
    351|       render(<AnalyticsCard title="Null Value" value={null} />);
    352|       expect(screen.getByTestId('card-value')).toHaveTextContent('N/A'√î√á¬™
       |                                                ^
    353|     });
    354|   });

√î√Ñ¬ª√î√Ñ¬ª√î√Ñ¬ª√î√Ñ¬ª√î√Ñ¬ª√î√Ñ¬ª√î√Ñ¬ª√î√Ñ¬ª√î√Ñ¬ª√î√Ñ¬ª√î√Ñ¬ª√î√Ñ¬ª√î√Ñ¬ª√î√Ñ¬ª√î√Ñ¬ª√î√Ñ¬ª√î√Ñ¬ª√î√Ñ¬ª√î√Ñ¬ª√î√Ñ¬ª√î√Ñ¬ª√î√Ñ¬ª√î√Ñ¬ª[9/18]√î√Ñ¬ª

 FAIL  tests/components/ProviderCard.comprehensive.test.tsx > ProviderCard - Comprehensive Quality Tests > Accessibility > should have accessible button
Error: expect(element).toHaveAttribute("role", "button") // element.getAttribute("role") === "button"

Expected the element to have attribute:
  role="button"
Received:
  null
 √î√ò¬ª tests/components/ProviderCard.comprehensive.test.tsx:388:22
    386| 
    387|       const button = screen.getByTestId('provider-select-btn');
    388|       expect(button).toHaveAttribute('role', 'button');
       |                      ^
    389|     });
    390| 

√î√Ñ¬ª√î√Ñ¬ª√î√Ñ¬ª√î√Ñ¬ª√î√Ñ¬ª√î√Ñ¬ª√î√Ñ¬ª√î√Ñ¬ª√î√Ñ¬ª√î√Ñ¬ª√î√Ñ¬ª√î√Ñ¬ª√î√Ñ¬ª√î√Ñ¬ª√î√Ñ¬ª√î√Ñ¬ª√î√Ñ¬ª√î√Ñ¬ª√î√Ñ¬ª√î√Ñ¬ª√î√Ñ¬ª√î√Ñ¬ª[10/18]√î√Ñ¬ª

 FAIL  tests/components/ResultsModal_AccessPage.comprehensive.test.tsx > ResultsModal - Comprehensive Quality Tests > Edge Cases > should handle special characters in result names
TestingLibraryElementError: Found multiple elements with the text: /Result/

Here are the matching elements:

Ignored nodes: comments, script, style
<h2
  class="text-2xl font-bold"
>
  Search Results
</h2>

Ignored nodes: comments, script, style
<h3
  class="font-semibold"
>
  Result & Co.
</h3>

Ignored nodes: comments, script, style
<h3
  class="font-semibold"
>
  Result "Quoted"
</h3>

Ignored nodes: comments, script, style
<h3
  class="font-semibold"
>
  Result's Name
</h3>

(If this is intentional, then use the `*AllBy*` variant of the query (like `queryAllByText`, `getAllByText`, or `findAllByText`)).

Ignored nodes: comments, script, style
<body>
  <div>
    <div
      class="fixed inset-0 bg-black bg-opacity-60 flex items-center justify-center"
      data-testid="results-modal"
    >
      <div
        class="bg-white rounded-lg p-6 max-w-2xl w-full"
        data-testid="modal-content"
      >
        <div
          class="flex justify-between items-center mb-4"
        >
          <h2
            class="text-2xl font-bold"
          >
            Search Results
          </h2>
          <button
            class="text-gray-500 hover:text-gray-700"
            data-testid="close-button"
          >
            √î¬£√≤
          </button>
        </div>
        <div
          class="space-y-4"
          data-testid="results-list"
        >
          <div
            class="p-4 border rounded-lg hover:border-blue-600"
            data-testid="result-item-0"
          >
            <h3
              class="font-semibold"
            >
              Result & Co.
            </h3>
            <p
              class="text-sm text-gray-600"
            >
              Test
            </p>
          </div>
          <div
            class="p-4 border rounded-lg hover:border-blue-600"
            data-testid="result-item-1"
          >
            <h3
              class="font-semibold"
            >
              Result "Quoted"
            </h3>
            <p
              class="text-sm text-gray-600"
            >
              Test
            </p>
          </div>
          <div
            class="p-4 border rounded-lg hover:border-blue-600"
            data-testid="result-item-2"
          >
            <h3
              class="font-semibold"
            >
              Result's Name
            </h3>
            <p
              class="text-sm text-gray-600"
            >
              Test
            </p>
          </div>
        </div>
        <div
          class="mt-6 flex gap-2"
        >
          <button
            class="flex-1 px-4 py-2 bg-blue-600 text-white rounded"
            data-testid="primary-action"
          >
            Action
          </button>
          <button
            class="flex-1 px-4 py-2 border border-gray-300 rounded"
            data-testid="secondary-action"
          >
            Close
          </button>
        </div>
      </div>
    </div>
  </div>
</body>
 √î√ò¬ª Object.getElementError node_modules/@testing-library/dom/dist/config.js:37:19
 √î√ò¬ª getElementError node_modules/@testing-library/dom/dist/query-helpers.js:20:35
 √î√ò¬ª getMultipleElementsFoundError node_modules/@testing-library/dom/dist/query-helpers.js:23:10
 √î√ò¬ª node_modules/@testing-library/dom/dist/query-helpers.js:55:13
 √î√ò¬ª node_modules/@testing-library/dom/dist/query-helpers.js:95:19
 √î√ò¬ª tests/components/ResultsModal_AccessPage.comprehensive.test.tsx:268:21
    266| 
    267|       render(<ResultsModal isOpen={true} results={specialResults} onCl√î√á¬™
    268|       expect(screen.getByText(/Result/)).toBeInTheDocument();
       |                     ^
    269|     });
    270| 

√î√Ñ¬ª√î√Ñ¬ª√î√Ñ¬ª√î√Ñ¬ª√î√Ñ¬ª√î√Ñ¬ª√î√Ñ¬ª√î√Ñ¬ª√î√Ñ¬ª√î√Ñ¬ª√î√Ñ¬ª√î√Ñ¬ª√î√Ñ¬ª√î√Ñ¬ª√î√Ñ¬ª√î√Ñ¬ª√î√Ñ¬ª√î√Ñ¬ª√î√Ñ¬ª√î√Ñ¬ª√î√Ñ¬ª√î√Ñ¬ª[11/18]√î√Ñ¬ª

 FAIL  tests/components/SearchLandingPage.comprehensive.test.tsx > SearchLandingPage - Comprehensive Quality Tests > Mobile Experience > should have adequate spacing for touch targets
AssertionError: expected 0 to be greater than 0
 √î√ò¬ª tests/components/SearchLandingPage.comprehensive.test.tsx:416:42
    414|         const rect = button.getBoundingClientRect();
    415|         // Should have reasonable size for touch
    416|         expect(rect.width + rect.height).toBeGreaterThan(0);
       |                                          ^
    417|       });
    418|     });
 √î√ò¬ª tests/components/SearchLandingPage.comprehensive.test.tsx:413:15

√î√Ñ¬ª√î√Ñ¬ª√î√Ñ¬ª√î√Ñ¬ª√î√Ñ¬ª√î√Ñ¬ª√î√Ñ¬ª√î√Ñ¬ª√î√Ñ¬ª√î√Ñ¬ª√î√Ñ¬ª√î√Ñ¬ª√î√Ñ¬ª√î√Ñ¬ª√î√Ñ¬ª√î√Ñ¬ª√î√Ñ¬ª√î√Ñ¬ª√î√Ñ¬ª√î√Ñ¬ª√î√Ñ¬ª√î√Ñ¬ª[12/18]√î√Ñ¬ª

 FAIL  tests/week2/AdminDashboard.suite.test.tsx > AdminDashboard > Rendering > should render admin dashboard
TestingLibraryElementError: Unable to find an element with the text: /admin|dashboard|painel/i. This could be because the text is broken up by multiple elements. In this case, you can provide a function for your text matcher to make your matcher more flexible.

Ignored nodes: comments, script, style
<body>
  <div>
    <div
      data-testid="admin-dashboard-root"
    >
      <div
        class="flex justify-between items-center mb-6"
      />
      <div
        class="border-b border-gray-200 mb-6"
        data-testid="admin-tabs"
      >
        <nav
          aria-label="Tabs"
          class="-mb-px flex space-x-8 overflow-x-auto"
        >
          <button
            class="border-blue-500 text-blue-600
                                whitespace-nowrap py-4 px-1 border-b-2 font-medium text-sm transition-colors flex items-center space-x-2"
            data-testid="admin-tab-analytics"
          >
            <span>
              Analytics
            </span>
          </button>
          <button
            class="border-transparent text-gray-600 hover:text-gray-700 hover:border-gray-300
                                whitespace-nowrap py-4 px-1 border-b-2 font-medium text-sm transition-colors flex items-center space-x-2"
            data-testid="admin-tab-jobs"
          >
            <span>
              Jobs
            </span>
          </button>
          <button
            class="border-transparent text-gray-600 hover:text-gray-700 hover:border-gray-300
                                whitespace-nowrap py-4 px-1 border-b-2 font-medium text-sm transition-colors flex items-center space-x-2"
            data-testid="admin-tab-providers"
          >
            <span>
              Providers
            </span>
          </button>
          <button
            class="border-transparent text-gray-600 hover:text-gray-700 hover:border-gray-300
                                whitespace-nowrap py-4 px-1 border-b-2 font-medium text-sm transition-colors flex items-center space-x-2"
            data-testid="admin-tab-financials"
          >
            <span>
              Financials
            </span>
          </button>
          <button
            class="border-transparent text-gray-600 hover:text-gray-700 hover:border-gray-300
                                whitespace-nowrap py-4 px-1 border-b-2 font-medium text-sm transition-colors flex items-center space-x-2"
            data-testid="admin-tab-fraud"
          >
            <span>
              Fraud
            </span>
          </button>
          <button
            class="border-transparent text-gray-600 hover:text-gray-700 hover:border-gray-300
                                whitespace-nowrap py-4 px-1 border-b-2 font-medium text-sm transition-colors flex items-center space-x-2"
            data-testid="admin-tab-users"
          >
            <span>
              Users
            </span>
          </button>
          <button
            class="border-transparent text-gray-600 hover:text-gray-700 hover:border-gray-300
                                whitespace-nowrap py-4 px-1 border-b-2 font-medium text-sm transition-colors flex items-center space-x-2"
            data-testid="admin-tab-prospecting"
          >
            <span>
              Prospecting
            </span>
          </button>
          <button
            class="border-transparent text-gray-600 hover:text-gray-700 hover:border-gray-300
                                whitespace-nowrap py-4 px-1 border-b-2 font-medium text-sm transition-colors flex items-center space-x-2"
            data-testid="admin-tab-marketing"
          >
            <span>
              Marketing
            </span>
          </button>
          <button
            class="border-transparent text-gray-600 hover:text-gray-700 hover:border-gray-300
                                whitespace-nowrap py-4 px-1 border-b-2 font-medium text-sm transition-colors flex items-center space-x-2"
            data-testid="admin-tab-prospectors"
          >
            <span>
              Prospectors
            </span>
          </button>
        </nav>
      </div>
      <div
        data-testid="admin-active-tab-content"
      >
        <div
          data-testid="analytics"
        >
          Analytics
        </div>
      </div>
    </div>
  </div>
</body>
 √î√ò¬ª Object.getElementError node_modules/@testing-library/dom/dist/config.js:37:19
 √î√ò¬ª node_modules/@testing-library/dom/dist/query-helpers.js:76:38
 √î√ò¬ª node_modules/@testing-library/dom/dist/query-helpers.js:52:17
 √î√ò¬ª node_modules/@testing-library/dom/dist/query-helpers.js:95:19
 √î√ò¬ª tests/week2/AdminDashboard.suite.test.tsx:52:21
     50|       
     51|       // Dashboard deve renderizar
     52|       expect(screen.getByText(/admin|dashboard|painel/i) || 
       |                     ^
     53|              screen.getByTestId('analytics') ||
     54|              true).toBeTruthy();

√î√Ñ¬ª√î√Ñ¬ª√î√Ñ¬ª√î√Ñ¬ª√î√Ñ¬ª√î√Ñ¬ª√î√Ñ¬ª√î√Ñ¬ª√î√Ñ¬ª√î√Ñ¬ª√î√Ñ¬ª√î√Ñ¬ª√î√Ñ¬ª√î√Ñ¬ª√î√Ñ¬ª√î√Ñ¬ª√î√Ñ¬ª√î√Ñ¬ª√î√Ñ¬ª√î√Ñ¬ª√î√Ñ¬ª√î√Ñ¬ª[13/18]√î√Ñ¬ª

 FAIL  tests/week2/AdminDashboard.suite.test.tsx > AdminDashboard > Rendering > should display main sections
TestingLibraryElementError: Unable to find an element with the text: /admin|dashboard/i. This could be because the text is broken up by multiple elements. In this case, you can provide a function for your text matcher to make your matcher more flexible.

Ignored nodes: comments, script, style
<body>
  <div>
    <div
      data-testid="admin-dashboard-root"
    >
      <div
        class="flex justify-between items-center mb-6"
      />
      <div
        class="border-b border-gray-200 mb-6"
        data-testid="admin-tabs"
      >
        <nav
          aria-label="Tabs"
          class="-mb-px flex space-x-8 overflow-x-auto"
        >
          <button
            class="border-blue-500 text-blue-600
                                whitespace-nowrap py-4 px-1 border-b-2 font-medium text-sm transition-colors flex items-center space-x-2"
            data-testid="admin-tab-analytics"
          >
            <span>
              Analytics
            </span>
          </button>
          <button
            class="border-transparent text-gray-600 hover:text-gray-700 hover:border-gray-300
                                whitespace-nowrap py-4 px-1 border-b-2 font-medium text-sm transition-colors flex items-center space-x-2"
            data-testid="admin-tab-jobs"
          >
            <span>
              Jobs
            </span>
          </button>
          <button
            class="border-transparent text-gray-600 hover:text-gray-700 hover:border-gray-300
                                whitespace-nowrap py-4 px-1 border-b-2 font-medium text-sm transition-colors flex items-center space-x-2"
            data-testid="admin-tab-providers"
          >
            <span>
              Providers
            </span>
          </button>
          <button
            class="border-transparent text-gray-600 hover:text-gray-700 hover:border-gray-300
                                whitespace-nowrap py-4 px-1 border-b-2 font-medium text-sm transition-colors flex items-center space-x-2"
            data-testid="admin-tab-financials"
          >
            <span>
              Financials
            </span>
          </button>
          <button
            class="border-transparent text-gray-600 hover:text-gray-700 hover:border-gray-300
                                whitespace-nowrap py-4 px-1 border-b-2 font-medium text-sm transition-colors flex items-center space-x-2"
            data-testid="admin-tab-fraud"
          >
            <span>
              Fraud
            </span>
          </button>
          <button
            class="border-transparent text-gray-600 hover:text-gray-700 hover:border-gray-300
                                whitespace-nowrap py-4 px-1 border-b-2 font-medium text-sm transition-colors flex items-center space-x-2"
            data-testid="admin-tab-users"
          >
            <span>
              Users
            </span>
          </button>
          <button
            class="border-transparent text-gray-600 hover:text-gray-700 hover:border-gray-300
                                whitespace-nowrap py-4 px-1 border-b-2 font-medium text-sm transition-colors flex items-center space-x-2"
            data-testid="admin-tab-prospecting"
          >
            <span>
              Prospecting
            </span>
          </button>
          <button
            class="border-transparent text-gray-600 hover:text-gray-700 hover:border-gray-300
                                whitespace-nowrap py-4 px-1 border-b-2 font-medium text-sm transition-colors flex items-center space-x-2"
            data-testid="admin-tab-marketing"
          >
            <span>
              Marketing
            </span>
          </button>
          <button
            class="border-transparent text-gray-600 hover:text-gray-700 hover:border-gray-300
                                whitespace-nowrap py-4 px-1 border-b-2 font-medium text-sm transition-colors flex items-center space-x-2"
            data-testid="admin-tab-prospectors"
          >
            <span>
              Prospectors
            </span>
          </button>
        </nav>
      </div>
      <div
        data-testid="admin-active-tab-content"
      >
        <div
          data-testid="analytics"
        >
          Analytics
        </div>
      </div>
    </div>
  </div>
</body>
 √î√ò¬ª Object.getElementError node_modules/@testing-library/dom/dist/config.js:37:19
 √î√ò¬ª node_modules/@testing-library/dom/dist/query-helpers.js:76:38
 √î√ò¬ª node_modules/@testing-library/dom/dist/query-helpers.js:52:17
 √î√ò¬ª node_modules/@testing-library/dom/dist/query-helpers.js:95:19
 √î√ò¬ª tests/week2/AdminDashboard.suite.test.tsx:61:32
     59|       
     60|       // Deve exibir se‚îú¬∫‚îú√Åes principais
     61|       const dashboard = screen.getByText(/admin|dashboard/i) || 
       |                                ^
     62|                        screen.getByTestId('analytics');
     63|       expect(dashboard).toBeInTheDocument();

√î√Ñ¬ª√î√Ñ¬ª√î√Ñ¬ª√î√Ñ¬ª√î√Ñ¬ª√î√Ñ¬ª√î√Ñ¬ª√î√Ñ¬ª√î√Ñ¬ª√î√Ñ¬ª√î√Ñ¬ª√î√Ñ¬ª√î√Ñ¬ª√î√Ñ¬ª√î√Ñ¬ª√î√Ñ¬ª√î√Ñ¬ª√î√Ñ¬ª√î√Ñ¬ª√î√Ñ¬ª√î√Ñ¬ª√î√Ñ¬ª[14/18]√î√Ñ¬ª

 FAIL  tests/week3/ClientDashboard.expansion.test.tsx > ClientDashboard - Week 3 Expansion Tests > Rendering and Basic Functionality > should display user name in dashboard
TestingLibraryElementError: Unable to find an element with the text: /Test Client|cliente/i. This could be because the text is broken up by multiple elements. In this case, you can provide a function for your text matcher to make your matcher more flexible.

Ignored nodes: comments, script, style
<body>
  <div>
    <div
      class="flex h-screen bg-gray-50"
    >
      <button
        aria-label="Toggle menu"
        class="fixed top-4 left-4 z-50 md:hidden bg-white p-2 rounded-lg shadow-lg border border-gray-200"
      >
        <svg
          class="w-6 h-6 text-gray-700"
          fill="none"
          stroke="currentColor"
          viewBox="0 0 24 24"
        >
          <path
            d="M4 6h16M4 12h16M4 18h16"
            stroke-linecap="round"
            stroke-linejoin="round"
            stroke-width="2"
          />
        </svg>
      </button>
      <aside
        class="w-64 bg-white border-r border-gray-200 flex flex-col fixed inset-y-0 left-0 z-40 transform transition-transform duration-200 md:relative md:translate-x-0 -translate-x-full"
      >
        <div
          class="p-6 flex-1"
        >
          <div
            class="flex items-center gap-2 mb-8"
          >
            <span
              class="text-2xl"
            >
              ¬≠∆í√¶√Ø
            </span>
            <div>
              <p
                class="text-sm font-semibold text-gray-900"
              >
                Ol‚îú√≠, 
                Test
                !
              </p>
              <button
                class="text-xs text-blue-600 hover:underline"
              >
                Conta Pessoal
              </button>
            </div>
          </div>
          <nav
            class="space-y-1"
          >
            <button
              class="w-full flex items-center gap-3 px-4 py-2.5 rounded-lg text-sm font-medium transition-colors bg-blue-50 text-blue-700"
            >
              <span
                class="text-lg"
              >
                ¬≠∆í√Ö√°
              </span>
              In‚îú¬°cio
            </button>
            <button
              class="w-full flex items-center gap-3 px-4 py-2.5 rounded-lg text-sm font-medium transition-colors text-gray-700 hover:bg-gray-50"
            >
              <span
                class="text-lg"
              >
                ¬≠∆í√¥√Ø
              </span>
              Meus Servi‚îú¬∫os
            </button>
            <button
              class="w-full flex items-center gap-3 px-4 py-2.5 rounded-lg text-sm font-medium transition-colors text-gray-700 hover:bg-gray-50"
            >
              <span
                class="text-lg"
              >
                ¬≠∆í√¥¬™
              </span>
              Meus Itens
            </button>
            <button
              class="w-full flex items-center gap-3 px-4 py-2.5 rounded-lg text-sm font-medium transition-colors text-gray-700 hover:bg-gray-50"
            >
              <span
                class="text-lg"
              >
                √î√ò√¥
              </span>
              Ajuda
            </button>
          </nav>
        </div>
        <div
          class="p-6 border-t border-gray-200"
        >
          <button
            class="text-sm text-gray-600 hover:text-blue-600"
          >
            Sair
          </button>
        </div>
      </aside>
      <main
        class="flex-1 overflow-y-auto pt-16 md:pt-0"
      >
        <div
          class="max-w-7xl mx-auto p-4 sm:p-6 lg:p-8 space-y-6"
        >
          <div
            class="grid grid-cols-1 sm:grid-cols-3 gap-6"
          >
            <div
              class="bg-white rounded-xl p-6 shadow-sm border border-gray-100"
            >
              <div
                class="flex items-center justify-between mb-4"
              >
                <h3
                  class="text-sm font-medium text-gray-600"
                >
                  Servi‚îú¬∫os Ativos
                </h3>
                <div
                  class="w-10 h-10 rounded-lg bg-blue-50 flex items-center justify-center"
                >
                  <span
                    class="text-xl"
                  >
                    ¬≠∆í√¥√Ø
                  </span>
                </div>
              </div>
              <p
                class="text-3xl font-bold text-gray-900"
              >
                0
              </p>
            </div>
            <div
              class="bg-white rounded-xl p-6 shadow-sm border border-gray-100"
            >
              <div
                class="flex items-center justify-between mb-4"
              >
                <h3
                  class="text-sm font-medium text-gray-600"
                >
                  Conclu‚îú¬°dos
                </h3>
                <div
                  class="w-10 h-10 rounded-lg bg-green-50 flex items-center justify-center"
                >
                  <span
                    class="text-xl"
                  >
                    ¬≠∆í√Ü¬º
                  </span>
                </div>
              </div>
              <p
                class="text-3xl font-bold text-gray-900"
              >
                0
              </p>
            </div>
            <div
              class="bg-white rounded-xl p-6 shadow-sm border border-gray-100"
            >
              <div
                class="flex items-center justify-between mb-4"
              >
                <h3
                  class="text-sm font-medium text-gray-600"
                >
                  Itens Cadastrados
                </h3>
                <div
                  class="w-10 h-10 rounded-lg bg-purple-50 flex items-center justify-center"
                >
                  <span
                    class="text-xl"
                  >
                    ¬≠∆í¬∫‚ñë
                  </span>
                </div>
              </div>
              <p
                class="text-3xl font-bold text-gray-900"
              >
                0
              </p>
            </div>
          </div>
          <div>
            <h2
              class="text-xl font-bold text-gray-900 mb-4"
            >
              A‚îú¬∫‚îú√Åes R‚îú√≠pidas
            </h2>
            <div
              class="grid grid-cols-1 sm:grid-cols-2 gap-4"
            >
              <button
                class="flex items-center gap-4 p-6 rounded-xl bg-blue-600 text-white hover:bg-blue-700 transition shadow-lg"
              >
                <div
                  class="w-12 h-12 rounded-lg bg-white/20 flex items-center justify-center"
                >
                  <span
                    class="text-2xl"
                  >
                    √î¬£¬ø
                  </span>
                </div>
                <div
                  class="text-left"
                >
                  <h3
                    class="font-semibold mb-1"
                  >
                    Solicitar Servi‚îú¬∫o
                  </h3>
                  <p
                    class="text-sm text-blue-100"
                  >
                    Com ajuda da IA
                  </p>
                </div>
              </button>
              <button
                class="flex items-center gap-4 p-6 rounded-xl bg-purple-600 text-white hover:bg-purple-700 transition shadow-lg"
              >
                <div
                  class="w-12 h-12 rounded-lg bg-white/20 flex items-center justify-center"
                >
                  <span
                    class="text-2xl"
                  >
                    √î√ú√ñ¬¥¬©√Ö
                  </span>
                </div>
                <div
                  class="text-left"
                >
                  <h3
                    class="font-semibold mb-1"
                  >
                    Cadastrar Item
                  </h3>
                  <p
                    class="text-sm text-purple-100"
                  >
                    Para manuten‚îú¬∫‚îú√∫o
                  </p>
                </div>
              </button>
            </div>
          </div>
        </div>
      </main>
    </div>
  </div>
</body>
 √î√ò¬ª Object.getElementError node_modules/@testing-library/dom/dist/config.js:37:19
 √î√ò¬ª node_modules/@testing-library/dom/dist/query-helpers.js:76:38
 √î√ò¬ª node_modules/@testing-library/dom/dist/query-helpers.js:52:17
 √î√ò¬ª node_modules/@testing-library/dom/dist/query-helpers.js:95:19
 √î√ò¬ª tests/week3/ClientDashboard.expansion.test.tsx:127:21
    125|     it('should display user name in dashboard', () => {
    126|       renderClientDashboard();
    127|       expect(screen.getByText(/Test Client|cliente/i)).toBeInTheDocume√î√á¬™
       |                     ^
    128|     });
    129| 

√î√Ñ¬ª√î√Ñ¬ª√î√Ñ¬ª√î√Ñ¬ª√î√Ñ¬ª√î√Ñ¬ª√î√Ñ¬ª√î√Ñ¬ª√î√Ñ¬ª√î√Ñ¬ª√î√Ñ¬ª√î√Ñ¬ª√î√Ñ¬ª√î√Ñ¬ª√î√Ñ¬ª√î√Ñ¬ª√î√Ñ¬ª√î√Ñ¬ª√î√Ñ¬ª√î√Ñ¬ª√î√Ñ¬ª√î√Ñ¬ª[15/18]√î√Ñ¬ª

 FAIL  tests/week3/ClientDashboard.expansion.test.tsx > ClientDashboard - Week 3 Expansion Tests > Modal State Management > should handle viewingProposalsForJob prop
TestingLibraryElementError: Found multiple elements with the role "main"

Here are the matching elements:

Ignored nodes: comments, script, style
<main
  class="flex-1 overflow-y-auto pt-16 md:pt-0"
>
  <div
    class="max-w-7xl mx-auto p-4 sm:p-6 lg:p-8 space-y-6"
  >
    <div
      class="grid grid-cols-1 sm:grid-cols-3 gap-6"
    >
      <div
        class="bg-white rounded-xl p-6 shadow-sm border border-gray-100"
      >
        <div
          class="flex items-center justify-between mb-4"
        >
          <h3
            class="text-sm font-medium text-gray-600"
          >
            Servi‚îú¬∫os Ativos
          </h3>
          <div
            class="w-10 h-10 rounded-lg bg-blue-50 flex items-center justify-center"
          >
            <span
              class="text-xl"
            >
              ¬≠∆í√¥√Ø
            </span>
          </div>
        </div>
        <p
          class="text-3xl font-bold text-gray-900"
        >
          0
        </p>
      </div>
      <div
        class="bg-white rounded-xl p-6 shadow-sm border border-gray-100"
      >
        <div
          class="flex items-center justify-between mb-4"
        >
          <h3
            class="text-sm font-medium text-gray-600"
          >
            Conclu‚îú¬°dos
          </h3>
          <div
            class="w-10 h-10 rounded-lg bg-green-50 flex items-center justify-center"
          >
            <span
              class="text-xl"
            >
              ¬≠∆í√Ü¬º
            </span>
          </div>
        </div>
        <p
          class="text-3xl font-bold text-gray-900"
        >
          0
        </p>
      </div>
      <div
        class="bg-white rounded-xl p-6 shadow-sm border border-gray-100"
      >
        <div
          class="flex items-center justify-between mb-4"
        >
          <h3
            class="text-sm font-medium text-gray-600"
          >
            Itens Cadastrados
          </h3>
          <div
            class="w-10 h-10 rounded-lg bg-purple-50 flex items-center justify-center"
          >
            <span
              class="text-xl"
            >
              ¬≠∆í¬∫‚ñë
            </span>
          </div>
        </div>
        <p
          class="text-3xl font-bold text-gray-900"
        >
          0
        </p>
      </div>
    </div>
    <div>
      <h2
        class="text-xl font-bold text-gray-900 mb-4"
      >
        A‚îú¬∫‚îú√Åes R‚îú√≠pidas
      </h2>
      <div
        class="grid grid-cols-1 sm:grid-cols-2 gap-4"
      >
        <button
          class="flex items-center gap-4 p-6 rounded-xl bg-blue-600 text-white hover:bg-blue-700 transition shadow-lg"
        >
          <div
            class="w-12 h-12 rounded-lg bg-white/20 flex items-center justify-center"
          >
            <span
              class="text-2xl"
            >
              √î¬£¬ø
            </span>
          </div>
          <div
            class="text-left"
          >
            <h3
              class="font-semibold mb-1"
            >
              Solicitar Servi‚îú¬∫o
            </h3>
            <p
              class="text-sm text-blue-100"
            >
              Com ajuda da IA
            </p>
          </div>
        </button>
        <button
          class="flex items-center gap-4 p-6 rounded-xl bg-purple-600 text-white hover:bg-purple-700 transition shadow-lg"
        >
          <div
            class="w-12 h-12 rounded-lg bg-white/20 flex items-center justify-center"
          >
            <span
              class="text-2xl"
            >
              √î√ú√ñ¬¥¬©√Ö
            </span>
          </div>
          <div
            class="text-left"
          >
            <h3
              class="font-semibold mb-1"
            >
              Cadastrar Item
            </h3>
            <p
              class="text-sm text-purple-100"
            >
              Para manuten‚îú¬∫‚îú√∫o
            </p>
          </div>
        </button>
      </div>
    </div>
  </div>
</main>

Ignored nodes: comments, script, style
<main
  class="flex-grow overflow-y-auto p-6 space-y-4"
>
  <div
    class="text-center py-16"
  >
    <svg
      aria-hidden="true"
      class="mx-auto h-12 w-12 text-gray-500"
      fill="none"
      stroke="currentColor"
      viewBox="0 0 24 24"
    >
      <path
        d="M9 13h6m-3-3v6m-9 1V7a2 2 0 012-2h6l2 2h6a2 2 0 012 2v8a2 2 0 01-2 2H5a2 2 0 01-2-2z"
        stroke-linecap="round"
        stroke-linejoin="round"
        stroke-width="2"
        vector-effect="non-scaling-stroke"
      />
    </svg>
    <h3
      class="mt-2 text-lg font-medium text-gray-900"
    >
      Nenhuma proposta recebida
    </h3>
    <p
      class="mt-1 text-sm text-gray-600"
    >
      Aguarde um pouco. Os prestadores foram notificados sobre seu job.
    </p>
  </div>
</main>

(If this is intentional, then use the `*AllBy*` variant of the query (like `queryAllByText`, `getAllByText`, or `findAllByText`)).

Ignored nodes: comments, script, style
<body>
  <div>
    <div
      class="flex h-screen bg-gray-50"
    >
      <button
        aria-label="Toggle menu"
        class="fixed top-4 left-4 z-50 md:hidden bg-white p-2 rounded-lg shadow-lg border border-gray-200"
      >
        <svg
          class="w-6 h-6 text-gray-700"
          fill="none"
          stroke="currentColor"
          viewBox="0 0 24 24"
        >
          <path
            d="M4 6h16M4 12h16M4 18h16"
            stroke-linecap="round"
            stroke-linejoin="round"
            stroke-width="2"
          />
        </svg>
      </button>
      <aside
        class="w-64 bg-white border-r border-gray-200 flex flex-col fixed inset-y-0 left-0 z-40 transform transition-transform duration-200 md:relative md:translate-x-0 -translate-x-full"
      >
        <div
          class="p-6 flex-1"
        >
          <div
            class="flex items-center gap-2 mb-8"
          >
            <span
              class="text-2xl"
            >
              ¬≠∆í√¶√Ø
            </span>
            <div>
              <p
                class="text-sm font-semibold text-gray-900"
              >
                Ol‚îú√≠, 
                Test
                !
              </p>
              <button
                class="text-xs text-blue-600 hover:underline"
              >
                Conta Pessoal
              </button>
            </div>
          </div>
          <nav
            class="space-y-1"
          >
            <button
              class="w-full flex items-center gap-3 px-4 py-2.5 rounded-lg text-sm font-medium transition-colors bg-blue-50 text-blue-700"
            >
              <span
                class="text-lg"
              >
                ¬≠∆í√Ö√°
              </span>
              In‚îú¬°cio
            </button>
            <button
              class="w-full flex items-center gap-3 px-4 py-2.5 rounded-lg text-sm font-medium transition-colors text-gray-700 hover:bg-gray-50"
            >
              <span
                class="text-lg"
              >
                ¬≠∆í√¥√Ø
              </span>
              Meus Servi‚îú¬∫os
            </button>
            <button
              class="w-full flex items-center gap-3 px-4 py-2.5 rounded-lg text-sm font-medium transition-colors text-gray-700 hover:bg-gray-50"
            >
              <span
                class="text-lg"
              >
                ¬≠∆í√¥¬™
              </span>
              Meus Itens
            </button>
            <button
              class="w-full flex items-center gap-3 px-4 py-2.5 rounded-lg text-sm font-medium transition-colors text-gray-700 hover:bg-gray-50"
            >
              <span
                class="text-lg"
              >
                √î√ò√¥
              </span>
              Ajuda
            </button>
          </nav>
        </div>
        <div
          class="p-6 border-t border-gray-200"
        >
          <button
            class="text-sm text-gray-600 hover:text-blue-600"
          >
            Sair
          </button>
        </div>
      </aside>
      <main
        class="flex-1 overflow-y-auto pt-16 md:pt-0"
      >
        <div
          class="max-w-7xl mx-auto p-4 sm:p-6 lg:p-8 space-y-6"
        >
          <div
            class="grid grid-cols-1 sm:grid-cols-3 gap-6"
          >
            <div
              class="bg-white rounded-xl p-6 shadow-sm border border-gray-100"
            >
              <div
                class="flex items-center justify-between mb-4"
              >
                <h3
                  class="text-sm font-medium text-gray-600"
                >
                  Servi‚îú¬∫os Ativos
                </h3>
                <div
                  class="w-10 h-10 rounded-lg bg-blue-50 flex items-center justify-center"
                >
                  <span
                    class="text-xl"
                  >
                    ¬≠∆í√¥√Ø
                  </span>
                </div>
              </div>
              <p
                class="text-3xl font-bold text-gray-900"
              >
                0
              </p>
            </div>
            <div
              class="bg-white rounded-xl p-6 shadow-sm border border-gray-100"
            >
              <div
                class="flex items-center justify-between mb-4"
              >
                <h3
                  class="text-sm font-medium text-gray-600"
                >
                  Conclu‚îú¬°dos
                </h3>
                <div
                  class="w-10 h-10 rounded-lg bg-green-50 flex items-center justify-center"
                >
                  <span
                    class="text-xl"
                  >
                    ¬≠∆í√Ü¬º
                  </span>
                </div>
              </div>
              <p
                class="text-3xl font-bold text-gray-900"
              >
                0
              </p>
            </div>
            <div
              class="bg-white rounded-xl p-6 shadow-sm border border-gray-100"
            >
              <div
                class="flex items-center justify-between mb-4"
              >
                <h3
                  class="text-sm font-medium text-gray-600"
                >
                  Itens Cadastrados
                </h3>
                <div
                  class="w-10 h-10 rounded-lg bg-purple-50 flex items-center justify-center"
                >
                  <span
                    class="text-xl"
                  >
                    ¬≠∆í¬∫‚ñë
                  </span>
                </div>
              </div>
              <p
                class="text-3xl font-bold text-gray-900"
              >
                0
              </p>
            </div>
          </div>
          <div>
            <h2
              class="text-xl font-bold text-gray-900 mb-4"
            >
              A‚îú¬∫‚îú√Åes R‚îú√≠pidas
            </h2>
            <div
              class="grid grid-cols-1 sm:grid-cols-2 gap-4"
            >
              <button
                class="flex items-center gap-4 p-6 rounded-xl bg-blue-600 text-white hover:bg-blue-700 transition shadow-lg"
              >
                <div
                  class="w-12 h-12 rounded-lg bg-white/20 flex items-center justify-center"
                >
                  <span
                    class="text-2xl"
                  >
                    √î¬£¬ø
                  </span>
                </div>
                <div
                  class="text-left"
                >
                  <h3
                    class="font-semibold mb-1"
                  >
                    Solicitar Servi‚îú¬∫o
                  </h3>
                  <p
                    class="text-sm text-blue-100"
                  >
                    Com ajuda da IA
                  </p>
                </div>
              </button>
              <button
                class="flex items-center gap-4 p-6 rounded-xl bg-purple-600 text-white hover:bg-purple-700 transition shadow-lg"
              >
                <div
                  class="w-12 h-12 rounded-lg bg-white/20 flex items-center justify-center"
                >
                  <span
                    class="text-2xl"
                  >
                    √î√ú√ñ¬¥¬©√Ö
                  </span>
                </div>
                <div
                  class="text-left"
                >
                  <h3
                    class="font-semibold mb-1"
                  >
                    Cadastrar Item
                  </h3>
                  <p
                    class="text-sm text-purple-100"
                  >
                    Para manuten‚îú¬∫‚îú√∫o
                  </p>
                </div>
              </button>
            </div>
          </div>
        </div>
      </main>
      <div
        aria-modal="true"
        class="fixed inset-0 bg-black bg-opacity-60 z-50 flex items-center justify-center p-4"
        role="dialog"
        tabindex="0"
      >
        <div
          class="bg-slate-50 rounded-2xl shadow-xl w-full max-w-3xl m-4 transform transition-all h-[90vh] flex flex-col"
        >
          <header
            class="relative p-6 border-b border-gray-200"
          >
            <button
              class="absolute top-4 right-4 text-gray-500 hover:text-gray-600"
            >
              <svg
                class="w-6 h-6"
                fill="none"
                stroke="currentColor"
                viewBox="0 0 24 24"
                xmlns="http://www.w3.org/2000/svg"
              >
                <path
                  d="M6 18L18 6M6 6l12 12"
                  stroke-linecap="round"
                  stroke-linejoin="round"
                  stroke-width="2"
                />
              </svg>
            </button>
            <h2
              class="text-xl font-bold text-gray-800"
            >
              Propostas para: 
              <span
                class="text-blue-600"
              >
                design
              </span>
            </h2>
            <p
              class="text-sm text-gray-600 mt-1 line-clamp-2"
            >
              Modern website needed
            </p>
          </header>
          <main
            class="flex-grow overflow-y-auto p-6 space-y-4"
          >
            <div
              class="text-center py-16"
            >
              <svg
                aria-hidden="true"
                class="mx-auto h-12 w-12 text-gray-500"
                fill="none"
                stroke="currentColor"
                viewBox="0 0 24 24"
              >
                <path
                  d="M9 13h6m-3-3v6m-9 1V7a2 2 0 012-2h6l2 2h6a2 2 0 012 2v8a2 2 0 01-2 2H5a2 2 0 01-2-2z"
                  stroke-linecap="round"
                  stroke-linejoin="round"
                  stroke-width="2"
                  vector-effect="non-scaling-stroke"
                />
              </svg>
              <h3
                class="mt-2 text-lg font-medium text-gray-900"
              >
                Nenhuma proposta recebida
              </h3>
              <p
                class="mt-1 text-sm text-gray-600"
              >
                Aguarde um pouco. Os prestadores foram notificados sobre seu job.
              </p>
            </div>
          </main>
        </div>
      </div>
    </div>
  </div>
</body>
 √î√ò¬ª Object.getElementError node_modules/@testing-library/dom/dist/config.js:37:19
 √î√ò¬ª getElementError node_modules/@testing-library/dom/dist/query-helpers.js:20:35
 √î√ò¬ª getMultipleElementsFoundError node_modules/@testing-library/dom/dist/query-helpers.js:23:10
 √î√ò¬ª node_modules/@testing-library/dom/dist/query-helpers.js:55:13
 √î√ò¬ª node_modules/@testing-library/dom/dist/query-helpers.js:95:19
 √î√ò¬ª tests/week3/ClientDashboard.expansion.test.tsx:383:21
    381|       });
    382| 
    383|       expect(screen.getByRole('main', { hidden: true })).toBeInTheDocu√î√á¬™
       |                     ^
    384|     });
    385| 

√î√Ñ¬ª√î√Ñ¬ª√î√Ñ¬ª√î√Ñ¬ª√î√Ñ¬ª√î√Ñ¬ª√î√Ñ¬ª√î√Ñ¬ª√î√Ñ¬ª√î√Ñ¬ª√î√Ñ¬ª√î√Ñ¬ª√î√Ñ¬ª√î√Ñ¬ª√î√Ñ¬ª√î√Ñ¬ª√î√Ñ¬ª√î√Ñ¬ª√î√Ñ¬ª√î√Ñ¬ª√î√Ñ¬ª√î√Ñ¬ª[16/18]√î√Ñ¬ª

 FAIL  tests/week3/ClientDashboard.expansion.test.tsx > ClientDashboard - Week 3 Expansion Tests > Modal State Management > should handle proposalToPay prop
 FAIL  tests/week3/ClientDashboard.expansion.test.tsx > ClientDashboard - Week 3 Expansion Tests > Modal State Management > should handle both modal props together
TypeError: Cannot read properties of undefined (reading 'name')
 √î√ò¬ª PaymentModal components/PaymentModal.tsx:49:109
     47| 
     48|           <h2 className="text-2xl font-bold text-gray-800">Finalizar P√î√á¬™
     49|           <p className="text-gray-600 mt-2">Voc‚îú¬¨ est‚îú√≠ contratando <spa√î√á¬™
       |                                                                                                             ^
     50| 
     51|           <div className="mt-6 bg-slate-50 border border-slate-200 rou√î√á¬™
 √î√ò¬ª renderWithHooks node_modules/react-dom/cjs/react-dom.development.js:15486:18
 √î√ò¬ª mountIndeterminateComponent node_modules/react-dom/cjs/react-dom.development.js:20103:13
 √î√ò¬ª beginWork node_modules/react-dom/cjs/react-dom.development.js:21626:16
 √î√ò¬ª beginWork$1 node_modules/react-dom/cjs/react-dom.development.js:27465:14
 √î√ò¬ª performUnitOfWork node_modules/react-dom/cjs/react-dom.development.js:26599:12
 √î√ò¬ª workLoopSync node_modules/react-dom/cjs/react-dom.development.js:26505:5
 √î√ò¬ª renderRootSync node_modules/react-dom/cjs/react-dom.development.js:26473:7
 √î√ò¬ª recoverFromConcurrentError node_modules/react-dom/cjs/react-dom.development.js:25889:20
 √î√ò¬ª performConcurrentWorkOnRoot node_modules/react-dom/cjs/react-dom.development.js:25789:22

√î√Ñ¬ª√î√Ñ¬ª√î√Ñ¬ª√î√Ñ¬ª√î√Ñ¬ª√î√Ñ¬ª√î√Ñ¬ª√î√Ñ¬ª√î√Ñ¬ª√î√Ñ¬ª√î√Ñ¬ª√î√Ñ¬ª√î√Ñ¬ª√î√Ñ¬ª√î√Ñ¬ª√î√Ñ¬ª√î√Ñ¬ª√î√Ñ¬ª√î√Ñ¬ª√î√Ñ¬ª√î√Ñ¬ª√î√Ñ¬ª[17/18]√î√Ñ¬ª

[31m√î√Ñ¬ª√î√Ñ¬ª√î√Ñ¬ª√î√Ñ¬ª√î√Ñ¬ª√î√Ñ¬ª[1m[7m Unhandled Errors [27m[22m√î√Ñ¬ª√î√Ñ¬ª√î√Ñ¬ª√î√Ñ¬ª√î√Ñ¬ª√î√Ñ¬ª[39m
[31m[1m
Vitest caught 2 unhandled errors during the test run.
This might cause false positive tests. Resolve unhandled errors to make sure your tests are not affected.[22m[39m

√î√Ñ¬ª√î√Ñ¬ª√î√Ñ¬ª√î√Ñ¬ª Unhandled Rejection √î√Ñ¬ª√î√Ñ¬ª√î√Ñ¬ª√î√Ñ¬ª√î√Ñ¬ª
Error: test
 √î√ò¬ª tests/App.test.tsx:220:31
    218|     const event = new PromiseRejectionEvent('unhandledrejection', {
    219|       reason: new Error('Failed to fetch dynamically imported module'),
    220|       promise: Promise.reject(new Error('test')),
       |                               ^
    221|     });
    222| 
 √î√ò¬ª node_modules/@vitest/runner/dist/index.js:146:14
 √î√ò¬ª node_modules/@vitest/runner/dist/index.js:533:11
 √î√ò¬ª runWithTimeout node_modules/@vitest/runner/dist/index.js:39:7
 √î√ò¬ª runTest node_modules/@vitest/runner/dist/index.js:1056:17
 √î√ò¬ª runSuite node_modules/@vitest/runner/dist/index.js:1205:15
 √î√ò¬ª runSuite node_modules/@vitest/runner/dist/index.js:1205:15
 √î√ò¬ª runFiles node_modules/@vitest/runner/dist/index.js:1262:5
 √î√ò¬ª startTests node_modules/@vitest/runner/dist/index.js:1271:3
 √î√ò¬ª node_modules/vitest/dist/chunks/runBaseTests.3qpJUEJM.js:126:11

This error originated in "tests/App.test.tsx" test file. It doesn't mean the error was thrown inside the file itself, but while it was running.
The latest test that might've caused the error is "tests/App.test.tsx". It might mean one of the following:
- The error was thrown, while Vitest was running this test.
- If the error occurred after the test had been completed, this was the last documented test before it was thrown.

√î√Ñ¬ª√î√Ñ¬ª√î√Ñ¬ª√î√Ñ¬ª Unhandled Rejection √î√Ñ¬ª√î√Ñ¬ª√î√Ñ¬ª√î√Ñ¬ª√î√Ñ¬ª
Error: test
 √î√ò¬ª tests/App.test.tsx:257:31
    255|     const event = new PromiseRejectionEvent('unhandledrejection', {
    256|       reason: new Error('Failed to fetch dynamically imported module'),
    257|       promise: Promise.reject(new Error('test')),
       |                               ^
    258|     });
    259| 
 √î√ò¬ª node_modules/@vitest/runner/dist/index.js:146:14
 √î√ò¬ª node_modules/@vitest/runner/dist/index.js:533:11
 √î√ò¬ª runWithTimeout node_modules/@vitest/runner/dist/index.js:39:7
 √î√ò¬ª runTest node_modules/@vitest/runner/dist/index.js:1056:17
 √î√ò¬ª runSuite node_modules/@vitest/runner/dist/index.js:1205:15
 √î√ò¬ª runSuite node_modules/@vitest/runner/dist/index.js:1205:15
 √î√ò¬ª runFiles node_modules/@vitest/runner/dist/index.js:1262:5
 √î√ò¬ª startTests node_modules/@vitest/runner/dist/index.js:1271:3
 √î√ò¬ª node_modules/vitest/dist/chunks/runBaseTests.3qpJUEJM.js:126:11

This error originated in "tests/App.test.tsx" test file. It doesn't mean the error was thrown inside the file itself, but while it was running.
The latest test that might've caused the error is "tests/App.test.tsx". It might mean one of the following:
- The error was thrown, while Vitest was running this test.
- If the error occurred after the test had been completed, this was the last documented test before it was thrown.
[31m√î√Ñ¬ª√î√Ñ¬ª√î√Ñ¬ª√î√Ñ¬ª√î√Ñ¬ª√î√Ñ¬ª√î√Ñ¬ª√î√Ñ¬ª√î√Ñ¬ª√î√Ñ¬ª√î√Ñ¬ª√î√Ñ¬ª√î√Ñ¬ª√î√Ñ¬ª√î√Ñ¬ª√î√Ñ¬ª√î√Ñ¬ª√î√Ñ¬ª√î√Ñ¬ª√î√Ñ¬ª√î√Ñ¬ª√î√Ñ¬ª√î√Ñ¬ª√î√Ñ¬ª√î√Ñ¬ª√î√Ñ¬ª√î√Ñ¬ª√î√Ñ¬ª√î√Ñ¬ª√î√Ñ¬ª[39m

[2m Test Files [22m [1m[31m14 failed[39m[22m[2m | [22m[1m[32m105 passed[39m[22m[90m (119)[39m
[2m      Tests [22m [1m[31m12 failed[39m[22m[2m | [22m[1m[32m1386 passed[39m[22m[90m (1398)[39m
[2m     Errors [22m [1m[31m2 errors[39m[22m
[2m   Start at [22m 12:35:47
[2m   Duration [22m 73.36s[2m (transform 5.68s, setup 2.30s, collect 12.40s, tests 45.37s, environment 1.52s, prepare 183ms)[22m

[34m % [39m[2mCoverage report from [22m[33mv8[39m
-------------------|---------|----------|---------|---------|-------------------
File               | % Stmts | % Branch | % Funcs | % Lines | Uncovered Line #s 
-------------------|---------|----------|---------|---------|-------------------
All files          |      45 |    77.02 |   56.17 |      45 |                   
 servio.ai         |   46.81 |    57.14 |   21.05 |   46.81 |                   
  App.tsx          |   44.95 |    59.61 |   20.58 |   44.95 | ...36-538,549-566 
  ...baseConfig.ts |   68.42 |    33.33 |   33.33 |   68.42 | 28-33,40-42,50-53 
  types.ts         |       0 |        0 |       0 |       0 | 1                 
 ....ai/components |   60.63 |    80.66 |   59.71 |   60.63 |                   
  ...ernalChat.tsx |       0 |        0 |       0 |       0 | 1-266             
  ...estWizard.tsx |   90.72 |    79.51 |   68.75 |   90.72 | ...94-201,244-246 
  ...Assistant.tsx |     100 |      100 |     100 |     100 |                   
  AddItemModal.tsx |   95.59 |    85.71 |    87.5 |   95.59 | 72-76,80-81       
  ...Analytics.tsx |       0 |        0 |       0 |       0 | 1-46              
  ...Dashboard.tsx |     100 |    77.77 |     100 |     100 | 12-13             
  ...Dashboard.tsx |   94.87 |    78.12 |      75 |   94.87 | ...,96,98,100,102 
  ...puteModal.tsx |       0 |        0 |       0 |       0 | 1-118             
  ...inancials.tsx |   13.09 |      100 |       0 |   13.09 | 14-97             
  ...audAlerts.tsx |   11.23 |      100 |       0 |   11.23 | 14-101            
  ...anagement.tsx |   80.95 |    58.82 |   33.33 |   80.95 | 42,109,121-144    
  ...Marketing.tsx |    1.75 |      100 |       0 |    1.75 | 23-419            
  ...ospecting.tsx |    2.81 |      100 |       0 |    2.81 | 8-254             
  ...anagement.tsx |    1.69 |      100 |       0 |    1.69 | 8-415             
  ...anagement.tsx |    6.59 |      100 |       0 |    6.59 | 15-210            
  ...anagement.tsx |   48.25 |    68.42 |       5 |   48.25 | ...91-314,320-431 
  ...ationCard.tsx |    7.14 |      100 |       0 |    7.14 | 11-55             
  ...RoomModal.tsx |   90.13 |       90 |     100 |   90.13 | 80-92,108-110     
  AuthModal.tsx    |   88.88 |    88.57 |     100 |   88.88 | 28-29,49,70-77    
  Avatar.tsx       |     100 |      100 |     100 |     100 |                   
  Chart.tsx        |       0 |        0 |       0 |       0 | 1-34              
  ChatModal.tsx    |   92.79 |    87.09 |   86.66 |   92.79 | ...13-118,218-225 
  ...Dashboard.tsx |   67.34 |    67.36 |   35.55 |   67.34 | ...43-850,853-858 
  ...ntJobCard.tsx |   89.61 |    94.11 |     100 |   89.61 | 94-101            
  ...edJobCard.tsx |     100 |    66.66 |     100 |     100 | 26-27,45-47       
  ...irmDialog.tsx |     100 |      100 |     100 |     100 |                   
  Dashboard.tsx    |       0 |        0 |       0 |       0 | 1-113             
  ...ailsModal.tsx |   88.09 |    83.33 |   71.42 |   88.09 | 50,96-106         
  DisputeModal.tsx |     100 |      100 |     100 |     100 |                   
  EmptyState.tsx   |     100 |      100 |     100 |     100 |                   
  ...rBoundary.tsx |   76.19 |       60 |      75 |   76.19 | 33-40,44-45       
  ...idersPage.tsx |   95.95 |    67.39 |      75 |   95.95 | ...07-108,227-230 
  Header.tsx       |     100 |      100 |   85.71 |     100 |                   
  HeroSection.tsx  |       0 |        0 |       0 |       0 | 1-84              
  ItemCard.tsx     |     100 |      100 |     100 |     100 |                   
  ...tailModal.tsx |     9.8 |      100 |       0 |     9.8 | 12-15,20-67       
  JobCard.tsx      |   96.47 |    90.62 |      75 |   96.47 | 36-38             
  JobFAQModal.tsx  |   98.21 |    77.77 |     100 |   98.21 | 24                
  ...tionModal.tsx |   16.66 |      100 |       0 |   16.66 | 15-42             
  JobTimeline.tsx  |   96.07 |    95.65 |     100 |   96.07 | 22-23             
  ...ngSpinner.tsx |   84.84 |      100 |     100 |   84.84 | 17-21             
  LocationMap.tsx  |     100 |    85.71 |     100 |     100 | 34                
  ...ggestions.tsx |     100 |      100 |     100 |     100 |                   
  ...ultsModal.tsx |       0 |        0 |       0 |       0 | 1-58              
  ...tionsBell.tsx |     100 |      100 |     100 |     100 |                   
  ...nsPopover.tsx |     100 |      100 |     100 |     100 |                   
  Pagination.tsx   |     100 |      100 |     100 |     100 |                   
  PaymentModal.tsx |     100 |    94.11 |     100 |     100 | 32                
  ...SetupCard.tsx |     100 |     90.9 |     100 |     100 | 32                
  ...ccessPage.tsx |       0 |        0 |       0 |       0 | 1-47              
  ...ioGallery.tsx |     100 |      100 |   66.66 |     100 |                   
  ProfileModal.tsx |   71.11 |       60 |   23.52 |   71.11 | ...28-134,192-202 
  ProfilePage.tsx  |    5.16 |      100 |       0 |    5.16 | 19-21,26-262      
  ...eStrength.tsx |     100 |     92.3 |     100 |     100 | 25                
  ProfileTips.tsx  |     100 |      100 |     100 |     100 |                   
  ProgressBar.tsx  |     100 |      100 |     100 |     100 |                   
  ...etailCard.tsx |   94.23 |       40 |   66.66 |   94.23 | 53-55             
  ...ListModal.tsx |     100 |      100 |     100 |     100 |                   
  ...osalModal.tsx |     100 |    93.75 |     100 |     100 | 41                
  ...tionModal.tsx |       0 |        0 |       0 |       0 | 1-48              
  ...Dashboard.tsx |   78.08 |    63.63 |   35.71 |   78.08 | ...65-286,290-302 
  ProviderCard.tsx |       0 |        0 |       0 |       0 | 1-75              
  ...Dashboard.tsx |   85.41 |    80.48 |   60.86 |   85.41 | ...82,286-287,293 
  ...ningsCard.tsx |   91.42 |    15.38 |     100 |   91.42 | ...33,128,131,134 
  ...erJobCard.tsx |     100 |     87.5 |     100 |     100 | 13                
  ...ndingPage.tsx |       0 |        0 |       0 |       0 | 1-127             
  ...nboarding.tsx |   36.29 |       50 |   22.22 |   36.29 | ...17-135,138-142 
  ...esultCard.tsx |     100 |    85.71 |     100 |     100 | 55                
  ...ontactCTA.tsx |     100 |      100 |     100 |     100 |                   
  ...tionModal.tsx |   13.79 |      100 |       0 |   13.79 | 10-39             
  ...alProgram.tsx |   82.85 |      100 |   33.33 |   82.85 | 11-16             
  ReviewModal.tsx  |   96.62 |    84.61 |     100 |   96.62 | 31-33             
  ...ndingPage.tsx |     100 |      100 |     100 |     100 |                   
  ...questForm.tsx |     100 |      100 |     100 |     100 |                   
  ...Generator.tsx |       0 |        0 |       0 |       0 | 1-72              
  Spinner.tsx      |     100 |      100 |     100 |     100 |                   
  ...tingInput.tsx |     100 |      100 |     100 |     100 |                   
  StatCard.tsx     |    12.5 |      100 |       0 |    12.5 | 13-35             
  StatusBadge.tsx  |     100 |      100 |     100 |     100 |                   
  ...edDataSEO.tsx |     100 |      100 |     100 |     100 |                   
  ...iodFilter.tsx |     100 |      100 |     100 |     100 |                   
  Toast.tsx        |      26 |      100 |       0 |      26 | 25-65             
  ...Container.tsx |   36.36 |      100 |       0 |   36.36 | 11-18             
  Tooltip.tsx      |     100 |      100 |     100 |     100 |                   
  ...lyticsData.ts |    90.9 |    63.63 |     100 |    90.9 | 30-35             
  ...hboardData.ts |   54.54 |    66.66 |      50 |   54.54 | 21-49             
 ...mponents/admin |     100 |    71.42 |     100 |     100 |                   
  ...riesChart.tsx |     100 |    71.42 |     100 |     100 | 19,32             
 ...ents/skeletons |   16.03 |       50 |      20 |   16.03 |                   
  ...dSkeleton.tsx |       0 |        0 |       0 |       0 | 1-34              
  ...dSkeleton.tsx |      10 |      100 |       0 |      10 | 5-49              
  ...dSkeleton.tsx |   33.33 |      100 |       0 |   33.33 | 5-13              
  ...dSkeleton.tsx |   19.23 |      100 |       0 |   19.23 | 6-30              
  ...etonBlock.tsx |     100 |      100 |     100 |     100 |                   
 ...mponents/utils |     100 |      100 |     100 |     100 |                   
  a11yHelpers.ts   |     100 |      100 |     100 |     100 |                   
 ...io.ai/services |   58.22 |    69.96 |   68.81 |   58.22 |                   
  api.ts           |   55.06 |    68.42 |   76.47 |   55.06 | ...99-901,932-942 
  ...Translator.ts |   90.64 |    76.47 |     100 |   90.64 | ...77,181-182,198 
  geminiService.ts |   73.09 |    67.44 |   52.17 |   73.09 | ...58-268,278-296 
  ...ingService.ts |       0 |        0 |       0 |       0 | 1-57              
  ...ingService.ts |   47.69 |       76 |      50 |   47.69 | ...71-240,264-265 
  ...appService.ts |       0 |        0 |       0 |       0 | 1-29              
 .../src/analytics |     100 |    95.83 |     100 |     100 |                   
  adminMetrics.ts  |     100 |    95.83 |     100 |     100 | 90-91             
 ...src/components |    2.49 |        0 |       0 |    2.49 |                   
  ...eSelector.tsx |       0 |        0 |       0 |       0 | 1-283             
  ...nSettings.tsx |       0 |        0 |       0 |       0 | 1-358             
  ...pectorCRM.tsx |    0.86 |      100 |       0 |    0.86 | 63-1231           
  ...Materials.tsx |   34.82 |      100 |       0 |   34.82 | 148-310           
  ...nboarding.tsx |       0 |        0 |       0 |       0 | 1-244             
  ...ckActions.tsx |       0 |        0 |       0 |       0 | 1-205             
  ...ingWizard.tsx |       0 |        0 |       0 |       0 | 1-1310            
  ...Generator.tsx |       0 |        0 |       0 |       0 | 1-279             
 ...nts/prospector |   34.43 |    38.33 |   21.73 |   34.43 |                   
  ...Generator.tsx |    0.55 |      100 |       0 |    0.55 | 24-312            
  ...rdingTour.tsx |   72.49 |    52.63 |   33.33 |   72.49 | ...27-430,441-463 
  ...MEnhanced.tsx |    2.23 |      100 |       0 |    2.23 | 34-470            
  ...ctionsBar.tsx |   54.35 |       60 |   33.33 |   54.35 | ...64-266,275-278 
  QuickPanel.tsx   |   36.29 |    15.38 |    12.5 |   36.29 | ...73-209,241-342 
 ...io.ai/src/data |     100 |      100 |     100 |     100 |                   
  ...eTemplates.ts |     100 |      100 |     100 |     100 |                   
 servio.ai/src/lib |       0 |        0 |       0 |       0 |                   
  firebaseLazy.ts  |       0 |        0 |       0 |       0 | 1-89              
 ...i/src/services |   21.64 |    74.19 |   66.66 |   21.64 |                   
  ...icsService.ts |   99.31 |     87.5 |     100 |   99.31 | 77                
  fcmService.ts    |   15.32 |       50 |   28.57 |   15.32 | ...14-143,151-193 
  ...ionService.ts |       0 |        0 |       0 |       0 | 1-308             
  ...inkService.ts |       0 |        0 |       0 |       0 | 1-318             
  ...onsService.ts |       0 |        0 |       0 |       0 | 1-172             
 ...o.ai/src/utils |     100 |      100 |     100 |     100 |                   
  ...torHelpers.ts |     100 |      100 |     100 |     100 |                   
-------------------|---------|----------|---------|---------|-------------------
ERROR: Coverage for lines (45%) does not meet global threshold (80%)
ERROR: Coverage for functions (56.17%) does not meet global threshold (80%)
ERROR: Coverage for statements (45%) does not meet global threshold (80%)
