{
  "C:\\Users\\JE\\servio.ai\\backend\\postcss.config.cjs": {
    "path": "C:\\Users\\JE\\servio.ai\\backend\\postcss.config.cjs",
    "all": true,
    "statementMap": {
      "0": {
        "start": { "line": 1, "column": 0 },
        "end": { "line": 1, "column": 73 }
      },
      "1": {
        "start": { "line": 2, "column": 0 },
        "end": { "line": 2, "column": 18 }
      },
      "2": {
        "start": { "line": 3, "column": 0 },
        "end": { "line": 3, "column": 13 }
      },
      "3": {
        "start": { "line": 4, "column": 0 },
        "end": { "line": 4, "column": 2 }
      }
    },
    "s": { "0": 0, "1": 0, "2": 0, "3": 0 },
    "branchMap": {
      "0": {
        "type": "branch",
        "line": 1,
        "loc": {
          "start": { "line": 1, "column": 112 },
          "end": { "line": 4, "column": 2 }
        },
        "locations": [
          {
            "start": { "line": 1, "column": 112 },
            "end": { "line": 4, "column": 2 }
          }
        ]
      }
    },
    "b": { "0": [0] },
    "fnMap": {
      "0": {
        "name": "(empty-report)",
        "decl": {
          "start": { "line": 1, "column": 112 },
          "end": { "line": 4, "column": 2 }
        },
        "loc": {
          "start": { "line": 1, "column": 112 },
          "end": { "line": 4, "column": 2 }
        },
        "line": 1
      }
    },
    "f": { "0": 0 }
  },
  "C:\\Users\\JE\\servio.ai\\backend\\src\\index.js": {
    "path": "C:\\Users\\JE\\servio.ai\\backend\\src\\index.js",
    "all": false,
    "statementMap": {
      "0": {
        "start": { "line": 1, "column": 0 },
        "end": { "line": 1, "column": 35 }
      },
      "1": {
        "start": { "line": 2, "column": 0 },
        "end": { "line": 2, "column": 40 }
      },
      "2": {
        "start": { "line": 3, "column": 0 },
        "end": { "line": 3, "column": 29 }
      },
      "3": {
        "start": { "line": 4, "column": 0 },
        "end": { "line": 4, "column": 53 }
      },
      "4": {
        "start": { "line": 5, "column": 0 },
        "end": { "line": 5, "column": 36 }
      },
      "5": {
        "start": { "line": 6, "column": 0 },
        "end": { "line": 6, "column": 0 }
      },
      "6": {
        "start": { "line": 7, "column": 0 },
        "end": { "line": 7, "column": 32 }
      },
      "7": {
        "start": { "line": 8, "column": 0 },
        "end": { "line": 8, "column": 87 }
      },
      "8": {
        "start": { "line": 9, "column": 0 },
        "end": { "line": 9, "column": 78 }
      },
      "9": {
        "start": { "line": 10, "column": 0 },
        "end": { "line": 10, "column": 50 }
      },
      "10": {
        "start": { "line": 11, "column": 0 },
        "end": { "line": 11, "column": 5 }
      },
      "11": {
        "start": { "line": 12, "column": 0 },
        "end": { "line": 12, "column": 47 }
      },
      "12": {
        "start": { "line": 13, "column": 0 },
        "end": { "line": 13, "column": 26 }
      },
      "13": {
        "start": { "line": 14, "column": 0 },
        "end": { "line": 14, "column": 3 }
      },
      "14": {
        "start": { "line": 15, "column": 0 },
        "end": { "line": 15, "column": 13 }
      },
      "15": {
        "start": { "line": 16, "column": 0 },
        "end": { "line": 16, "column": 55 }
      },
      "16": {
        "start": { "line": 17, "column": 0 },
        "end": { "line": 17, "column": 1 }
      },
      "17": {
        "start": { "line": 18, "column": 0 },
        "end": { "line": 18, "column": 0 }
      },
      "18": {
        "start": { "line": 19, "column": 0 },
        "end": { "line": 19, "column": 30 }
      },
      "19": {
        "start": { "line": 20, "column": 0 },
        "end": { "line": 20, "column": 36 }
      },
      "20": {
        "start": { "line": 21, "column": 0 },
        "end": { "line": 21, "column": 32 }
      },
      "21": {
        "start": { "line": 22, "column": 0 },
        "end": { "line": 22, "column": 51 }
      },
      "22": {
        "start": { "line": 23, "column": 0 },
        "end": { "line": 23, "column": 2 }
      },
      "23": {
        "start": { "line": 24, "column": 0 },
        "end": { "line": 24, "column": 38 }
      },
      "24": {
        "start": { "line": 25, "column": 0 },
        "end": { "line": 25, "column": 0 }
      },
      "25": {
        "start": { "line": 26, "column": 0 },
        "end": { "line": 26, "column": 3 }
      },
      "26": {
        "start": { "line": 27, "column": 0 },
        "end": { "line": 27, "column": 71 }
      },
      "27": {
        "start": { "line": 28, "column": 0 },
        "end": { "line": 28, "column": 50 }
      },
      "28": {
        "start": { "line": 29, "column": 0 },
        "end": { "line": 29, "column": 88 }
      },
      "29": {
        "start": { "line": 30, "column": 0 },
        "end": { "line": 30, "column": 91 }
      },
      "30": {
        "start": { "line": 31, "column": 0 },
        "end": { "line": 31, "column": 103 }
      },
      "31": {
        "start": { "line": 32, "column": 0 },
        "end": { "line": 32, "column": 56 }
      },
      "32": {
        "start": { "line": 33, "column": 0 },
        "end": { "line": 33, "column": 3 }
      },
      "33": {
        "start": { "line": 34, "column": 0 },
        "end": { "line": 34, "column": 20 }
      },
      "34": {
        "start": { "line": 35, "column": 0 },
        "end": { "line": 35, "column": 17 }
      },
      "35": {
        "start": { "line": 36, "column": 0 },
        "end": { "line": 36, "column": 37 }
      },
      "36": {
        "start": { "line": 37, "column": 0 },
        "end": { "line": 37, "column": 25 }
      },
      "37": {
        "start": { "line": 38, "column": 0 },
        "end": { "line": 38, "column": 9 }
      },
      "38": {
        "start": { "line": 39, "column": 0 },
        "end": { "line": 39, "column": 24 }
      },
      "39": {
        "start": { "line": 40, "column": 0 },
        "end": { "line": 40, "column": 0 }
      },
      "40": {
        "start": { "line": 41, "column": 0 },
        "end": { "line": 41, "column": 18 }
      },
      "41": {
        "start": { "line": 42, "column": 0 },
        "end": { "line": 42, "column": 26 }
      },
      "42": {
        "start": { "line": 43, "column": 0 },
        "end": { "line": 43, "column": 0 }
      },
      "43": {
        "start": { "line": 44, "column": 0 },
        "end": { "line": 44, "column": 57 }
      },
      "44": {
        "start": { "line": 45, "column": 0 },
        "end": { "line": 45, "column": 30 }
      },
      "45": {
        "start": { "line": 46, "column": 0 },
        "end": { "line": 46, "column": 66 }
      },
      "46": {
        "start": { "line": 47, "column": 0 },
        "end": { "line": 47, "column": 5 }
      },
      "47": {
        "start": { "line": 48, "column": 0 },
        "end": { "line": 48, "column": 0 }
      },
      "48": {
        "start": { "line": 49, "column": 0 },
        "end": { "line": 49, "column": 70 }
      },
      "49": {
        "start": { "line": 50, "column": 0 },
        "end": { "line": 50, "column": 29 }
      },
      "50": {
        "start": { "line": 51, "column": 0 },
        "end": { "line": 51, "column": 70 }
      },
      "51": {
        "start": { "line": 52, "column": 0 },
        "end": { "line": 52, "column": 0 }
      },
      "52": {
        "start": { "line": 53, "column": 0 },
        "end": { "line": 53, "column": 60 }
      },
      "53": {
        "start": { "line": 54, "column": 0 },
        "end": { "line": 54, "column": 37 }
      },
      "54": {
        "start": { "line": 55, "column": 0 },
        "end": { "line": 55, "column": 100 }
      },
      "55": {
        "start": { "line": 56, "column": 0 },
        "end": { "line": 56, "column": 0 }
      },
      "56": {
        "start": { "line": 57, "column": 0 },
        "end": { "line": 57, "column": 9 }
      },
      "57": {
        "start": { "line": 58, "column": 0 },
        "end": { "line": 58, "column": 51 }
      },
      "58": {
        "start": { "line": 59, "column": 0 },
        "end": { "line": 59, "column": 55 }
      },
      "59": {
        "start": { "line": 60, "column": 0 },
        "end": { "line": 60, "column": 26 }
      },
      "60": {
        "start": { "line": 61, "column": 0 },
        "end": { "line": 61, "column": 25 }
      },
      "61": {
        "start": { "line": 62, "column": 0 },
        "end": { "line": 62, "column": 22 }
      },
      "62": {
        "start": { "line": 63, "column": 0 },
        "end": { "line": 63, "column": 31 }
      },
      "63": {
        "start": { "line": 64, "column": 0 },
        "end": { "line": 64, "column": 35 }
      },
      "64": {
        "start": { "line": 65, "column": 0 },
        "end": { "line": 65, "column": 23 }
      },
      "65": {
        "start": { "line": 66, "column": 0 },
        "end": { "line": 66, "column": 72 }
      },
      "66": {
        "start": { "line": 67, "column": 0 },
        "end": { "line": 67, "column": 44 }
      },
      "67": {
        "start": { "line": 68, "column": 0 },
        "end": { "line": 68, "column": 8 }
      },
      "68": {
        "start": { "line": 69, "column": 0 },
        "end": { "line": 69, "column": 38 }
      },
      "69": {
        "start": { "line": 70, "column": 0 },
        "end": { "line": 70, "column": 0 }
      },
      "70": {
        "start": { "line": 71, "column": 0 },
        "end": { "line": 71, "column": 61 }
      },
      "71": {
        "start": { "line": 72, "column": 0 },
        "end": { "line": 72, "column": 49 }
      },
      "72": {
        "start": { "line": 73, "column": 0 },
        "end": { "line": 73, "column": 21 }
      },
      "73": {
        "start": { "line": 74, "column": 0 },
        "end": { "line": 74, "column": 11 }
      },
      "74": {
        "start": { "line": 75, "column": 0 },
        "end": { "line": 75, "column": 25 }
      },
      "75": {
        "start": { "line": 76, "column": 0 },
        "end": { "line": 76, "column": 30 }
      },
      "76": {
        "start": { "line": 77, "column": 0 },
        "end": { "line": 77, "column": 29 }
      },
      "77": {
        "start": { "line": 78, "column": 0 },
        "end": { "line": 78, "column": 49 }
      },
      "78": {
        "start": { "line": 79, "column": 0 },
        "end": { "line": 79, "column": 104 }
      },
      "79": {
        "start": { "line": 80, "column": 0 },
        "end": { "line": 80, "column": 16 }
      },
      "80": {
        "start": { "line": 81, "column": 0 },
        "end": { "line": 81, "column": 59 }
      },
      "81": {
        "start": { "line": 82, "column": 0 },
        "end": { "line": 82, "column": 14 }
      },
      "82": {
        "start": { "line": 83, "column": 0 },
        "end": { "line": 83, "column": 24 }
      },
      "83": {
        "start": { "line": 84, "column": 0 },
        "end": { "line": 84, "column": 12 }
      },
      "84": {
        "start": { "line": 85, "column": 0 },
        "end": { "line": 85, "column": 10 }
      },
      "85": {
        "start": { "line": 86, "column": 0 },
        "end": { "line": 86, "column": 24 }
      },
      "86": {
        "start": { "line": 87, "column": 0 },
        "end": { "line": 87, "column": 73 }
      },
      "87": {
        "start": { "line": 88, "column": 0 },
        "end": { "line": 88, "column": 73 }
      },
      "88": {
        "start": { "line": 89, "column": 0 },
        "end": { "line": 89, "column": 19 }
      },
      "89": {
        "start": { "line": 90, "column": 0 },
        "end": { "line": 90, "column": 33 }
      },
      "90": {
        "start": { "line": 91, "column": 0 },
        "end": { "line": 91, "column": 24 }
      },
      "91": {
        "start": { "line": 92, "column": 0 },
        "end": { "line": 92, "column": 10 }
      },
      "92": {
        "start": { "line": 93, "column": 0 },
        "end": { "line": 93, "column": 9 }
      },
      "93": {
        "start": { "line": 94, "column": 0 },
        "end": { "line": 94, "column": 0 }
      },
      "94": {
        "start": { "line": 95, "column": 0 },
        "end": { "line": 95, "column": 35 }
      },
      "95": {
        "start": { "line": 96, "column": 0 },
        "end": { "line": 96, "column": 21 }
      },
      "96": {
        "start": { "line": 97, "column": 0 },
        "end": { "line": 97, "column": 70 }
      },
      "97": {
        "start": { "line": 98, "column": 0 },
        "end": { "line": 98, "column": 76 }
      },
      "98": {
        "start": { "line": 99, "column": 0 },
        "end": { "line": 99, "column": 5 }
      },
      "99": {
        "start": { "line": 100, "column": 0 },
        "end": { "line": 100, "column": 5 }
      },
      "100": {
        "start": { "line": 101, "column": 0 },
        "end": { "line": 101, "column": 0 }
      },
      "101": {
        "start": { "line": 102, "column": 0 },
        "end": { "line": 102, "column": 64 }
      },
      "102": {
        "start": { "line": 103, "column": 0 },
        "end": { "line": 103, "column": 33 }
      },
      "103": {
        "start": { "line": 104, "column": 0 },
        "end": { "line": 104, "column": 0 }
      },
      "104": {
        "start": { "line": 105, "column": 0 },
        "end": { "line": 105, "column": 9 }
      },
      "105": {
        "start": { "line": 106, "column": 0 },
        "end": { "line": 106, "column": 34 }
      },
      "106": {
        "start": { "line": 107, "column": 0 },
        "end": { "line": 107, "column": 30 }
      },
      "107": {
        "start": { "line": 108, "column": 0 },
        "end": { "line": 108, "column": 36 }
      },
      "108": {
        "start": { "line": 109, "column": 0 },
        "end": { "line": 109, "column": 17 }
      },
      "109": {
        "start": { "line": 110, "column": 0 },
        "end": { "line": 110, "column": 15 }
      },
      "110": {
        "start": { "line": 111, "column": 0 },
        "end": { "line": 111, "column": 0 }
      },
      "111": {
        "start": { "line": 112, "column": 0 },
        "end": { "line": 112, "column": 30 }
      },
      "112": {
        "start": { "line": 113, "column": 0 },
        "end": { "line": 113, "column": 37 }
      },
      "113": {
        "start": { "line": 114, "column": 0 },
        "end": { "line": 114, "column": 71 }
      },
      "114": {
        "start": { "line": 115, "column": 0 },
        "end": { "line": 115, "column": 11 }
      },
      "115": {
        "start": { "line": 116, "column": 0 },
        "end": { "line": 116, "column": 7 }
      },
      "116": {
        "start": { "line": 117, "column": 0 },
        "end": { "line": 117, "column": 0 }
      },
      "117": {
        "start": { "line": 118, "column": 0 },
        "end": { "line": 118, "column": 44 }
      },
      "118": {
        "start": { "line": 119, "column": 0 },
        "end": { "line": 119, "column": 42 }
      },
      "119": {
        "start": { "line": 120, "column": 0 },
        "end": { "line": 120, "column": 66 }
      },
      "120": {
        "start": { "line": 121, "column": 0 },
        "end": { "line": 121, "column": 36 }
      },
      "121": {
        "start": { "line": 122, "column": 0 },
        "end": { "line": 122, "column": 0 }
      },
      "122": {
        "start": { "line": 123, "column": 0 },
        "end": { "line": 123, "column": 48 }
      },
      "123": {
        "start": { "line": 124, "column": 0 },
        "end": { "line": 124, "column": 37 }
      },
      "124": {
        "start": { "line": 125, "column": 0 },
        "end": { "line": 125, "column": 71 }
      },
      "125": {
        "start": { "line": 126, "column": 0 },
        "end": { "line": 126, "column": 11 }
      },
      "126": {
        "start": { "line": 127, "column": 0 },
        "end": { "line": 127, "column": 7 }
      },
      "127": {
        "start": { "line": 128, "column": 0 },
        "end": { "line": 128, "column": 0 }
      },
      "128": {
        "start": { "line": 129, "column": 0 },
        "end": { "line": 129, "column": 41 }
      },
      "129": {
        "start": { "line": 130, "column": 0 },
        "end": { "line": 130, "column": 37 }
      },
      "130": {
        "start": { "line": 131, "column": 0 },
        "end": { "line": 131, "column": 87 }
      },
      "131": {
        "start": { "line": 132, "column": 0 },
        "end": { "line": 132, "column": 11 }
      },
      "132": {
        "start": { "line": 133, "column": 0 },
        "end": { "line": 133, "column": 7 }
      },
      "133": {
        "start": { "line": 134, "column": 0 },
        "end": { "line": 134, "column": 0 }
      },
      "134": {
        "start": { "line": 135, "column": 0 },
        "end": { "line": 135, "column": 84 }
      },
      "135": {
        "start": { "line": 136, "column": 0 },
        "end": { "line": 136, "column": 56 }
      },
      "136": {
        "start": { "line": 137, "column": 0 },
        "end": { "line": 137, "column": 73 }
      },
      "137": {
        "start": { "line": 138, "column": 0 },
        "end": { "line": 138, "column": 18 }
      },
      "138": {
        "start": { "line": 139, "column": 0 },
        "end": { "line": 139, "column": 104 }
      },
      "139": {
        "start": { "line": 140, "column": 0 },
        "end": { "line": 140, "column": 8 }
      },
      "140": {
        "start": { "line": 141, "column": 0 },
        "end": { "line": 141, "column": 0 }
      },
      "141": {
        "start": { "line": 142, "column": 0 },
        "end": { "line": 142, "column": 37 }
      },
      "142": {
        "start": { "line": 143, "column": 0 },
        "end": { "line": 143, "column": 77 }
      },
      "143": {
        "start": { "line": 144, "column": 0 },
        "end": { "line": 144, "column": 57 }
      },
      "144": {
        "start": { "line": 145, "column": 0 },
        "end": { "line": 145, "column": 0 }
      },
      "145": {
        "start": { "line": 146, "column": 0 },
        "end": { "line": 146, "column": 28 }
      },
      "146": {
        "start": { "line": 147, "column": 0 },
        "end": { "line": 147, "column": 71 }
      },
      "147": {
        "start": { "line": 148, "column": 0 },
        "end": { "line": 148, "column": 9 }
      },
      "148": {
        "start": { "line": 149, "column": 0 },
        "end": { "line": 149, "column": 21 }
      },
      "149": {
        "start": { "line": 150, "column": 0 },
        "end": { "line": 150, "column": 55 }
      },
      "150": {
        "start": { "line": 151, "column": 0 },
        "end": { "line": 151, "column": 71 }
      },
      "151": {
        "start": { "line": 152, "column": 0 },
        "end": { "line": 152, "column": 5 }
      },
      "152": {
        "start": { "line": 153, "column": 0 },
        "end": { "line": 153, "column": 5 }
      },
      "153": {
        "start": { "line": 154, "column": 0 },
        "end": { "line": 154, "column": 0 }
      },
      "154": {
        "start": { "line": 155, "column": 0 },
        "end": { "line": 155, "column": 63 }
      },
      "155": {
        "start": { "line": 156, "column": 0 },
        "end": { "line": 156, "column": 33 }
      },
      "156": {
        "start": { "line": 157, "column": 0 },
        "end": { "line": 157, "column": 9 }
      },
      "157": {
        "start": { "line": 158, "column": 0 },
        "end": { "line": 158, "column": 54 }
      },
      "158": {
        "start": { "line": 159, "column": 0 },
        "end": { "line": 159, "column": 88 }
      },
      "159": {
        "start": { "line": 160, "column": 0 },
        "end": { "line": 160, "column": 51 }
      },
      "160": {
        "start": { "line": 161, "column": 0 },
        "end": { "line": 161, "column": 9 }
      },
      "161": {
        "start": { "line": 162, "column": 0 },
        "end": { "line": 162, "column": 20 }
      },
      "162": {
        "start": { "line": 163, "column": 0 },
        "end": { "line": 163, "column": 74 }
      },
      "163": {
        "start": { "line": 164, "column": 0 },
        "end": { "line": 164, "column": 21 }
      },
      "164": {
        "start": { "line": 165, "column": 0 },
        "end": { "line": 165, "column": 70 }
      },
      "165": {
        "start": { "line": 166, "column": 0 },
        "end": { "line": 166, "column": 70 }
      },
      "166": {
        "start": { "line": 167, "column": 0 },
        "end": { "line": 167, "column": 5 }
      },
      "167": {
        "start": { "line": 168, "column": 0 },
        "end": { "line": 168, "column": 5 }
      },
      "168": {
        "start": { "line": 169, "column": 0 },
        "end": { "line": 169, "column": 0 }
      },
      "169": {
        "start": { "line": 170, "column": 0 },
        "end": { "line": 170, "column": 70 }
      },
      "170": {
        "start": { "line": 171, "column": 0 },
        "end": { "line": 171, "column": 26 }
      },
      "171": {
        "start": { "line": 172, "column": 0 },
        "end": { "line": 172, "column": 70 }
      },
      "172": {
        "start": { "line": 173, "column": 0 },
        "end": { "line": 173, "column": 0 }
      },
      "173": {
        "start": { "line": 174, "column": 0 },
        "end": { "line": 174, "column": 56 }
      },
      "174": {
        "start": { "line": 175, "column": 0 },
        "end": { "line": 175, "column": 54 }
      },
      "175": {
        "start": { "line": 176, "column": 0 },
        "end": { "line": 176, "column": 46 }
      },
      "176": {
        "start": { "line": 177, "column": 0 },
        "end": { "line": 177, "column": 16 }
      },
      "177": {
        "start": { "line": 178, "column": 0 },
        "end": { "line": 178, "column": 20 }
      },
      "178": {
        "start": { "line": 179, "column": 0 },
        "end": { "line": 179, "column": 75 }
      },
      "179": {
        "start": { "line": 180, "column": 0 },
        "end": { "line": 180, "column": 5 }
      },
      "180": {
        "start": { "line": 181, "column": 0 },
        "end": { "line": 181, "column": 0 }
      },
      "181": {
        "start": { "line": 182, "column": 0 },
        "end": { "line": 182, "column": 84 }
      },
      "182": {
        "start": { "line": 183, "column": 0 },
        "end": { "line": 183, "column": 64 }
      },
      "183": {
        "start": { "line": 184, "column": 0 },
        "end": { "line": 184, "column": 0 }
      },
      "184": {
        "start": { "line": 185, "column": 0 },
        "end": { "line": 185, "column": 9 }
      },
      "185": {
        "start": { "line": 186, "column": 0 },
        "end": { "line": 186, "column": 95 }
      },
      "186": {
        "start": { "line": 187, "column": 0 },
        "end": { "line": 187, "column": 24 }
      },
      "187": {
        "start": { "line": 188, "column": 0 },
        "end": { "line": 188, "column": 76 }
      },
      "188": {
        "start": { "line": 189, "column": 0 },
        "end": { "line": 189, "column": 7 }
      },
      "189": {
        "start": { "line": 190, "column": 0 },
        "end": { "line": 190, "column": 48 }
      },
      "190": {
        "start": { "line": 191, "column": 0 },
        "end": { "line": 191, "column": 65 }
      },
      "191": {
        "start": { "line": 192, "column": 0 },
        "end": { "line": 192, "column": 41 }
      },
      "192": {
        "start": { "line": 193, "column": 0 },
        "end": { "line": 193, "column": 0 }
      },
      "193": {
        "start": { "line": 194, "column": 0 },
        "end": { "line": 194, "column": 23 }
      },
      "194": {
        "start": { "line": 195, "column": 0 },
        "end": { "line": 195, "column": 22 }
      },
      "195": {
        "start": { "line": 196, "column": 0 },
        "end": { "line": 196, "column": 24 }
      },
      "196": {
        "start": { "line": 197, "column": 0 },
        "end": { "line": 197, "column": 59 }
      },
      "197": {
        "start": { "line": 198, "column": 0 },
        "end": { "line": 198, "column": 33 }
      },
      "198": {
        "start": { "line": 199, "column": 0 },
        "end": { "line": 199, "column": 8 }
      },
      "199": {
        "start": { "line": 200, "column": 0 },
        "end": { "line": 200, "column": 0 }
      },
      "200": {
        "start": { "line": 201, "column": 0 },
        "end": { "line": 201, "column": 53 }
      },
      "201": {
        "start": { "line": 202, "column": 0 },
        "end": { "line": 202, "column": 67 }
      },
      "202": {
        "start": { "line": 203, "column": 0 },
        "end": { "line": 203, "column": 21 }
      },
      "203": {
        "start": { "line": 204, "column": 0 },
        "end": { "line": 204, "column": 59 }
      },
      "204": {
        "start": { "line": 205, "column": 0 },
        "end": { "line": 205, "column": 72 }
      },
      "205": {
        "start": { "line": 206, "column": 0 },
        "end": { "line": 206, "column": 5 }
      },
      "206": {
        "start": { "line": 207, "column": 0 },
        "end": { "line": 207, "column": 5 }
      },
      "207": {
        "start": { "line": 208, "column": 0 },
        "end": { "line": 208, "column": 0 }
      },
      "208": {
        "start": { "line": 209, "column": 0 },
        "end": { "line": 209, "column": 64 }
      },
      "209": {
        "start": { "line": 210, "column": 0 },
        "end": { "line": 210, "column": 37 }
      },
      "210": {
        "start": { "line": 211, "column": 0 },
        "end": { "line": 211, "column": 101 }
      },
      "211": {
        "start": { "line": 212, "column": 0 },
        "end": { "line": 212, "column": 0 }
      },
      "212": {
        "start": { "line": 213, "column": 0 },
        "end": { "line": 213, "column": 34 }
      },
      "213": {
        "start": { "line": 214, "column": 0 },
        "end": { "line": 214, "column": 16 }
      },
      "214": {
        "start": { "line": 215, "column": 0 },
        "end": { "line": 215, "column": 20 }
      },
      "215": {
        "start": { "line": 216, "column": 0 },
        "end": { "line": 216, "column": 74 }
      },
      "216": {
        "start": { "line": 217, "column": 0 },
        "end": { "line": 217, "column": 5 }
      },
      "217": {
        "start": { "line": 218, "column": 0 },
        "end": { "line": 218, "column": 0 }
      },
      "218": {
        "start": { "line": 219, "column": 0 },
        "end": { "line": 219, "column": 33 }
      },
      "219": {
        "start": { "line": 220, "column": 0 },
        "end": { "line": 220, "column": 64 }
      },
      "220": {
        "start": { "line": 221, "column": 0 },
        "end": { "line": 221, "column": 0 }
      },
      "221": {
        "start": { "line": 222, "column": 0 },
        "end": { "line": 222, "column": 9 }
      },
      "222": {
        "start": { "line": 223, "column": 0 },
        "end": { "line": 223, "column": 48 }
      },
      "223": {
        "start": { "line": 224, "column": 0 },
        "end": { "line": 224, "column": 31 }
      },
      "224": {
        "start": { "line": 225, "column": 0 },
        "end": { "line": 225, "column": 69 }
      },
      "225": {
        "start": { "line": 226, "column": 0 },
        "end": { "line": 226, "column": 7 }
      },
      "226": {
        "start": { "line": 227, "column": 0 },
        "end": { "line": 227, "column": 44 }
      },
      "227": {
        "start": { "line": 228, "column": 0 },
        "end": { "line": 228, "column": 38 }
      },
      "228": {
        "start": { "line": 229, "column": 0 },
        "end": { "line": 229, "column": 0 }
      },
      "229": {
        "start": { "line": 230, "column": 0 },
        "end": { "line": 230, "column": 34 }
      },
      "230": {
        "start": { "line": 231, "column": 0 },
        "end": { "line": 231, "column": 30 }
      },
      "231": {
        "start": { "line": 232, "column": 0 },
        "end": { "line": 232, "column": 36 }
      },
      "232": {
        "start": { "line": 233, "column": 0 },
        "end": { "line": 233, "column": 17 }
      },
      "233": {
        "start": { "line": 234, "column": 0 },
        "end": { "line": 234, "column": 15 }
      },
      "234": {
        "start": { "line": 235, "column": 0 },
        "end": { "line": 235, "column": 30 }
      },
      "235": {
        "start": { "line": 236, "column": 0 },
        "end": { "line": 236, "column": 18 }
      },
      "236": {
        "start": { "line": 237, "column": 0 },
        "end": { "line": 237, "column": 22 }
      },
      "237": {
        "start": { "line": 238, "column": 0 },
        "end": { "line": 238, "column": 68 }
      },
      "238": {
        "start": { "line": 239, "column": 0 },
        "end": { "line": 239, "column": 7 }
      },
      "239": {
        "start": { "line": 240, "column": 0 },
        "end": { "line": 240, "column": 48 }
      },
      "240": {
        "start": { "line": 241, "column": 0 },
        "end": { "line": 241, "column": 0 }
      },
      "241": {
        "start": { "line": 242, "column": 0 },
        "end": { "line": 242, "column": 56 }
      },
      "242": {
        "start": { "line": 243, "column": 0 },
        "end": { "line": 243, "column": 54 }
      },
      "243": {
        "start": { "line": 244, "column": 0 },
        "end": { "line": 244, "column": 40 }
      },
      "244": {
        "start": { "line": 245, "column": 0 },
        "end": { "line": 245, "column": 30 }
      },
      "245": {
        "start": { "line": 246, "column": 0 },
        "end": { "line": 246, "column": 23 }
      },
      "246": {
        "start": { "line": 247, "column": 0 },
        "end": { "line": 247, "column": 33 }
      },
      "247": {
        "start": { "line": 248, "column": 0 },
        "end": { "line": 248, "column": 29 }
      },
      "248": {
        "start": { "line": 249, "column": 0 },
        "end": { "line": 249, "column": 49 }
      },
      "249": {
        "start": { "line": 250, "column": 0 },
        "end": { "line": 250, "column": 12 }
      },
      "250": {
        "start": { "line": 251, "column": 0 },
        "end": { "line": 251, "column": 11 }
      },
      "251": {
        "start": { "line": 252, "column": 0 },
        "end": { "line": 252, "column": 62 }
      },
      "252": {
        "start": { "line": 253, "column": 0 },
        "end": { "line": 253, "column": 17 }
      },
      "253": {
        "start": { "line": 254, "column": 0 },
        "end": { "line": 254, "column": 77 }
      },
      "254": {
        "start": { "line": 255, "column": 0 },
        "end": { "line": 255, "column": 11 }
      },
      "255": {
        "start": { "line": 256, "column": 0 },
        "end": { "line": 256, "column": 39 }
      },
      "256": {
        "start": { "line": 257, "column": 0 },
        "end": { "line": 257, "column": 17 }
      },
      "257": {
        "start": { "line": 258, "column": 0 },
        "end": { "line": 258, "column": 78 }
      },
      "258": {
        "start": { "line": 259, "column": 0 },
        "end": { "line": 259, "column": 11 }
      },
      "259": {
        "start": { "line": 260, "column": 0 },
        "end": { "line": 260, "column": 9 }
      },
      "260": {
        "start": { "line": 261, "column": 0 },
        "end": { "line": 261, "column": 0 }
      },
      "261": {
        "start": { "line": 262, "column": 0 },
        "end": { "line": 262, "column": 74 }
      },
      "262": {
        "start": { "line": 263, "column": 0 },
        "end": { "line": 263, "column": 21 }
      },
      "263": {
        "start": { "line": 264, "column": 0 },
        "end": { "line": 264, "column": 55 }
      },
      "264": {
        "start": { "line": 265, "column": 0 },
        "end": { "line": 265, "column": 68 }
      },
      "265": {
        "start": { "line": 266, "column": 0 },
        "end": { "line": 266, "column": 5 }
      },
      "266": {
        "start": { "line": 267, "column": 0 },
        "end": { "line": 267, "column": 5 }
      },
      "267": {
        "start": { "line": 268, "column": 0 },
        "end": { "line": 268, "column": 0 }
      },
      "268": {
        "start": { "line": 269, "column": 0 },
        "end": { "line": 269, "column": 70 }
      },
      "269": {
        "start": { "line": 270, "column": 0 },
        "end": { "line": 270, "column": 24 }
      },
      "270": {
        "start": { "line": 271, "column": 0 },
        "end": { "line": 271, "column": 70 }
      },
      "271": {
        "start": { "line": 272, "column": 0 },
        "end": { "line": 272, "column": 0 }
      },
      "272": {
        "start": { "line": 273, "column": 0 },
        "end": { "line": 273, "column": 18 }
      },
      "273": {
        "start": { "line": 274, "column": 0 },
        "end": { "line": 274, "column": 41 }
      },
      "274": {
        "start": { "line": 275, "column": 0 },
        "end": { "line": 275, "column": 9 }
      },
      "275": {
        "start": { "line": 276, "column": 0 },
        "end": { "line": 276, "column": 58 }
      },
      "276": {
        "start": { "line": 277, "column": 0 },
        "end": { "line": 277, "column": 80 }
      },
      "277": {
        "start": { "line": 278, "column": 0 },
        "end": { "line": 278, "column": 34 }
      },
      "278": {
        "start": { "line": 279, "column": 0 },
        "end": { "line": 279, "column": 21 }
      },
      "279": {
        "start": { "line": 280, "column": 0 },
        "end": { "line": 280, "column": 51 }
      },
      "280": {
        "start": { "line": 281, "column": 0 },
        "end": { "line": 281, "column": 67 }
      },
      "281": {
        "start": { "line": 282, "column": 0 },
        "end": { "line": 282, "column": 5 }
      },
      "282": {
        "start": { "line": 283, "column": 0 },
        "end": { "line": 283, "column": 5 }
      },
      "283": {
        "start": { "line": 284, "column": 0 },
        "end": { "line": 284, "column": 0 }
      },
      "284": {
        "start": { "line": 285, "column": 0 },
        "end": { "line": 285, "column": 36 }
      },
      "285": {
        "start": { "line": 286, "column": 0 },
        "end": { "line": 286, "column": 45 }
      },
      "286": {
        "start": { "line": 287, "column": 0 },
        "end": { "line": 287, "column": 9 }
      },
      "287": {
        "start": { "line": 288, "column": 0 },
        "end": { "line": 288, "column": 35 }
      },
      "288": {
        "start": { "line": 289, "column": 0 },
        "end": { "line": 289, "column": 57 }
      },
      "289": {
        "start": { "line": 290, "column": 0 },
        "end": { "line": 290, "column": 38 }
      },
      "290": {
        "start": { "line": 291, "column": 0 },
        "end": { "line": 291, "column": 0 }
      },
      "291": {
        "start": { "line": 292, "column": 0 },
        "end": { "line": 292, "column": 24 }
      },
      "292": {
        "start": { "line": 293, "column": 0 },
        "end": { "line": 293, "column": 66 }
      },
      "293": {
        "start": { "line": 294, "column": 0 },
        "end": { "line": 294, "column": 7 }
      },
      "294": {
        "start": { "line": 295, "column": 0 },
        "end": { "line": 295, "column": 58 }
      },
      "295": {
        "start": { "line": 296, "column": 0 },
        "end": { "line": 296, "column": 21 }
      },
      "296": {
        "start": { "line": 297, "column": 0 },
        "end": { "line": 297, "column": 50 }
      },
      "297": {
        "start": { "line": 298, "column": 0 },
        "end": { "line": 298, "column": 66 }
      },
      "298": {
        "start": { "line": 299, "column": 0 },
        "end": { "line": 299, "column": 5 }
      },
      "299": {
        "start": { "line": 300, "column": 0 },
        "end": { "line": 300, "column": 5 }
      },
      "300": {
        "start": { "line": 301, "column": 0 },
        "end": { "line": 301, "column": 0 }
      },
      "301": {
        "start": { "line": 302, "column": 0 },
        "end": { "line": 302, "column": 22 }
      },
      "302": {
        "start": { "line": 303, "column": 0 },
        "end": { "line": 303, "column": 42 }
      },
      "303": {
        "start": { "line": 304, "column": 0 },
        "end": { "line": 304, "column": 9 }
      },
      "304": {
        "start": { "line": 305, "column": 0 },
        "end": { "line": 305, "column": 32 }
      },
      "305": {
        "start": { "line": 306, "column": 0 },
        "end": { "line": 306, "column": 28 }
      },
      "306": {
        "start": { "line": 307, "column": 0 },
        "end": { "line": 307, "column": 74 }
      },
      "307": {
        "start": { "line": 308, "column": 0 },
        "end": { "line": 308, "column": 7 }
      },
      "308": {
        "start": { "line": 309, "column": 0 },
        "end": { "line": 309, "column": 69 }
      },
      "309": {
        "start": { "line": 310, "column": 0 },
        "end": { "line": 310, "column": 9 }
      },
      "310": {
        "start": { "line": 311, "column": 0 },
        "end": { "line": 311, "column": 20 }
      },
      "311": {
        "start": { "line": 312, "column": 0 },
        "end": { "line": 312, "column": 76 }
      },
      "312": {
        "start": { "line": 313, "column": 0 },
        "end": { "line": 313, "column": 21 }
      },
      "313": {
        "start": { "line": 314, "column": 0 },
        "end": { "line": 314, "column": 51 }
      },
      "314": {
        "start": { "line": 315, "column": 0 },
        "end": { "line": 315, "column": 64 }
      },
      "315": {
        "start": { "line": 316, "column": 0 },
        "end": { "line": 316, "column": 5 }
      },
      "316": {
        "start": { "line": 317, "column": 0 },
        "end": { "line": 317, "column": 5 }
      },
      "317": {
        "start": { "line": 318, "column": 0 },
        "end": { "line": 318, "column": 0 }
      },
      "318": {
        "start": { "line": 319, "column": 0 },
        "end": { "line": 319, "column": 28 }
      },
      "319": {
        "start": { "line": 320, "column": 0 },
        "end": { "line": 320, "column": 45 }
      },
      "320": {
        "start": { "line": 321, "column": 0 },
        "end": { "line": 321, "column": 9 }
      },
      "321": {
        "start": { "line": 322, "column": 0 },
        "end": { "line": 322, "column": 35 }
      },
      "322": {
        "start": { "line": 323, "column": 0 },
        "end": { "line": 323, "column": 32 }
      },
      "323": {
        "start": { "line": 324, "column": 0 },
        "end": { "line": 324, "column": 57 }
      },
      "324": {
        "start": { "line": 325, "column": 0 },
        "end": { "line": 325, "column": 37 }
      },
      "325": {
        "start": { "line": 326, "column": 0 },
        "end": { "line": 326, "column": 9 }
      },
      "326": {
        "start": { "line": 327, "column": 0 },
        "end": { "line": 327, "column": 20 }
      },
      "327": {
        "start": { "line": 328, "column": 0 },
        "end": { "line": 328, "column": 68 }
      },
      "328": {
        "start": { "line": 329, "column": 0 },
        "end": { "line": 329, "column": 21 }
      },
      "329": {
        "start": { "line": 330, "column": 0 },
        "end": { "line": 330, "column": 51 }
      },
      "330": {
        "start": { "line": 331, "column": 0 },
        "end": { "line": 331, "column": 64 }
      },
      "331": {
        "start": { "line": 332, "column": 0 },
        "end": { "line": 332, "column": 5 }
      },
      "332": {
        "start": { "line": 333, "column": 0 },
        "end": { "line": 333, "column": 5 }
      },
      "333": {
        "start": { "line": 334, "column": 0 },
        "end": { "line": 334, "column": 0 }
      },
      "334": {
        "start": { "line": 335, "column": 0 },
        "end": { "line": 335, "column": 18 }
      },
      "335": {
        "start": { "line": 336, "column": 0 },
        "end": { "line": 336, "column": 48 }
      },
      "336": {
        "start": { "line": 337, "column": 0 },
        "end": { "line": 337, "column": 9 }
      },
      "337": {
        "start": { "line": 338, "column": 0 },
        "end": { "line": 338, "column": 35 }
      },
      "338": {
        "start": { "line": 339, "column": 0 },
        "end": { "line": 339, "column": 56 }
      },
      "339": {
        "start": { "line": 340, "column": 0 },
        "end": { "line": 340, "column": 9 }
      },
      "340": {
        "start": { "line": 341, "column": 0 },
        "end": { "line": 341, "column": 20 }
      },
      "341": {
        "start": { "line": 342, "column": 0 },
        "end": { "line": 342, "column": 68 }
      },
      "342": {
        "start": { "line": 343, "column": 0 },
        "end": { "line": 343, "column": 21 }
      },
      "343": {
        "start": { "line": 344, "column": 0 },
        "end": { "line": 344, "column": 51 }
      },
      "344": {
        "start": { "line": 345, "column": 0 },
        "end": { "line": 345, "column": 64 }
      },
      "345": {
        "start": { "line": 346, "column": 0 },
        "end": { "line": 346, "column": 5 }
      },
      "346": {
        "start": { "line": 347, "column": 0 },
        "end": { "line": 347, "column": 5 }
      },
      "347": {
        "start": { "line": 348, "column": 0 },
        "end": { "line": 348, "column": 0 }
      },
      "348": {
        "start": { "line": 349, "column": 0 },
        "end": { "line": 349, "column": 17 }
      },
      "349": {
        "start": { "line": 350, "column": 0 },
        "end": { "line": 350, "column": 40 }
      },
      "350": {
        "start": { "line": 351, "column": 0 },
        "end": { "line": 351, "column": 9 }
      },
      "351": {
        "start": { "line": 352, "column": 0 },
        "end": { "line": 352, "column": 47 }
      },
      "352": {
        "start": { "line": 353, "column": 0 },
        "end": { "line": 353, "column": 40 }
      },
      "353": {
        "start": { "line": 354, "column": 0 },
        "end": { "line": 354, "column": 23 }
      },
      "354": {
        "start": { "line": 355, "column": 0 },
        "end": { "line": 355, "column": 60 }
      },
      "355": {
        "start": { "line": 356, "column": 0 },
        "end": { "line": 356, "column": 7 }
      },
      "356": {
        "start": { "line": 357, "column": 0 },
        "end": { "line": 357, "column": 19 }
      },
      "357": {
        "start": { "line": 358, "column": 0 },
        "end": { "line": 358, "column": 52 }
      },
      "358": {
        "start": { "line": 359, "column": 0 },
        "end": { "line": 359, "column": 7 }
      },
      "359": {
        "start": { "line": 360, "column": 0 },
        "end": { "line": 360, "column": 41 }
      },
      "360": {
        "start": { "line": 361, "column": 0 },
        "end": { "line": 361, "column": 79 }
      },
      "361": {
        "start": { "line": 362, "column": 0 },
        "end": { "line": 362, "column": 33 }
      },
      "362": {
        "start": { "line": 363, "column": 0 },
        "end": { "line": 363, "column": 21 }
      },
      "363": {
        "start": { "line": 364, "column": 0 },
        "end": { "line": 364, "column": 50 }
      },
      "364": {
        "start": { "line": 365, "column": 0 },
        "end": { "line": 365, "column": 66 }
      },
      "365": {
        "start": { "line": 366, "column": 0 },
        "end": { "line": 366, "column": 5 }
      },
      "366": {
        "start": { "line": 367, "column": 0 },
        "end": { "line": 367, "column": 5 }
      },
      "367": {
        "start": { "line": 368, "column": 0 },
        "end": { "line": 368, "column": 0 }
      },
      "368": {
        "start": { "line": 369, "column": 0 },
        "end": { "line": 369, "column": 21 }
      },
      "369": {
        "start": { "line": 370, "column": 0 },
        "end": { "line": 370, "column": 41 }
      },
      "370": {
        "start": { "line": 371, "column": 0 },
        "end": { "line": 371, "column": 9 }
      },
      "371": {
        "start": { "line": 372, "column": 0 },
        "end": { "line": 372, "column": 23 }
      },
      "372": {
        "start": { "line": 373, "column": 0 },
        "end": { "line": 373, "column": 20 }
      },
      "373": {
        "start": { "line": 374, "column": 0 },
        "end": { "line": 374, "column": 44 }
      },
      "374": {
        "start": { "line": 375, "column": 0 },
        "end": { "line": 375, "column": 44 }
      },
      "375": {
        "start": { "line": 376, "column": 0 },
        "end": { "line": 376, "column": 8 }
      },
      "376": {
        "start": { "line": 377, "column": 0 },
        "end": { "line": 377, "column": 49 }
      },
      "377": {
        "start": { "line": 378, "column": 0 },
        "end": { "line": 378, "column": 32 }
      },
      "378": {
        "start": { "line": 379, "column": 0 },
        "end": { "line": 379, "column": 58 }
      },
      "379": {
        "start": { "line": 380, "column": 0 },
        "end": { "line": 380, "column": 21 }
      },
      "380": {
        "start": { "line": 381, "column": 0 },
        "end": { "line": 381, "column": 50 }
      },
      "381": {
        "start": { "line": 382, "column": 0 },
        "end": { "line": 382, "column": 63 }
      },
      "382": {
        "start": { "line": 383, "column": 0 },
        "end": { "line": 383, "column": 5 }
      },
      "383": {
        "start": { "line": 384, "column": 0 },
        "end": { "line": 384, "column": 5 }
      },
      "384": {
        "start": { "line": 385, "column": 0 },
        "end": { "line": 385, "column": 0 }
      },
      "385": {
        "start": { "line": 386, "column": 0 },
        "end": { "line": 386, "column": 13 }
      },
      "386": {
        "start": { "line": 387, "column": 0 },
        "end": { "line": 387, "column": 1 }
      },
      "387": {
        "start": { "line": 388, "column": 0 },
        "end": { "line": 388, "column": 0 }
      },
      "388": {
        "start": { "line": 389, "column": 0 },
        "end": { "line": 389, "column": 30 }
      },
      "389": {
        "start": { "line": 390, "column": 0 },
        "end": { "line": 390, "column": 24 }
      },
      "390": {
        "start": { "line": 391, "column": 0 },
        "end": { "line": 391, "column": 0 }
      },
      "391": {
        "start": { "line": 392, "column": 0 },
        "end": { "line": 392, "column": 52 }
      },
      "392": {
        "start": { "line": 393, "column": 0 },
        "end": { "line": 393, "column": 30 }
      },
      "393": {
        "start": { "line": 394, "column": 0 },
        "end": { "line": 394, "column": 26 }
      },
      "394": {
        "start": { "line": 395, "column": 0 },
        "end": { "line": 395, "column": 71 }
      },
      "395": {
        "start": { "line": 396, "column": 0 },
        "end": { "line": 396, "column": 5 }
      },
      "396": {
        "start": { "line": 397, "column": 0 },
        "end": { "line": 397, "column": 1 }
      },
      "397": {
        "start": { "line": 398, "column": 0 },
        "end": { "line": 398, "column": 0 }
      },
      "398": {
        "start": { "line": 399, "column": 0 },
        "end": { "line": 399, "column": 36 }
      }
    },
    "s": {
      "0": 1,
      "1": 1,
      "2": 1,
      "3": 1,
      "4": 1,
      "5": 1,
      "6": 1,
      "7": 1,
      "8": 1,
      "9": 1,
      "10": 1,
      "11": 1,
      "12": 1,
      "13": 1,
      "14": 1,
      "15": 0,
      "16": 0,
      "17": 1,
      "18": 1,
      "19": 1,
      "20": 1,
      "21": 1,
      "22": 1,
      "23": 1,
      "24": 1,
      "25": 1,
      "26": 1,
      "27": 1,
      "28": 1,
      "29": 1,
      "30": 1,
      "31": 1,
      "32": 1,
      "33": 9,
      "34": 9,
      "35": 9,
      "36": 9,
      "37": 9,
      "38": 9,
      "39": 9,
      "40": 9,
      "41": 9,
      "42": 9,
      "43": 9,
      "44": 9,
      "45": 1,
      "46": 9,
      "47": 9,
      "48": 9,
      "49": 9,
      "50": 9,
      "51": 9,
      "52": 9,
      "53": 0,
      "54": 0,
      "55": 0,
      "56": 0,
      "57": 0,
      "58": 0,
      "59": 0,
      "60": 0,
      "61": 0,
      "62": 0,
      "63": 0,
      "64": 0,
      "65": 0,
      "66": 0,
      "67": 0,
      "68": 0,
      "69": 0,
      "70": 0,
      "71": 0,
      "72": 0,
      "73": 0,
      "74": 0,
      "75": 0,
      "76": 0,
      "77": 0,
      "78": 0,
      "79": 0,
      "80": 0,
      "81": 0,
      "82": 0,
      "83": 0,
      "84": 0,
      "85": 0,
      "86": 0,
      "87": 0,
      "88": 0,
      "89": 0,
      "90": 0,
      "91": 0,
      "92": 0,
      "93": 0,
      "94": 0,
      "95": 0,
      "96": 0,
      "97": 0,
      "98": 0,
      "99": 9,
      "100": 9,
      "101": 9,
      "102": 0,
      "103": 0,
      "104": 0,
      "105": 0,
      "106": 0,
      "107": 0,
      "108": 0,
      "109": 0,
      "110": 0,
      "111": 0,
      "112": 0,
      "113": 0,
      "114": 0,
      "115": 0,
      "116": 0,
      "117": 0,
      "118": 0,
      "119": 0,
      "120": 0,
      "121": 0,
      "122": 0,
      "123": 0,
      "124": 0,
      "125": 0,
      "126": 0,
      "127": 0,
      "128": 0,
      "129": 0,
      "130": 0,
      "131": 0,
      "132": 0,
      "133": 0,
      "134": 0,
      "135": 0,
      "136": 0,
      "137": 0,
      "138": 0,
      "139": 0,
      "140": 0,
      "141": 0,
      "142": 0,
      "143": 0,
      "144": 0,
      "145": 0,
      "146": 0,
      "147": 0,
      "148": 0,
      "149": 0,
      "150": 0,
      "151": 0,
      "152": 9,
      "153": 9,
      "154": 9,
      "155": 1,
      "156": 1,
      "157": 1,
      "158": 1,
      "159": 1,
      "160": 1,
      "161": 1,
      "162": 1,
      "163": 1,
      "164": 0,
      "165": 0,
      "166": 0,
      "167": 9,
      "168": 9,
      "169": 9,
      "170": 9,
      "171": 9,
      "172": 9,
      "173": 9,
      "174": 0,
      "175": 0,
      "176": 0,
      "177": 0,
      "178": 0,
      "179": 0,
      "180": 0,
      "181": 0,
      "182": 0,
      "183": 0,
      "184": 0,
      "185": 0,
      "186": 0,
      "187": 0,
      "188": 0,
      "189": 0,
      "190": 0,
      "191": 0,
      "192": 0,
      "193": 0,
      "194": 0,
      "195": 0,
      "196": 0,
      "197": 0,
      "198": 0,
      "199": 0,
      "200": 0,
      "201": 0,
      "202": 0,
      "203": 0,
      "204": 0,
      "205": 0,
      "206": 9,
      "207": 9,
      "208": 9,
      "209": 0,
      "210": 0,
      "211": 0,
      "212": 0,
      "213": 0,
      "214": 0,
      "215": 0,
      "216": 0,
      "217": 0,
      "218": 0,
      "219": 0,
      "220": 0,
      "221": 0,
      "222": 0,
      "223": 0,
      "224": 0,
      "225": 0,
      "226": 0,
      "227": 0,
      "228": 0,
      "229": 0,
      "230": 0,
      "231": 0,
      "232": 0,
      "233": 0,
      "234": 0,
      "235": 0,
      "236": 0,
      "237": 0,
      "238": 0,
      "239": 0,
      "240": 0,
      "241": 0,
      "242": 0,
      "243": 0,
      "244": 0,
      "245": 0,
      "246": 0,
      "247": 0,
      "248": 0,
      "249": 0,
      "250": 0,
      "251": 0,
      "252": 0,
      "253": 0,
      "254": 0,
      "255": 0,
      "256": 0,
      "257": 0,
      "258": 0,
      "259": 0,
      "260": 0,
      "261": 0,
      "262": 0,
      "263": 0,
      "264": 0,
      "265": 0,
      "266": 9,
      "267": 9,
      "268": 9,
      "269": 9,
      "270": 9,
      "271": 9,
      "272": 9,
      "273": 9,
      "274": 1,
      "275": 1,
      "276": 1,
      "277": 1,
      "278": 1,
      "279": 0,
      "280": 0,
      "281": 0,
      "282": 9,
      "283": 9,
      "284": 9,
      "285": 9,
      "286": 0,
      "287": 0,
      "288": 0,
      "289": 0,
      "290": 0,
      "291": 0,
      "292": 0,
      "293": 0,
      "294": 0,
      "295": 0,
      "296": 0,
      "297": 0,
      "298": 0,
      "299": 9,
      "300": 9,
      "301": 9,
      "302": 9,
      "303": 1,
      "304": 1,
      "305": 1,
      "306": 0,
      "307": 0,
      "308": 1,
      "309": 1,
      "310": 1,
      "311": 1,
      "312": 1,
      "313": 0,
      "314": 0,
      "315": 0,
      "316": 9,
      "317": 9,
      "318": 9,
      "319": 9,
      "320": 0,
      "321": 0,
      "322": 0,
      "323": 0,
      "324": 0,
      "325": 0,
      "326": 0,
      "327": 0,
      "328": 0,
      "329": 0,
      "330": 0,
      "331": 0,
      "332": 9,
      "333": 9,
      "334": 9,
      "335": 9,
      "336": 0,
      "337": 0,
      "338": 0,
      "339": 0,
      "340": 0,
      "341": 0,
      "342": 0,
      "343": 0,
      "344": 0,
      "345": 0,
      "346": 9,
      "347": 9,
      "348": 9,
      "349": 9,
      "350": 1,
      "351": 1,
      "352": 1,
      "353": 1,
      "354": 0,
      "355": 0,
      "356": 1,
      "357": 1,
      "358": 1,
      "359": 1,
      "360": 1,
      "361": 1,
      "362": 1,
      "363": 0,
      "364": 0,
      "365": 0,
      "366": 9,
      "367": 9,
      "368": 9,
      "369": 9,
      "370": 1,
      "371": 1,
      "372": 1,
      "373": 1,
      "374": 1,
      "375": 1,
      "376": 1,
      "377": 1,
      "378": 1,
      "379": 1,
      "380": 0,
      "381": 0,
      "382": 0,
      "383": 9,
      "384": 9,
      "385": 9,
      "386": 9,
      "387": 1,
      "388": 1,
      "389": 1,
      "390": 1,
      "391": 1,
      "392": 1,
      "393": 0,
      "394": 0,
      "395": 0,
      "396": 0,
      "397": 1,
      "398": 1
    },
    "branchMap": {
      "0": {
        "type": "branch",
        "line": 15,
        "loc": {
          "start": { "line": 15, "column": 2 },
          "end": { "line": 17, "column": 1 }
        },
        "locations": [
          {
            "start": { "line": 15, "column": 2 },
            "end": { "line": 17, "column": 1 }
          }
        ]
      },
      "1": {
        "type": "branch",
        "line": 393,
        "loc": {
          "start": { "line": 393, "column": 29 },
          "end": { "line": 397, "column": 1 }
        },
        "locations": [
          {
            "start": { "line": 393, "column": 29 },
            "end": { "line": 397, "column": 1 }
          }
        ]
      },
      "2": {
        "type": "branch",
        "line": 34,
        "loc": {
          "start": { "line": 34, "column": 0 },
          "end": { "line": 387, "column": 1 }
        },
        "locations": [
          {
            "start": { "line": 34, "column": 0 },
            "end": { "line": 387, "column": 1 }
          }
        ]
      },
      "3": {
        "type": "branch",
        "line": 45,
        "loc": {
          "start": { "line": 45, "column": 15 },
          "end": { "line": 47, "column": 3 }
        },
        "locations": [
          {
            "start": { "line": 45, "column": 15 },
            "end": { "line": 47, "column": 3 }
          }
        ]
      },
      "4": {
        "type": "branch",
        "line": 155,
        "loc": {
          "start": { "line": 155, "column": 42 },
          "end": { "line": 168, "column": 3 }
        },
        "locations": [
          {
            "start": { "line": 155, "column": 42 },
            "end": { "line": 168, "column": 3 }
          }
        ]
      },
      "5": {
        "type": "branch",
        "line": 164,
        "loc": {
          "start": { "line": 164, "column": 6 },
          "end": { "line": 167, "column": 5 }
        },
        "locations": [
          {
            "start": { "line": 164, "column": 6 },
            "end": { "line": 167, "column": 5 }
          }
        ]
      },
      "6": {
        "type": "branch",
        "line": 274,
        "loc": {
          "start": { "line": 274, "column": 20 },
          "end": { "line": 283, "column": 3 }
        },
        "locations": [
          {
            "start": { "line": 274, "column": 20 },
            "end": { "line": 283, "column": 3 }
          }
        ]
      },
      "7": {
        "type": "branch",
        "line": 279,
        "loc": {
          "start": { "line": 279, "column": 6 },
          "end": { "line": 282, "column": 5 }
        },
        "locations": [
          {
            "start": { "line": 279, "column": 6 },
            "end": { "line": 282, "column": 5 }
          }
        ]
      },
      "8": {
        "type": "branch",
        "line": 277,
        "loc": {
          "start": { "line": 277, "column": 38 },
          "end": { "line": 277, "column": 78 }
        },
        "locations": [
          {
            "start": { "line": 277, "column": 38 },
            "end": { "line": 277, "column": 78 }
          }
        ]
      },
      "9": {
        "type": "branch",
        "line": 303,
        "loc": {
          "start": { "line": 303, "column": 21 },
          "end": { "line": 317, "column": 3 }
        },
        "locations": [
          {
            "start": { "line": 303, "column": 21 },
            "end": { "line": 317, "column": 3 }
          }
        ]
      },
      "10": {
        "type": "branch",
        "line": 306,
        "loc": {
          "start": { "line": 306, "column": 27 },
          "end": { "line": 308, "column": 7 }
        },
        "locations": [
          {
            "start": { "line": 306, "column": 27 },
            "end": { "line": 308, "column": 7 }
          }
        ]
      },
      "11": {
        "type": "branch",
        "line": 313,
        "loc": {
          "start": { "line": 313, "column": 6 },
          "end": { "line": 316, "column": 5 }
        },
        "locations": [
          {
            "start": { "line": 313, "column": 6 },
            "end": { "line": 316, "column": 5 }
          }
        ]
      },
      "12": {
        "type": "branch",
        "line": 350,
        "loc": {
          "start": { "line": 350, "column": 19 },
          "end": { "line": 367, "column": 3 }
        },
        "locations": [
          {
            "start": { "line": 350, "column": 19 },
            "end": { "line": 367, "column": 3 }
          }
        ]
      },
      "13": {
        "type": "branch",
        "line": 354,
        "loc": {
          "start": { "line": 354, "column": 22 },
          "end": { "line": 356, "column": 7 }
        },
        "locations": [
          {
            "start": { "line": 354, "column": 22 },
            "end": { "line": 356, "column": 7 }
          }
        ]
      },
      "14": {
        "type": "branch",
        "line": 363,
        "loc": {
          "start": { "line": 363, "column": 6 },
          "end": { "line": 366, "column": 5 }
        },
        "locations": [
          {
            "start": { "line": 363, "column": 6 },
            "end": { "line": 366, "column": 5 }
          }
        ]
      },
      "15": {
        "type": "branch",
        "line": 361,
        "loc": {
          "start": { "line": 361, "column": 37 },
          "end": { "line": 361, "column": 77 }
        },
        "locations": [
          {
            "start": { "line": 361, "column": 37 },
            "end": { "line": 361, "column": 77 }
          }
        ]
      },
      "16": {
        "type": "branch",
        "line": 370,
        "loc": {
          "start": { "line": 370, "column": 20 },
          "end": { "line": 384, "column": 3 }
        },
        "locations": [
          {
            "start": { "line": 370, "column": 20 },
            "end": { "line": 384, "column": 3 }
          }
        ]
      },
      "17": {
        "type": "branch",
        "line": 380,
        "loc": {
          "start": { "line": 380, "column": 6 },
          "end": { "line": 383, "column": 5 }
        },
        "locations": [
          {
            "start": { "line": 380, "column": 6 },
            "end": { "line": 383, "column": 5 }
          }
        ]
      }
    },
    "b": {
      "0": [0],
      "1": [0],
      "2": [9],
      "3": [1],
      "4": [1],
      "5": [0],
      "6": [1],
      "7": [0],
      "8": [1],
      "9": [1],
      "10": [0],
      "11": [0],
      "12": [1],
      "13": [0],
      "14": [0],
      "15": [1],
      "16": [1],
      "17": [0]
    },
    "fnMap": {
      "0": {
        "name": "createApp",
        "decl": {
          "start": { "line": 34, "column": 0 },
          "end": { "line": 387, "column": 1 }
        },
        "loc": {
          "start": { "line": 34, "column": 0 },
          "end": { "line": 387, "column": 1 }
        },
        "line": 34
      }
    },
    "f": { "0": 9 }
  }
}
